{"D:\\Projet\\Nouveau dossier\\THETIPTOP_GAME\\frontend\\src\\AppRoutes.jsx": {"path":"D:\\Projet\\Nouveau dossier\\THETIPTOP_GAME\\frontend\\src\\AppRoutes.jsx","statementMap":{"0":{"start":{"line":24,"column":18},"end":{"line":50,"column":1}},"1":{"start":{"line":25,"column":2},"end":{"line":49,"column":4}}},"fnMap":{"0":{"name":"(anonymous_0)","decl":{"start":{"line":24,"column":18},"end":{"line":24,"column":19}},"loc":{"start":{"line":24,"column":24},"end":{"line":50,"column":1}},"line":24}},"branchMap":{},"s":{"0":0,"1":0},"f":{"0":0},"b":{}}
,"D:\\Projet\\Nouveau dossier\\THETIPTOP_GAME\\frontend\\src\\index.jsx": {"path":"D:\\Projet\\Nouveau dossier\\THETIPTOP_GAME\\frontend\\src\\index.jsx","statementMap":{"0":{"start":{"line":7,"column":20},"end":{"line":7,"column":50}},"1":{"start":{"line":9,"column":0},"end":{"line":15,"column":2}}},"fnMap":{},"branchMap":{},"s":{"0":0,"1":0},"f":{},"b":{}}
,"D:\\Projet\\Nouveau dossier\\THETIPTOP_GAME\\frontend\\src\\reportWebVitals.js": {"path":"D:\\Projet\\Nouveau dossier\\THETIPTOP_GAME\\frontend\\src\\reportWebVitals.js","statementMap":{"0":{"start":{"line":1,"column":24},"end":{"line":11,"column":1}},"1":{"start":{"line":2,"column":2},"end":{"line":10,"column":3}},"2":{"start":{"line":3,"column":4},"end":{"line":9,"column":7}},"3":{"start":{"line":4,"column":6},"end":{"line":4,"column":26}},"4":{"start":{"line":5,"column":6},"end":{"line":5,"column":26}},"5":{"start":{"line":6,"column":6},"end":{"line":6,"column":26}},"6":{"start":{"line":7,"column":6},"end":{"line":7,"column":26}},"7":{"start":{"line":8,"column":6},"end":{"line":8,"column":27}}},"fnMap":{"0":{"name":"(anonymous_0)","decl":{"start":{"line":1,"column":24},"end":{"line":1,"column":25}},"loc":{"start":{"line":1,"column":39},"end":{"line":11,"column":1}},"line":1},"1":{"name":"(anonymous_1)","decl":{"start":{"line":3,"column":30},"end":{"line":3,"column":31}},"loc":{"start":{"line":3,"column":79},"end":{"line":9,"column":5}},"line":3}},"branchMap":{"0":{"loc":{"start":{"line":2,"column":2},"end":{"line":10,"column":3}},"type":"if","locations":[{"start":{"line":2,"column":2},"end":{"line":10,"column":3}},{"start":{},"end":{}}],"line":2},"1":{"loc":{"start":{"line":2,"column":6},"end":{"line":2,"column":52}},"type":"binary-expr","locations":[{"start":{"line":2,"column":6},"end":{"line":2,"column":17}},{"start":{"line":2,"column":21},"end":{"line":2,"column":52}}],"line":2}},"s":{"0":0,"1":0,"2":0,"3":0,"4":0,"5":0,"6":0,"7":0},"f":{"0":0,"1":0},"b":{"0":[0,0],"1":[0,0]}}
,"D:\\Projet\\Nouveau dossier\\THETIPTOP_GAME\\frontend\\src\\routes.js": {"path":"D:\\Projet\\Nouveau dossier\\THETIPTOP_GAME\\frontend\\src\\routes.js","statementMap":{"0":{"start":{"line":15,"column":15},"end":{"line":27,"column":1}}},"fnMap":{},"branchMap":{},"s":{"0":0},"f":{},"b":{}}
,"D:\\Projet\\Nouveau dossier\\THETIPTOP_GAME\\frontend\\src\\components\\DashboardLayout.jsx": {"path":"D:\\Projet\\Nouveau dossier\\THETIPTOP_GAME\\frontend\\src\\components\\DashboardLayout.jsx","statementMap":{"0":{"start":{"line":6,"column":24},"end":{"line":119,"column":1}},"1":{"start":{"line":7,"column":21},"end":{"line":7,"column":34}},"2":{"start":{"line":10,"column":25},"end":{"line":10,"column":38}},"3":{"start":{"line":11,"column":27},"end":{"line":11,"column":42}},"4":{"start":{"line":12,"column":28},"end":{"line":12,"column":64}},"5":{"start":{"line":13,"column":26},"end":{"line":13,"column":50}},"6":{"start":{"line":14,"column":16},"end":{"line":14,"column":33}},"7":{"start":{"line":15,"column":19},"end":{"line":15,"column":21}},"8":{"start":{"line":17,"column":4},"end":{"line":57,"column":5}},"9":{"start":{"line":19,"column":12},"end":{"line":19,"column":43}},"10":{"start":{"line":20,"column":12},"end":{"line":20,"column":47}},"11":{"start":{"line":21,"column":12},"end":{"line":21,"column":69}},"12":{"start":{"line":22,"column":12},"end":{"line":22,"column":55}},"13":{"start":{"line":23,"column":12},"end":{"line":23,"column":44}},"14":{"start":{"line":24,"column":12},"end":{"line":29,"column":14}},"15":{"start":{"line":30,"column":12},"end":{"line":30,"column":18}},"16":{"start":{"line":32,"column":12},"end":{"line":32,"column":43}},"17":{"start":{"line":33,"column":12},"end":{"line":33,"column":47}},"18":{"start":{"line":34,"column":12},"end":{"line":34,"column":69}},"19":{"start":{"line":35,"column":12},"end":{"line":35,"column":55}},"20":{"start":{"line":36,"column":12},"end":{"line":36,"column":41}},"21":{"start":{"line":37,"column":12},"end":{"line":40,"column":14}},"22":{"start":{"line":41,"column":12},"end":{"line":41,"column":18}},"23":{"start":{"line":43,"column":12},"end":{"line":43,"column":45}},"24":{"start":{"line":44,"column":12},"end":{"line":44,"column":49}},"25":{"start":{"line":45,"column":12},"end":{"line":45,"column":71}},"26":{"start":{"line":46,"column":12},"end":{"line":46,"column":57}},"27":{"start":{"line":47,"column":12},"end":{"line":47,"column":37}},"28":{"start":{"line":48,"column":12},"end":{"line":52,"column":14}},"29":{"start":{"line":53,"column":12},"end":{"line":53,"column":18}},"30":{"start":{"line":56,"column":12},"end":{"line":56,"column":18}},"31":{"start":{"line":59,"column":25},"end":{"line":64,"column":5}},"32":{"start":{"line":60,"column":8},"end":{"line":60,"column":41}},"33":{"start":{"line":62,"column":8},"end":{"line":62,"column":27}},"34":{"start":{"line":67,"column":21},"end":{"line":70,"column":5}},"35":{"start":{"line":69,"column":8},"end":{"line":69,"column":49}},"36":{"start":{"line":72,"column":4},"end":{"line":118,"column":6}},"37":{"start":{"line":81,"column":24},"end":{"line":88,"column":31}}},"fnMap":{"0":{"name":"(anonymous_0)","decl":{"start":{"line":6,"column":24},"end":{"line":6,"column":25}},"loc":{"start":{"line":6,"column":52},"end":{"line":119,"column":1}},"line":6},"1":{"name":"(anonymous_1)","decl":{"start":{"line":59,"column":25},"end":{"line":59,"column":26}},"loc":{"start":{"line":59,"column":31},"end":{"line":64,"column":5}},"line":59},"2":{"name":"(anonymous_2)","decl":{"start":{"line":67,"column":21},"end":{"line":67,"column":22}},"loc":{"start":{"line":67,"column":31},"end":{"line":70,"column":5}},"line":67},"3":{"name":"(anonymous_3)","decl":{"start":{"line":80,"column":34},"end":{"line":80,"column":35}},"loc":{"start":{"line":81,"column":24},"end":{"line":88,"column":31}},"line":81}},"branchMap":{"0":{"loc":{"start":{"line":17,"column":4},"end":{"line":57,"column":5}},"type":"switch","locations":[{"start":{"line":18,"column":8},"end":{"line":30,"column":18}},{"start":{"line":31,"column":8},"end":{"line":41,"column":18}},{"start":{"line":42,"column":8},"end":{"line":53,"column":18}},{"start":{"line":54,"column":8},"end":{"line":56,"column":18}}],"line":17},"1":{"loc":{"start":{"line":84,"column":124},"end":{"line":84,"column":166}},"type":"cond-expr","locations":[{"start":{"line":84,"column":146},"end":{"line":84,"column":161}},{"start":{"line":84,"column":164},"end":{"line":84,"column":166}}],"line":84}},"s":{"0":0,"1":0,"2":0,"3":0,"4":0,"5":0,"6":0,"7":0,"8":0,"9":0,"10":0,"11":0,"12":0,"13":0,"14":0,"15":0,"16":0,"17":0,"18":0,"19":0,"20":0,"21":0,"22":0,"23":0,"24":0,"25":0,"26":0,"27":0,"28":0,"29":0,"30":0,"31":0,"32":0,"33":0,"34":0,"35":0,"36":0,"37":0},"f":{"0":0,"1":0,"2":0,"3":0},"b":{"0":[0,0,0,0],"1":[0,0]}}
,"D:\\Projet\\Nouveau dossier\\THETIPTOP_GAME\\frontend\\src\\components\\Footer.jsx": {"path":"D:\\Projet\\Nouveau dossier\\THETIPTOP_GAME\\frontend\\src\\components\\Footer.jsx","statementMap":{"0":{"start":{"line":11,"column":22},"end":{"line":24,"column":1}},"1":{"start":{"line":12,"column":2},"end":{"line":23,"column":8}},"2":{"start":{"line":26,"column":15},"end":{"line":122,"column":1}},"3":{"start":{"line":27,"column":40},"end":{"line":27,"column":54}},"4":{"start":{"line":28,"column":38},"end":{"line":28,"column":53}},"5":{"start":{"line":31,"column":2},"end":{"line":41,"column":9}},"6":{"start":{"line":32,"column":18},"end":{"line":32,"column":47}},"7":{"start":{"line":33,"column":4},"end":{"line":33,"column":27}},"8":{"start":{"line":34,"column":32},"end":{"line":34,"column":84}},"9":{"start":{"line":34,"column":38},"end":{"line":34,"column":84}},"10":{"start":{"line":35,"column":4},"end":{"line":35,"column":60}},"11":{"start":{"line":36,"column":4},"end":{"line":36,"column":58}},"12":{"start":{"line":37,"column":4},"end":{"line":40,"column":6}},"13":{"start":{"line":38,"column":8},"end":{"line":38,"column":67}},"14":{"start":{"line":39,"column":8},"end":{"line":39,"column":65}},"15":{"start":{"line":43,"column":23},"end":{"line":45,"column":3}},"16":{"start":{"line":44,"column":4},"end":{"line":44,"column":67}},"17":{"start":{"line":48,"column":2},"end":{"line":50,"column":3}},"18":{"start":{"line":49,"column":4},"end":{"line":49,"column":16}},"19":{"start":{"line":53,"column":2},"end":{"line":121,"column":4}},"20":{"start":{"line":65,"column":94},"end":{"line":65,"column":117}},"21":{"start":{"line":77,"column":101},"end":{"line":77,"column":122}},"22":{"start":{"line":85,"column":93},"end":{"line":85,"column":112}},"23":{"start":{"line":95,"column":100},"end":{"line":95,"column":126}}},"fnMap":{"0":{"name":"(anonymous_0)","decl":{"start":{"line":11,"column":22},"end":{"line":11,"column":23}},"loc":{"start":{"line":12,"column":2},"end":{"line":23,"column":8}},"line":12},"1":{"name":"(anonymous_1)","decl":{"start":{"line":26,"column":15},"end":{"line":26,"column":16}},"loc":{"start":{"line":26,"column":21},"end":{"line":122,"column":1}},"line":26},"2":{"name":"(anonymous_2)","decl":{"start":{"line":31,"column":12},"end":{"line":31,"column":13}},"loc":{"start":{"line":31,"column":18},"end":{"line":41,"column":3}},"line":31},"3":{"name":"(anonymous_3)","decl":{"start":{"line":34,"column":32},"end":{"line":34,"column":33}},"loc":{"start":{"line":34,"column":38},"end":{"line":34,"column":84}},"line":34},"4":{"name":"(anonymous_4)","decl":{"start":{"line":37,"column":11},"end":{"line":37,"column":12}},"loc":{"start":{"line":37,"column":17},"end":{"line":40,"column":5}},"line":37},"5":{"name":"(anonymous_5)","decl":{"start":{"line":43,"column":23},"end":{"line":43,"column":24}},"loc":{"start":{"line":43,"column":39},"end":{"line":45,"column":3}},"line":43},"6":{"name":"(anonymous_6)","decl":{"start":{"line":65,"column":88},"end":{"line":65,"column":89}},"loc":{"start":{"line":65,"column":94},"end":{"line":65,"column":117}},"line":65},"7":{"name":"(anonymous_7)","decl":{"start":{"line":77,"column":95},"end":{"line":77,"column":96}},"loc":{"start":{"line":77,"column":101},"end":{"line":77,"column":122}},"line":77},"8":{"name":"(anonymous_8)","decl":{"start":{"line":85,"column":87},"end":{"line":85,"column":88}},"loc":{"start":{"line":85,"column":93},"end":{"line":85,"column":112}},"line":85},"9":{"name":"(anonymous_9)","decl":{"start":{"line":95,"column":94},"end":{"line":95,"column":95}},"loc":{"start":{"line":95,"column":100},"end":{"line":95,"column":126}},"line":95}},"branchMap":{"0":{"loc":{"start":{"line":18,"column":43},"end":{"line":18,"column":61}},"type":"cond-expr","locations":[{"start":{"line":18,"column":52},"end":{"line":18,"column":55}},{"start":{"line":18,"column":58},"end":{"line":18,"column":61}}],"line":18},"1":{"loc":{"start":{"line":20,"column":23},"end":{"line":20,"column":50}},"type":"cond-expr","locations":[{"start":{"line":20,"column":32},"end":{"line":20,"column":39}},{"start":{"line":20,"column":42},"end":{"line":20,"column":50}}],"line":20},"2":{"loc":{"start":{"line":44,"column":19},"end":{"line":44,"column":65}},"type":"cond-expr","locations":[{"start":{"line":44,"column":48},"end":{"line":44,"column":52}},{"start":{"line":44,"column":55},"end":{"line":44,"column":65}}],"line":44},"3":{"loc":{"start":{"line":48,"column":2},"end":{"line":50,"column":3}},"type":"if","locations":[{"start":{"line":48,"column":2},"end":{"line":50,"column":3}},{"start":{},"end":{}}],"line":48}},"s":{"0":0,"1":0,"2":0,"3":0,"4":0,"5":0,"6":0,"7":0,"8":0,"9":0,"10":0,"11":0,"12":0,"13":0,"14":0,"15":0,"16":0,"17":0,"18":0,"19":0,"20":0,"21":0,"22":0,"23":0},"f":{"0":0,"1":0,"2":0,"3":0,"4":0,"5":0,"6":0,"7":0,"8":0,"9":0},"b":{"0":[0,0],"1":[0,0],"2":[0,0],"3":[0,0]}}
,"D:\\Projet\\Nouveau dossier\\THETIPTOP_GAME\\frontend\\src\\components\\Header.jsx": {"path":"D:\\Projet\\Nouveau dossier\\THETIPTOP_GAME\\frontend\\src\\components\\Header.jsx","statementMap":{"0":{"start":{"line":4,"column":17},"end":{"line":8,"column":1}},"1":{"start":{"line":5,"column":2},"end":{"line":7,"column":8}},"2":{"start":{"line":10,"column":15},"end":{"line":138,"column":1}},"3":{"start":{"line":11,"column":50},"end":{"line":11,"column":65}},"4":{"start":{"line":12,"column":38},"end":{"line":12,"column":53}},"5":{"start":{"line":13,"column":34},"end":{"line":13,"column":48}},"6":{"start":{"line":14,"column":19},"end":{"line":14,"column":32}},"7":{"start":{"line":15,"column":19},"end":{"line":15,"column":32}},"8":{"start":{"line":18,"column":2},"end":{"line":49,"column":36}},"9":{"start":{"line":19,"column":18},"end":{"line":19,"column":47}},"10":{"start":{"line":20,"column":17},"end":{"line":20,"column":49}},"11":{"start":{"line":21,"column":4},"end":{"line":21,"column":27}},"12":{"start":{"line":22,"column":4},"end":{"line":22,"column":22}},"13":{"start":{"line":25,"column":4},"end":{"line":35,"column":5}},"14":{"start":{"line":26,"column":6},"end":{"line":26,"column":52}},"15":{"start":{"line":27,"column":17},"end":{"line":27,"column":35}},"16":{"start":{"line":28,"column":6},"end":{"line":29,"column":64}},"17":{"start":{"line":28,"column":28},"end":{"line":28,"column":53}},"18":{"start":{"line":29,"column":11},"end":{"line":29,"column":64}},"19":{"start":{"line":29,"column":36},"end":{"line":29,"column":64}},"20":{"start":{"line":31,"column":6},"end":{"line":31,"column":21}},"21":{"start":{"line":32,"column":6},"end":{"line":34,"column":14}},"22":{"start":{"line":33,"column":8},"end":{"line":33,"column":33}},"23":{"start":{"line":37,"column":32},"end":{"line":40,"column":5}},"24":{"start":{"line":38,"column":6},"end":{"line":38,"column":53}},"25":{"start":{"line":39,"column":6},"end":{"line":39,"column":52}},"26":{"start":{"line":42,"column":4},"end":{"line":42,"column":60}},"27":{"start":{"line":43,"column":4},"end":{"line":43,"column":58}},"28":{"start":{"line":45,"column":4},"end":{"line":48,"column":6}},"29":{"start":{"line":46,"column":6},"end":{"line":46,"column":65}},"30":{"start":{"line":47,"column":6},"end":{"line":47,"column":63}},"31":{"start":{"line":51,"column":26},"end":{"line":51,"column":58}},"32":{"start":{"line":51,"column":32},"end":{"line":51,"column":58}},"33":{"start":{"line":53,"column":29},"end":{"line":62,"column":3}},"34":{"start":{"line":54,"column":15},"end":{"line":54,"column":33}},"35":{"start":{"line":55,"column":4},"end":{"line":56,"column":66}},"36":{"start":{"line":55,"column":30},"end":{"line":55,"column":55}},"37":{"start":{"line":56,"column":9},"end":{"line":56,"column":66}},"38":{"start":{"line":56,"column":38},"end":{"line":56,"column":66}},"39":{"start":{"line":58,"column":4},"end":{"line":58,"column":19}},"40":{"start":{"line":59,"column":4},"end":{"line":61,"column":12}},"41":{"start":{"line":60,"column":6},"end":{"line":60,"column":31}},"42":{"start":{"line":64,"column":19},"end":{"line":64,"column":53}},"43":{"start":{"line":65,"column":26},"end":{"line":65,"column":47}},"44":{"start":{"line":67,"column":2},"end":{"line":137,"column":4}},"45":{"start":{"line":98,"column":33},"end":{"line":98,"column":71}},"46":{"start":{"line":114,"column":43},"end":{"line":114,"column":61}},"47":{"start":{"line":114,"column":62},"end":{"line":114,"column":83}},"48":{"start":{"line":123,"column":41},"end":{"line":123,"column":59}},"49":{"start":{"line":123,"column":60},"end":{"line":123,"column":81}}},"fnMap":{"0":{"name":"(anonymous_0)","decl":{"start":{"line":4,"column":17},"end":{"line":4,"column":18}},"loc":{"start":{"line":5,"column":2},"end":{"line":7,"column":8}},"line":5},"1":{"name":"(anonymous_1)","decl":{"start":{"line":10,"column":15},"end":{"line":10,"column":16}},"loc":{"start":{"line":10,"column":21},"end":{"line":138,"column":1}},"line":10},"2":{"name":"(anonymous_2)","decl":{"start":{"line":18,"column":12},"end":{"line":18,"column":13}},"loc":{"start":{"line":18,"column":18},"end":{"line":49,"column":3}},"line":18},"3":{"name":"(anonymous_3)","decl":{"start":{"line":32,"column":17},"end":{"line":32,"column":18}},"loc":{"start":{"line":32,"column":23},"end":{"line":34,"column":7}},"line":32},"4":{"name":"(anonymous_4)","decl":{"start":{"line":37,"column":32},"end":{"line":37,"column":33}},"loc":{"start":{"line":37,"column":38},"end":{"line":40,"column":5}},"line":37},"5":{"name":"(anonymous_5)","decl":{"start":{"line":45,"column":11},"end":{"line":45,"column":12}},"loc":{"start":{"line":45,"column":17},"end":{"line":48,"column":5}},"line":45},"6":{"name":"(anonymous_6)","decl":{"start":{"line":51,"column":26},"end":{"line":51,"column":27}},"loc":{"start":{"line":51,"column":32},"end":{"line":51,"column":58}},"line":51},"7":{"name":"(anonymous_7)","decl":{"start":{"line":53,"column":29},"end":{"line":53,"column":30}},"loc":{"start":{"line":53,"column":35},"end":{"line":62,"column":3}},"line":53},"8":{"name":"(anonymous_8)","decl":{"start":{"line":59,"column":15},"end":{"line":59,"column":16}},"loc":{"start":{"line":59,"column":21},"end":{"line":61,"column":5}},"line":59},"9":{"name":"(anonymous_9)","decl":{"start":{"line":98,"column":27},"end":{"line":98,"column":28}},"loc":{"start":{"line":98,"column":33},"end":{"line":98,"column":71}},"line":98},"10":{"name":"(anonymous_10)","decl":{"start":{"line":114,"column":35},"end":{"line":114,"column":36}},"loc":{"start":{"line":114,"column":41},"end":{"line":114,"column":85}},"line":114},"11":{"name":"(anonymous_11)","decl":{"start":{"line":123,"column":33},"end":{"line":123,"column":34}},"loc":{"start":{"line":123,"column":39},"end":{"line":123,"column":83}},"line":123}},"branchMap":{"0":{"loc":{"start":{"line":25,"column":4},"end":{"line":35,"column":5}},"type":"if","locations":[{"start":{"line":25,"column":4},"end":{"line":35,"column":5}},{"start":{},"end":{}}],"line":25},"1":{"loc":{"start":{"line":25,"column":8},"end":{"line":25,"column":107}},"type":"binary-expr","locations":[{"start":{"line":25,"column":8},"end":{"line":25,"column":13}},{"start":{"line":25,"column":17},"end":{"line":25,"column":21}},{"start":{"line":25,"column":25},"end":{"line":25,"column":65}},{"start":{"line":25,"column":69},"end":{"line":25,"column":107}}],"line":25},"2":{"loc":{"start":{"line":28,"column":6},"end":{"line":29,"column":64}},"type":"if","locations":[{"start":{"line":28,"column":6},"end":{"line":29,"column":64}},{"start":{"line":29,"column":11},"end":{"line":29,"column":64}}],"line":28},"3":{"loc":{"start":{"line":29,"column":11},"end":{"line":29,"column":64}},"type":"if","locations":[{"start":{"line":29,"column":11},"end":{"line":29,"column":64}},{"start":{},"end":{}}],"line":29},"4":{"loc":{"start":{"line":55,"column":4},"end":{"line":56,"column":66}},"type":"if","locations":[{"start":{"line":55,"column":4},"end":{"line":56,"column":66}},{"start":{"line":56,"column":9},"end":{"line":56,"column":66}}],"line":55},"5":{"loc":{"start":{"line":56,"column":9},"end":{"line":56,"column":66}},"type":"if","locations":[{"start":{"line":56,"column":9},"end":{"line":56,"column":66}},{"start":{},"end":{}}],"line":56},"6":{"loc":{"start":{"line":64,"column":19},"end":{"line":64,"column":53}},"type":"binary-expr","locations":[{"start":{"line":64,"column":19},"end":{"line":64,"column":40}},{"start":{"line":64,"column":44},"end":{"line":64,"column":53}}],"line":64},"7":{"loc":{"start":{"line":76,"column":11},"end":{"line":81,"column":11}},"type":"binary-expr","locations":[{"start":{"line":76,"column":11},"end":{"line":76,"column":21}},{"start":{"line":77,"column":12},"end":{"line":80,"column":15}}],"line":76},"8":{"loc":{"start":{"line":78,"column":15},"end":{"line":78,"column":143}},"type":"binary-expr","locations":[{"start":{"line":78,"column":15},"end":{"line":78,"column":23}},{"start":{"line":78,"column":27},"end":{"line":78,"column":143}}],"line":78},"9":{"loc":{"start":{"line":82,"column":11},"end":{"line":82,"column":143}},"type":"binary-expr","locations":[{"start":{"line":82,"column":11},"end":{"line":82,"column":26}},{"start":{"line":82,"column":30},"end":{"line":82,"column":143}}],"line":82},"10":{"loc":{"start":{"line":84,"column":11},"end":{"line":94,"column":11}},"type":"cond-expr","locations":[{"start":{"line":85,"column":12},"end":{"line":89,"column":17}},{"start":{"line":91,"column":12},"end":{"line":93,"column":17}}],"line":84},"11":{"loc":{"start":{"line":100,"column":68},"end":{"line":100,"column":136}},"type":"cond-expr","locations":[{"start":{"line":100,"column":87},"end":{"line":100,"column":109}},{"start":{"line":100,"column":112},"end":{"line":100,"column":136}}],"line":100},"12":{"loc":{"start":{"line":106,"column":7},"end":{"line":135,"column":7}},"type":"binary-expr","locations":[{"start":{"line":106,"column":7},"end":{"line":106,"column":23}},{"start":{"line":107,"column":8},"end":{"line":134,"column":14}}],"line":106},"13":{"loc":{"start":{"line":110,"column":13},"end":{"line":117,"column":13}},"type":"binary-expr","locations":[{"start":{"line":110,"column":13},"end":{"line":110,"column":23}},{"start":{"line":111,"column":14},"end":{"line":116,"column":17}}],"line":110},"14":{"loc":{"start":{"line":112,"column":17},"end":{"line":112,"column":145}},"type":"binary-expr","locations":[{"start":{"line":112,"column":17},"end":{"line":112,"column":25}},{"start":{"line":112,"column":29},"end":{"line":112,"column":145}}],"line":112},"15":{"loc":{"start":{"line":118,"column":13},"end":{"line":120,"column":13}},"type":"binary-expr","locations":[{"start":{"line":118,"column":13},"end":{"line":118,"column":28}},{"start":{"line":119,"column":14},"end":{"line":119,"column":135}}],"line":118},"16":{"loc":{"start":{"line":121,"column":13},"end":{"line":132,"column":13}},"type":"cond-expr","locations":[{"start":{"line":122,"column":14},"end":{"line":127,"column":19}},{"start":{"line":129,"column":14},"end":{"line":131,"column":19}}],"line":121}},"s":{"0":0,"1":0,"2":0,"3":0,"4":0,"5":0,"6":0,"7":0,"8":0,"9":0,"10":0,"11":0,"12":0,"13":0,"14":0,"15":0,"16":0,"17":0,"18":0,"19":0,"20":0,"21":0,"22":0,"23":0,"24":0,"25":0,"26":0,"27":0,"28":0,"29":0,"30":0,"31":0,"32":0,"33":0,"34":0,"35":0,"36":0,"37":0,"38":0,"39":0,"40":0,"41":0,"42":0,"43":0,"44":0,"45":0,"46":0,"47":0,"48":0,"49":0},"f":{"0":0,"1":0,"2":0,"3":0,"4":0,"5":0,"6":0,"7":0,"8":0,"9":0,"10":0,"11":0},"b":{"0":[0,0],"1":[0,0,0,0],"2":[0,0],"3":[0,0],"4":[0,0],"5":[0,0],"6":[0,0],"7":[0,0],"8":[0,0],"9":[0,0],"10":[0,0],"11":[0,0],"12":[0,0],"13":[0,0],"14":[0,0],"15":[0,0],"16":[0,0]}}
,"D:\\Projet\\Nouveau dossier\\THETIPTOP_GAME\\frontend\\src\\components\\PrizeDistributionChart.jsx": {"path":"D:\\Projet\\Nouveau dossier\\THETIPTOP_GAME\\frontend\\src\\components\\PrizeDistributionChart.jsx","statementMap":{"0":{"start":{"line":11,"column":15},"end":{"line":18,"column":1}},"1":{"start":{"line":20,"column":31},"end":{"line":74,"column":1}},"2":{"start":{"line":22,"column":20},"end":{"line":27,"column":5}},"3":{"start":{"line":22,"column":73},"end":{"line":27,"column":3}},"4":{"start":{"line":30,"column":24},"end":{"line":46,"column":3}},"5":{"start":{"line":31,"column":4},"end":{"line":44,"column":5}},"6":{"start":{"line":32,"column":19},"end":{"line":32,"column":37}},"7":{"start":{"line":33,"column":6},"end":{"line":43,"column":8}},"8":{"start":{"line":45,"column":4},"end":{"line":45,"column":16}},"9":{"start":{"line":48,"column":2},"end":{"line":73,"column":4}},"10":{"start":{"line":61,"column":14},"end":{"line":61,"column":54}},"11":{"start":{"line":65,"column":14},"end":{"line":65,"column":63}}},"fnMap":{"0":{"name":"(anonymous_0)","decl":{"start":{"line":20,"column":31},"end":{"line":20,"column":32}},"loc":{"start":{"line":20,"column":45},"end":{"line":74,"column":1}},"line":20},"1":{"name":"(anonymous_1)","decl":{"start":{"line":22,"column":45},"end":{"line":22,"column":46}},"loc":{"start":{"line":22,"column":73},"end":{"line":27,"column":3}},"line":22},"2":{"name":"(anonymous_2)","decl":{"start":{"line":30,"column":24},"end":{"line":30,"column":25}},"loc":{"start":{"line":30,"column":49},"end":{"line":46,"column":3}},"line":30},"3":{"name":"(anonymous_3)","decl":{"start":{"line":60,"column":19},"end":{"line":60,"column":20}},"loc":{"start":{"line":61,"column":14},"end":{"line":61,"column":54}},"line":61},"4":{"name":"(anonymous_4)","decl":{"start":{"line":64,"column":27},"end":{"line":64,"column":28}},"loc":{"start":{"line":65,"column":14},"end":{"line":65,"column":63}},"line":65}},"branchMap":{"0":{"loc":{"start":{"line":31,"column":4},"end":{"line":44,"column":5}},"type":"if","locations":[{"start":{"line":31,"column":4},"end":{"line":44,"column":5}},{"start":{},"end":{}}],"line":31},"1":{"loc":{"start":{"line":31,"column":8},"end":{"line":31,"column":43}},"type":"binary-expr","locations":[{"start":{"line":31,"column":8},"end":{"line":31,"column":14}},{"start":{"line":31,"column":18},"end":{"line":31,"column":25}},{"start":{"line":31,"column":29},"end":{"line":31,"column":43}}],"line":31}},"s":{"0":0,"1":0,"2":0,"3":0,"4":0,"5":0,"6":0,"7":0,"8":0,"9":0,"10":0,"11":0},"f":{"0":0,"1":0,"2":0,"3":0,"4":0},"b":{"0":[0,0],"1":[0,0,0]}}
,"D:\\Projet\\Nouveau dossier\\THETIPTOP_GAME\\frontend\\src\\components\\ProtectedRoute.jsx": {"path":"D:\\Projet\\Nouveau dossier\\THETIPTOP_GAME\\frontend\\src\\components\\ProtectedRoute.jsx","statementMap":{"0":{"start":{"line":4,"column":23},"end":{"line":18,"column":1}},"1":{"start":{"line":5,"column":16},"end":{"line":5,"column":45}},"2":{"start":{"line":7,"column":2},"end":{"line":13,"column":3}},"3":{"start":{"line":11,"column":4},"end":{"line":11,"column":73}},"4":{"start":{"line":12,"column":4},"end":{"line":12,"column":44}},"5":{"start":{"line":17,"column":2},"end":{"line":17,"column":42}}},"fnMap":{"0":{"name":"(anonymous_0)","decl":{"start":{"line":4,"column":23},"end":{"line":4,"column":24}},"loc":{"start":{"line":4,"column":41},"end":{"line":18,"column":1}},"line":4}},"branchMap":{"0":{"loc":{"start":{"line":7,"column":2},"end":{"line":13,"column":3}},"type":"if","locations":[{"start":{"line":7,"column":2},"end":{"line":13,"column":3}},{"start":{},"end":{}}],"line":7},"1":{"loc":{"start":{"line":17,"column":9},"end":{"line":17,"column":41}},"type":"cond-expr","locations":[{"start":{"line":17,"column":20},"end":{"line":17,"column":28}},{"start":{"line":17,"column":31},"end":{"line":17,"column":41}}],"line":17}},"s":{"0":0,"1":0,"2":0,"3":0,"4":0,"5":0},"f":{"0":0},"b":{"0":[0,0],"1":[0,0]}}
,"D:\\Projet\\Nouveau dossier\\THETIPTOP_GAME\\frontend\\src\\components\\StaticPageLayout.jsx": {"path":"D:\\Projet\\Nouveau dossier\\THETIPTOP_GAME\\frontend\\src\\components\\StaticPageLayout.jsx","statementMap":{"0":{"start":{"line":4,"column":25},"end":{"line":18,"column":1}},"1":{"start":{"line":5,"column":2},"end":{"line":17,"column":4}}},"fnMap":{"0":{"name":"(anonymous_0)","decl":{"start":{"line":4,"column":25},"end":{"line":4,"column":26}},"loc":{"start":{"line":4,"column":50},"end":{"line":18,"column":1}},"line":4}},"branchMap":{},"s":{"0":0,"1":0},"f":{"0":0},"b":{}}
,"D:\\Projet\\Nouveau dossier\\THETIPTOP_GAME\\frontend\\src\\components\\TicketUsageChart.jsx": {"path":"D:\\Projet\\Nouveau dossier\\THETIPTOP_GAME\\frontend\\src\\components\\TicketUsageChart.jsx","statementMap":{"0":{"start":{"line":13,"column":25},"end":{"line":74,"column":1}},"1":{"start":{"line":19,"column":15},"end":{"line":30,"column":3}},"2":{"start":{"line":33,"column":24},"end":{"line":50,"column":3}},"3":{"start":{"line":34,"column":4},"end":{"line":48,"column":5}},"4":{"start":{"line":35,"column":6},"end":{"line":47,"column":8}},"5":{"start":{"line":49,"column":4},"end":{"line":49,"column":16}},"6":{"start":{"line":52,"column":2},"end":{"line":73,"column":4}}},"fnMap":{"0":{"name":"(anonymous_0)","decl":{"start":{"line":13,"column":25},"end":{"line":13,"column":26}},"loc":{"start":{"line":18,"column":6},"end":{"line":74,"column":1}},"line":18},"1":{"name":"(anonymous_1)","decl":{"start":{"line":33,"column":24},"end":{"line":33,"column":25}},"loc":{"start":{"line":33,"column":49},"end":{"line":50,"column":3}},"line":33}},"branchMap":{"0":{"loc":{"start":{"line":22,"column":13},"end":{"line":22,"column":29}},"type":"binary-expr","locations":[{"start":{"line":22,"column":13},"end":{"line":22,"column":24}},{"start":{"line":22,"column":28},"end":{"line":22,"column":29}}],"line":22},"1":{"loc":{"start":{"line":23,"column":13},"end":{"line":23,"column":27}},"type":"binary-expr","locations":[{"start":{"line":23,"column":13},"end":{"line":23,"column":22}},{"start":{"line":23,"column":26},"end":{"line":23,"column":27}}],"line":23},"2":{"loc":{"start":{"line":27,"column":13},"end":{"line":27,"column":31}},"type":"binary-expr","locations":[{"start":{"line":27,"column":13},"end":{"line":27,"column":26}},{"start":{"line":27,"column":30},"end":{"line":27,"column":31}}],"line":27},"3":{"loc":{"start":{"line":28,"column":13},"end":{"line":28,"column":29}},"type":"binary-expr","locations":[{"start":{"line":28,"column":13},"end":{"line":28,"column":24}},{"start":{"line":28,"column":28},"end":{"line":28,"column":29}}],"line":28},"4":{"loc":{"start":{"line":34,"column":4},"end":{"line":48,"column":5}},"type":"if","locations":[{"start":{"line":34,"column":4},"end":{"line":48,"column":5}},{"start":{},"end":{}}],"line":34},"5":{"loc":{"start":{"line":34,"column":8},"end":{"line":34,"column":43}},"type":"binary-expr","locations":[{"start":{"line":34,"column":8},"end":{"line":34,"column":14}},{"start":{"line":34,"column":18},"end":{"line":34,"column":25}},{"start":{"line":34,"column":29},"end":{"line":34,"column":43}}],"line":34}},"s":{"0":0,"1":0,"2":0,"3":0,"4":0,"5":0,"6":0},"f":{"0":0,"1":0},"b":{"0":[0,0],"1":[0,0],"2":[0,0],"3":[0,0],"4":[0,0],"5":[0,0,0]}}
,"D:\\Projet\\Nouveau dossier\\THETIPTOP_GAME\\frontend\\src\\components\\UserActivityChart.jsx": {"path":"D:\\Projet\\Nouveau dossier\\THETIPTOP_GAME\\frontend\\src\\components\\UserActivityChart.jsx","statementMap":{"0":{"start":{"line":13,"column":26},"end":{"line":73,"column":1}},"1":{"start":{"line":15,"column":31},"end":{"line":35,"column":3}},"2":{"start":{"line":16,"column":25},"end":{"line":16,"column":46}},"3":{"start":{"line":17,"column":19},"end":{"line":17,"column":21}},"4":{"start":{"line":19,"column":4},"end":{"line":32,"column":5}},"5":{"start":{"line":19,"column":17},"end":{"line":19,"column":18}},"6":{"start":{"line":20,"column":20},"end":{"line":20,"column":30}},"7":{"start":{"line":21,"column":6},"end":{"line":21,"column":39}},"8":{"start":{"line":25,"column":24},"end":{"line":25,"column":75}},"9":{"start":{"line":27,"column":6},"end":{"line":31,"column":9}},"10":{"start":{"line":34,"column":4},"end":{"line":34,"column":18}},"11":{"start":{"line":37,"column":15},"end":{"line":37,"column":37}},"12":{"start":{"line":39,"column":2},"end":{"line":72,"column":4}}},"fnMap":{"0":{"name":"(anonymous_0)","decl":{"start":{"line":13,"column":26},"end":{"line":13,"column":27}},"loc":{"start":{"line":13,"column":41},"end":{"line":73,"column":1}},"line":13},"1":{"name":"(anonymous_1)","decl":{"start":{"line":15,"column":31},"end":{"line":15,"column":32}},"loc":{"start":{"line":15,"column":37},"end":{"line":35,"column":3}},"line":15}},"branchMap":{},"s":{"0":0,"1":0,"2":0,"3":0,"4":0,"5":0,"6":0,"7":0,"8":0,"9":0,"10":0,"11":0,"12":0},"f":{"0":0,"1":0},"b":{}}
,"D:\\Projet\\Nouveau dossier\\THETIPTOP_GAME\\frontend\\src\\pages\\Home.jsx": {"path":"D:\\Projet\\Nouveau dossier\\THETIPTOP_GAME\\frontend\\src\\pages\\Home.jsx","statementMap":{"0":{"start":{"line":4,"column":13},"end":{"line":70,"column":1}},"1":{"start":{"line":5,"column":17},"end":{"line":11,"column":3}},"2":{"start":{"line":13,"column":2},"end":{"line":69,"column":4}},"3":{"start":{"line":52,"column":16},"end":{"line":62,"column":22}}},"fnMap":{"0":{"name":"(anonymous_0)","decl":{"start":{"line":4,"column":13},"end":{"line":4,"column":14}},"loc":{"start":{"line":4,"column":19},"end":{"line":70,"column":1}},"line":4},"1":{"name":"(anonymous_1)","decl":{"start":{"line":51,"column":26},"end":{"line":51,"column":27}},"loc":{"start":{"line":52,"column":16},"end":{"line":62,"column":22}},"line":52}},"branchMap":{},"s":{"0":1,"1":3,"2":3,"3":15},"f":{"0":3,"1":15},"b":{},"_coverageSchema":"1a1c01bbd47fc00a2c39e90264f33305004495a9","hash":"42e4c59fc6308812fd1b011bdfd5b33c943ed2d1"}
,"D:\\Projet\\Nouveau dossier\\THETIPTOP_GAME\\frontend\\src\\pages\\About\\About.jsx": {"path":"D:\\Projet\\Nouveau dossier\\THETIPTOP_GAME\\frontend\\src\\pages\\About\\About.jsx","statementMap":{"0":{"start":{"line":4,"column":14},"end":{"line":48,"column":1}},"1":{"start":{"line":5,"column":2},"end":{"line":47,"column":4}}},"fnMap":{"0":{"name":"(anonymous_0)","decl":{"start":{"line":4,"column":14},"end":{"line":4,"column":15}},"loc":{"start":{"line":4,"column":20},"end":{"line":48,"column":1}},"line":4}},"branchMap":{},"s":{"0":0,"1":0},"f":{"0":0},"b":{}}
,"D:\\Projet\\Nouveau dossier\\THETIPTOP_GAME\\frontend\\src\\pages\\Confidentialite\\Cgu.jsx": {"path":"D:\\Projet\\Nouveau dossier\\THETIPTOP_GAME\\frontend\\src\\pages\\Confidentialite\\Cgu.jsx","statementMap":{"0":{"start":{"line":5,"column":12},"end":{"line":22,"column":1}},"1":{"start":{"line":6,"column":2},"end":{"line":21,"column":4}}},"fnMap":{"0":{"name":"(anonymous_0)","decl":{"start":{"line":5,"column":12},"end":{"line":5,"column":13}},"loc":{"start":{"line":5,"column":18},"end":{"line":22,"column":1}},"line":5}},"branchMap":{},"s":{"0":0,"1":0},"f":{"0":0},"b":{}}
,"D:\\Projet\\Nouveau dossier\\THETIPTOP_GAME\\frontend\\src\\pages\\Confidentialite\\Cgv.jsx": {"path":"D:\\Projet\\Nouveau dossier\\THETIPTOP_GAME\\frontend\\src\\pages\\Confidentialite\\Cgv.jsx","statementMap":{"0":{"start":{"line":5,"column":12},"end":{"line":34,"column":1}},"1":{"start":{"line":6,"column":2},"end":{"line":33,"column":4}}},"fnMap":{"0":{"name":"(anonymous_0)","decl":{"start":{"line":5,"column":12},"end":{"line":5,"column":13}},"loc":{"start":{"line":5,"column":18},"end":{"line":34,"column":1}},"line":5}},"branchMap":{},"s":{"0":0,"1":0},"f":{"0":0},"b":{}}
,"D:\\Projet\\Nouveau dossier\\THETIPTOP_GAME\\frontend\\src\\pages\\Confidentialite\\Mention.jsx": {"path":"D:\\Projet\\Nouveau dossier\\THETIPTOP_GAME\\frontend\\src\\pages\\Confidentialite\\Mention.jsx","statementMap":{"0":{"start":{"line":5,"column":24},"end":{"line":25,"column":1}},"1":{"start":{"line":6,"column":2},"end":{"line":24,"column":4}}},"fnMap":{"0":{"name":"(anonymous_0)","decl":{"start":{"line":5,"column":24},"end":{"line":5,"column":25}},"loc":{"start":{"line":5,"column":30},"end":{"line":25,"column":1}},"line":5}},"branchMap":{},"s":{"0":0,"1":0},"f":{"0":0},"b":{}}
,"D:\\Projet\\Nouveau dossier\\THETIPTOP_GAME\\frontend\\src\\pages\\Confidentialite\\Politique.jsx": {"path":"D:\\Projet\\Nouveau dossier\\THETIPTOP_GAME\\frontend\\src\\pages\\Confidentialite\\Politique.jsx","statementMap":{"0":{"start":{"line":5,"column":33},"end":{"line":26,"column":1}},"1":{"start":{"line":6,"column":2},"end":{"line":25,"column":4}}},"fnMap":{"0":{"name":"(anonymous_0)","decl":{"start":{"line":5,"column":33},"end":{"line":5,"column":34}},"loc":{"start":{"line":5,"column":39},"end":{"line":26,"column":1}},"line":5}},"branchMap":{},"s":{"0":0,"1":0},"f":{"0":0},"b":{}}
,"D:\\Projet\\Nouveau dossier\\THETIPTOP_GAME\\frontend\\src\\pages\\Contact\\Contact.jsx": {"path":"D:\\Projet\\Nouveau dossier\\THETIPTOP_GAME\\frontend\\src\\pages\\Contact\\Contact.jsx","statementMap":{"0":{"start":{"line":6,"column":16},"end":{"line":227,"column":1}},"1":{"start":{"line":7,"column":34},"end":{"line":13,"column":4}},"2":{"start":{"line":14,"column":30},"end":{"line":14,"column":42}},"3":{"start":{"line":15,"column":42},"end":{"line":15,"column":57}},"4":{"start":{"line":16,"column":44},"end":{"line":16,"column":59}},"5":{"start":{"line":17,"column":40},"end":{"line":17,"column":54}},"6":{"start":{"line":19,"column":23},"end":{"line":27,"column":3}},"7":{"start":{"line":20,"column":4},"end":{"line":20,"column":66}},"8":{"start":{"line":22,"column":4},"end":{"line":24,"column":5}},"9":{"start":{"line":23,"column":6},"end":{"line":23,"column":54}},"10":{"start":{"line":25,"column":4},"end":{"line":25,"column":28}},"11":{"start":{"line":26,"column":4},"end":{"line":26,"column":25}},"12":{"start":{"line":29,"column":23},"end":{"line":51,"column":3}},"13":{"start":{"line":30,"column":20},"end":{"line":30,"column":22}},"14":{"start":{"line":31,"column":4},"end":{"line":33,"column":7}},"15":{"start":{"line":32,"column":6},"end":{"line":32,"column":57}},"16":{"start":{"line":34,"column":6},"end":{"line":36,"column":7}},"17":{"start":{"line":35,"column":8},"end":{"line":35,"column":55}},"18":{"start":{"line":37,"column":6},"end":{"line":39,"column":7}},"19":{"start":{"line":38,"column":8},"end":{"line":38,"column":56}},"20":{"start":{"line":40,"column":4},"end":{"line":44,"column":5}},"21":{"start":{"line":41,"column":6},"end":{"line":41,"column":59}},"22":{"start":{"line":42,"column":11},"end":{"line":44,"column":5}},"23":{"start":{"line":43,"column":6},"end":{"line":43,"column":51}},"24":{"start":{"line":45,"column":4},"end":{"line":47,"column":5}},"25":{"start":{"line":46,"column":6},"end":{"line":46,"column":56}},"26":{"start":{"line":49,"column":4},"end":{"line":49,"column":25}},"27":{"start":{"line":50,"column":4},"end":{"line":50,"column":47}},"28":{"start":{"line":53,"column":23},"end":{"line":94,"column":3}},"29":{"start":{"line":54,"column":4},"end":{"line":54,"column":23}},"30":{"start":{"line":55,"column":4},"end":{"line":55,"column":28}},"31":{"start":{"line":56,"column":4},"end":{"line":56,"column":25}},"32":{"start":{"line":58,"column":4},"end":{"line":93,"column":5}},"33":{"start":{"line":59,"column":6},"end":{"line":59,"column":28}},"34":{"start":{"line":61,"column":22},"end":{"line":66,"column":7}},"35":{"start":{"line":68,"column":6},"end":{"line":92,"column":7}},"36":{"start":{"line":70,"column":25},"end":{"line":70,"column":101}},"37":{"start":{"line":73,"column":8},"end":{"line":73,"column":56}},"38":{"start":{"line":76,"column":8},"end":{"line":84,"column":9}},"39":{"start":{"line":77,"column":12},"end":{"line":77,"column":35}},"40":{"start":{"line":78,"column":12},"end":{"line":78,"column":94}},"41":{"start":{"line":79,"column":12},"end":{"line":79,"column":26}},"42":{"start":{"line":83,"column":13},"end":{"line":83,"column":106}},"43":{"start":{"line":87,"column":8},"end":{"line":87,"column":63}},"44":{"start":{"line":89,"column":8},"end":{"line":89,"column":112}},"45":{"start":{"line":91,"column":8},"end":{"line":91,"column":31}},"46":{"start":{"line":97,"column":28},"end":{"line":107,"column":3}},"47":{"start":{"line":98,"column":22},"end":{"line":98,"column":185}},"48":{"start":{"line":99,"column":24},"end":{"line":99,"column":80}},"49":{"start":{"line":101,"column":4},"end":{"line":105,"column":5}},"50":{"start":{"line":102,"column":26},"end":{"line":102,"column":59}},"51":{"start":{"line":102,"column":60},"end":{"line":102,"column":66}},"52":{"start":{"line":103,"column":24},"end":{"line":103,"column":57}},"53":{"start":{"line":103,"column":58},"end":{"line":103,"column":64}},"54":{"start":{"line":104,"column":17},"end":{"line":104,"column":50}},"55":{"start":{"line":106,"column":4},"end":{"line":106,"column":64}},"56":{"start":{"line":109,"column":31},"end":{"line":113,"column":1}},"57":{"start":{"line":110,"column":22},"end":{"line":110,"column":198}},"58":{"start":{"line":111,"column":24},"end":{"line":111,"column":80}},"59":{"start":{"line":112,"column":4},"end":{"line":112,"column":45}},"60":{"start":{"line":116,"column":2},"end":{"line":226,"column":4}}},"fnMap":{"0":{"name":"(anonymous_0)","decl":{"start":{"line":6,"column":16},"end":{"line":6,"column":17}},"loc":{"start":{"line":6,"column":22},"end":{"line":227,"column":1}},"line":6},"1":{"name":"(anonymous_1)","decl":{"start":{"line":19,"column":23},"end":{"line":19,"column":24}},"loc":{"start":{"line":19,"column":30},"end":{"line":27,"column":3}},"line":19},"2":{"name":"(anonymous_2)","decl":{"start":{"line":29,"column":23},"end":{"line":29,"column":24}},"loc":{"start":{"line":29,"column":29},"end":{"line":51,"column":3}},"line":29},"3":{"name":"(anonymous_3)","decl":{"start":{"line":53,"column":23},"end":{"line":53,"column":24}},"loc":{"start":{"line":53,"column":36},"end":{"line":94,"column":3}},"line":53},"4":{"name":"(anonymous_4)","decl":{"start":{"line":97,"column":28},"end":{"line":97,"column":29}},"loc":{"start":{"line":97,"column":43},"end":{"line":107,"column":3}},"line":97},"5":{"name":"(anonymous_5)","decl":{"start":{"line":109,"column":31},"end":{"line":109,"column":32}},"loc":{"start":{"line":109,"column":46},"end":{"line":113,"column":1}},"line":109}},"branchMap":{"0":{"loc":{"start":{"line":22,"column":4},"end":{"line":24,"column":5}},"type":"if","locations":[{"start":{"line":22,"column":4},"end":{"line":24,"column":5}},{"start":{},"end":{}}],"line":22},"1":{"loc":{"start":{"line":31,"column":4},"end":{"line":33,"column":7}},"type":"if","locations":[{"start":{"line":31,"column":4},"end":{"line":33,"column":7}},{"start":{},"end":{}}],"line":31},"2":{"loc":{"start":{"line":34,"column":6},"end":{"line":36,"column":7}},"type":"if","locations":[{"start":{"line":34,"column":6},"end":{"line":36,"column":7}},{"start":{},"end":{}}],"line":34},"3":{"loc":{"start":{"line":37,"column":6},"end":{"line":39,"column":7}},"type":"if","locations":[{"start":{"line":37,"column":6},"end":{"line":39,"column":7}},{"start":{},"end":{}}],"line":37},"4":{"loc":{"start":{"line":40,"column":4},"end":{"line":44,"column":5}},"type":"if","locations":[{"start":{"line":40,"column":4},"end":{"line":44,"column":5}},{"start":{"line":42,"column":11},"end":{"line":44,"column":5}}],"line":40},"5":{"loc":{"start":{"line":42,"column":11},"end":{"line":44,"column":5}},"type":"if","locations":[{"start":{"line":42,"column":11},"end":{"line":44,"column":5}},{"start":{},"end":{}}],"line":42},"6":{"loc":{"start":{"line":45,"column":4},"end":{"line":47,"column":5}},"type":"if","locations":[{"start":{"line":45,"column":4},"end":{"line":47,"column":5}},{"start":{},"end":{}}],"line":45},"7":{"loc":{"start":{"line":58,"column":4},"end":{"line":93,"column":5}},"type":"if","locations":[{"start":{"line":58,"column":4},"end":{"line":93,"column":5}},{"start":{},"end":{}}],"line":58},"8":{"loc":{"start":{"line":76,"column":8},"end":{"line":84,"column":9}},"type":"if","locations":[{"start":{"line":76,"column":8},"end":{"line":84,"column":9}},{"start":{"line":80,"column":15},"end":{"line":84,"column":9}}],"line":76},"9":{"loc":{"start":{"line":83,"column":29},"end":{"line":83,"column":104}},"type":"binary-expr","locations":[{"start":{"line":83,"column":29},"end":{"line":83,"column":50}},{"start":{"line":83,"column":54},"end":{"line":83,"column":104}}],"line":83},"10":{"loc":{"start":{"line":89,"column":23},"end":{"line":89,"column":110}},"type":"binary-expr","locations":[{"start":{"line":89,"column":23},"end":{"line":89,"column":50}},{"start":{"line":89,"column":54},"end":{"line":89,"column":67}},{"start":{"line":89,"column":71},"end":{"line":89,"column":110}}],"line":89},"11":{"loc":{"start":{"line":99,"column":24},"end":{"line":99,"column":80}},"type":"cond-expr","locations":[{"start":{"line":99,"column":44},"end":{"line":99,"column":60}},{"start":{"line":99,"column":63},"end":{"line":99,"column":80}}],"line":99},"12":{"loc":{"start":{"line":101,"column":4},"end":{"line":105,"column":5}},"type":"switch","locations":[{"start":{"line":102,"column":8},"end":{"line":102,"column":66}},{"start":{"line":103,"column":8},"end":{"line":103,"column":64}},{"start":{"line":104,"column":8},"end":{"line":104,"column":50}}],"line":101},"13":{"loc":{"start":{"line":111,"column":24},"end":{"line":111,"column":80}},"type":"cond-expr","locations":[{"start":{"line":111,"column":44},"end":{"line":111,"column":60}},{"start":{"line":111,"column":63},"end":{"line":111,"column":80}}],"line":111},"14":{"loc":{"start":{"line":122,"column":13},"end":{"line":126,"column":13}},"type":"binary-expr","locations":[{"start":{"line":122,"column":13},"end":{"line":122,"column":26}},{"start":{"line":123,"column":17},"end":{"line":125,"column":22}}],"line":122},"15":{"loc":{"start":{"line":127,"column":14},"end":{"line":131,"column":13}},"type":"binary-expr","locations":[{"start":{"line":127,"column":14},"end":{"line":127,"column":25}},{"start":{"line":128,"column":17},"end":{"line":130,"column":22}}],"line":127},"16":{"loc":{"start":{"line":147,"column":16},"end":{"line":147,"column":106}},"type":"binary-expr","locations":[{"start":{"line":147,"column":16},"end":{"line":147,"column":32}},{"start":{"line":147,"column":36},"end":{"line":147,"column":106}}],"line":147},"17":{"loc":{"start":{"line":163,"column":17},"end":{"line":163,"column":105}},"type":"binary-expr","locations":[{"start":{"line":163,"column":17},"end":{"line":163,"column":32}},{"start":{"line":163,"column":36},"end":{"line":163,"column":105}}],"line":163},"18":{"loc":{"start":{"line":179,"column":17},"end":{"line":179,"column":99}},"type":"binary-expr","locations":[{"start":{"line":179,"column":17},"end":{"line":179,"column":29}},{"start":{"line":179,"column":33},"end":{"line":179,"column":99}}],"line":179},"19":{"loc":{"start":{"line":195,"column":17},"end":{"line":195,"column":103}},"type":"binary-expr","locations":[{"start":{"line":195,"column":17},"end":{"line":195,"column":31}},{"start":{"line":195,"column":35},"end":{"line":195,"column":103}}],"line":195},"20":{"loc":{"start":{"line":210,"column":18},"end":{"line":210,"column":104}},"type":"binary-expr","locations":[{"start":{"line":210,"column":18},"end":{"line":210,"column":32}},{"start":{"line":210,"column":36},"end":{"line":210,"column":104}}],"line":210},"21":{"loc":{"start":{"line":218,"column":148},"end":{"line":218,"column":301}},"type":"cond-expr","locations":[{"start":{"line":218,"column":163},"end":{"line":218,"column":195}},{"start":{"line":218,"column":198},"end":{"line":218,"column":301}}],"line":218},"22":{"loc":{"start":{"line":220,"column":15},"end":{"line":220,"column":72}},"type":"cond-expr","locations":[{"start":{"line":220,"column":30},"end":{"line":220,"column":49}},{"start":{"line":220,"column":52},"end":{"line":220,"column":72}}],"line":220}},"s":{"0":0,"1":0,"2":0,"3":0,"4":0,"5":0,"6":0,"7":0,"8":0,"9":0,"10":0,"11":0,"12":0,"13":0,"14":0,"15":0,"16":0,"17":0,"18":0,"19":0,"20":0,"21":0,"22":0,"23":0,"24":0,"25":0,"26":0,"27":0,"28":0,"29":0,"30":0,"31":0,"32":0,"33":0,"34":0,"35":0,"36":0,"37":0,"38":0,"39":0,"40":0,"41":0,"42":0,"43":0,"44":0,"45":0,"46":0,"47":0,"48":0,"49":0,"50":0,"51":0,"52":0,"53":0,"54":0,"55":0,"56":0,"57":0,"58":0,"59":0,"60":0},"f":{"0":0,"1":0,"2":0,"3":0,"4":0,"5":0},"b":{"0":[0,0],"1":[0,0],"2":[0,0],"3":[0,0],"4":[0,0],"5":[0,0],"6":[0,0],"7":[0,0],"8":[0,0],"9":[0,0],"10":[0,0,0],"11":[0,0],"12":[0,0,0],"13":[0,0],"14":[0,0],"15":[0,0],"16":[0,0],"17":[0,0],"18":[0,0],"19":[0,0],"20":[0,0],"21":[0,0],"22":[0,0]}}
,"D:\\Projet\\Nouveau dossier\\THETIPTOP_GAME\\frontend\\src\\pages\\Dashbords\\AdminDashboard.jsx": {"path":"D:\\Projet\\Nouveau dossier\\THETIPTOP_GAME\\frontend\\src\\pages\\Dashbords\\AdminDashboard.jsx","statementMap":{"0":{"start":{"line":25,"column":16},"end":{"line":25,"column":76}},"1":{"start":{"line":27,"column":23},"end":{"line":1137,"column":1}},"2":{"start":{"line":29,"column":32},"end":{"line":29,"column":46}},"3":{"start":{"line":30,"column":28},"end":{"line":30,"column":42}},"4":{"start":{"line":31,"column":28},"end":{"line":31,"column":40}},"5":{"start":{"line":32,"column":32},"end":{"line":32,"column":44}},"6":{"start":{"line":33,"column":36},"end":{"line":33,"column":48}},"7":{"start":{"line":34,"column":36},"end":{"line":34,"column":50}},"8":{"start":{"line":35,"column":36},"end":{"line":35,"column":56}},"9":{"start":{"line":36,"column":46},"end":{"line":36,"column":61}},"10":{"start":{"line":40,"column":44},"end":{"line":40,"column":59}},"11":{"start":{"line":41,"column":42},"end":{"line":41,"column":56}},"12":{"start":{"line":44,"column":2},"end":{"line":96,"column":9}},"13":{"start":{"line":45,"column":22},"end":{"line":93,"column":5}},"14":{"start":{"line":46,"column":6},"end":{"line":46,"column":23}},"15":{"start":{"line":47,"column":6},"end":{"line":47,"column":21}},"16":{"start":{"line":49,"column":20},"end":{"line":49,"column":49}},"17":{"start":{"line":50,"column":6},"end":{"line":54,"column":7}},"18":{"start":{"line":51,"column":8},"end":{"line":51,"column":73}},"19":{"start":{"line":52,"column":8},"end":{"line":52,"column":26}},"20":{"start":{"line":53,"column":8},"end":{"line":53,"column":15}},"21":{"start":{"line":56,"column":6},"end":{"line":92,"column":7}},"22":{"start":{"line":58,"column":36},"end":{"line":60,"column":10}},"23":{"start":{"line":62,"column":28},"end":{"line":62,"column":57}},"24":{"start":{"line":63,"column":8},"end":{"line":67,"column":9}},"25":{"start":{"line":64,"column":10},"end":{"line":64,"column":89}},"26":{"start":{"line":65,"column":10},"end":{"line":65,"column":28}},"27":{"start":{"line":66,"column":10},"end":{"line":66,"column":17}},"28":{"start":{"line":69,"column":24},"end":{"line":69,"column":60}},"29":{"start":{"line":72,"column":67},"end":{"line":77,"column":10}},"30":{"start":{"line":79,"column":8},"end":{"line":79,"column":44}},"31":{"start":{"line":80,"column":8},"end":{"line":80,"column":50}},"32":{"start":{"line":81,"column":8},"end":{"line":81,"column":56}},"33":{"start":{"line":82,"column":8},"end":{"line":82,"column":46}},"34":{"start":{"line":84,"column":8},"end":{"line":84,"column":61}},"35":{"start":{"line":85,"column":8},"end":{"line":89,"column":9}},"36":{"start":{"line":86,"column":10},"end":{"line":86,"column":89}},"37":{"start":{"line":88,"column":10},"end":{"line":88,"column":84}},"38":{"start":{"line":91,"column":8},"end":{"line":91,"column":26}},"39":{"start":{"line":95,"column":4},"end":{"line":95,"column":16}},"40":{"start":{"line":99,"column":21},"end":{"line":102,"column":3}},"41":{"start":{"line":100,"column":20},"end":{"line":100,"column":71}},"42":{"start":{"line":101,"column":4},"end":{"line":101,"column":71}},"43":{"start":{"line":105,"column":27},"end":{"line":125,"column":3}},"44":{"start":{"line":106,"column":4},"end":{"line":124,"column":5}},"45":{"start":{"line":107,"column":20},"end":{"line":107,"column":49}},"46":{"start":{"line":108,"column":6},"end":{"line":110,"column":9}},"47":{"start":{"line":115,"column":27},"end":{"line":120,"column":8}},"48":{"start":{"line":116,"column":8},"end":{"line":118,"column":9}},"49":{"start":{"line":117,"column":10},"end":{"line":117,"column":46}},"50":{"start":{"line":119,"column":8},"end":{"line":119,"column":20}},"51":{"start":{"line":121,"column":6},"end":{"line":121,"column":29}},"52":{"start":{"line":123,"column":6},"end":{"line":123,"column":111}},"53":{"start":{"line":128,"column":27},"end":{"line":156,"column":3}},"54":{"start":{"line":129,"column":4},"end":{"line":155,"column":5}},"55":{"start":{"line":130,"column":20},"end":{"line":130,"column":49}},"56":{"start":{"line":131,"column":24},"end":{"line":131,"column":38}},"57":{"start":{"line":133,"column":6},"end":{"line":135,"column":9}},"58":{"start":{"line":138,"column":27},"end":{"line":143,"column":8}},"59":{"start":{"line":139,"column":8},"end":{"line":141,"column":9}},"60":{"start":{"line":140,"column":10},"end":{"line":140,"column":52}},"61":{"start":{"line":142,"column":8},"end":{"line":142,"column":20}},"62":{"start":{"line":145,"column":6},"end":{"line":145,"column":29}},"63":{"start":{"line":148,"column":6},"end":{"line":150,"column":7}},"64":{"start":{"line":149,"column":8},"end":{"line":149,"column":68}},"65":{"start":{"line":152,"column":6},"end":{"line":152,"column":95}},"66":{"start":{"line":154,"column":6},"end":{"line":154,"column":110}},"67":{"start":{"line":159,"column":26},"end":{"line":162,"column":3}},"68":{"start":{"line":160,"column":4},"end":{"line":160,"column":26}},"69":{"start":{"line":161,"column":4},"end":{"line":161,"column":27}},"70":{"start":{"line":165,"column":27},"end":{"line":301,"column":3}},"71":{"start":{"line":166,"column":4},"end":{"line":166,"column":35}},"72":{"start":{"line":166,"column":23},"end":{"line":166,"column":35}},"73":{"start":{"line":168,"column":4},"end":{"line":300,"column":6}},"74":{"start":{"line":176,"column":29},"end":{"line":176,"column":52}},"75":{"start":{"line":269,"column":16},"end":{"line":269,"column":75}},"76":{"start":{"line":291,"column":31},"end":{"line":291,"column":65}},"77":{"start":{"line":304,"column":25},"end":{"line":451,"column":3}},"78":{"start":{"line":305,"column":24},"end":{"line":305,"column":29}},"79":{"start":{"line":307,"column":4},"end":{"line":313,"column":5}},"80":{"start":{"line":308,"column":6},"end":{"line":308,"column":73}},"81":{"start":{"line":308,"column":45},"end":{"line":308,"column":71}},"82":{"start":{"line":309,"column":11},"end":{"line":313,"column":5}},"83":{"start":{"line":310,"column":6},"end":{"line":310,"column":75}},"84":{"start":{"line":310,"column":45},"end":{"line":310,"column":73}},"85":{"start":{"line":311,"column":11},"end":{"line":313,"column":5}},"86":{"start":{"line":312,"column":6},"end":{"line":312,"column":72}},"87":{"start":{"line":312,"column":45},"end":{"line":312,"column":70}},"88":{"start":{"line":315,"column":4},"end":{"line":450,"column":6}},"89":{"start":{"line":325,"column":31},"end":{"line":325,"column":64}},"90":{"start":{"line":360,"column":16},"end":{"line":426,"column":21}},"91":{"start":{"line":415,"column":37},"end":{"line":415,"column":58}},"92":{"start":{"line":421,"column":37},"end":{"line":421,"column":63}},"93":{"start":{"line":454,"column":25},"end":{"line":899,"column":3}},"94":{"start":{"line":456,"column":29},"end":{"line":463,"column":5}},"95":{"start":{"line":467,"column":6},"end":{"line":475,"column":14}},"96":{"start":{"line":479,"column":6},"end":{"line":483,"column":14}},"97":{"start":{"line":486,"column":21},"end":{"line":486,"column":38}},"98":{"start":{"line":487,"column":22},"end":{"line":487,"column":41}},"99":{"start":{"line":488,"column":24},"end":{"line":488,"column":45}},"100":{"start":{"line":489,"column":21},"end":{"line":489,"column":76}},"101":{"start":{"line":489,"column":41},"end":{"line":489,"column":63}},"102":{"start":{"line":492,"column":22},"end":{"line":492,"column":24}},"103":{"start":{"line":493,"column":4},"end":{"line":495,"column":5}},"104":{"start":{"line":494,"column":6},"end":{"line":494,"column":48}},"105":{"start":{"line":499,"column":6},"end":{"line":503,"column":14}},"106":{"start":{"line":504,"column":25},"end":{"line":506,"column":9}},"107":{"start":{"line":508,"column":6},"end":{"line":510,"column":11}},"108":{"start":{"line":513,"column":32},"end":{"line":513,"column":63}},"109":{"start":{"line":515,"column":6},"end":{"line":515,"column":63}},"110":{"start":{"line":517,"column":4},"end":{"line":898,"column":6}},"111":{"start":{"line":674,"column":45},"end":{"line":674,"column":67}},"112":{"start":{"line":676,"column":47},"end":{"line":676,"column":69}},"113":{"start":{"line":687,"column":72},"end":{"line":687,"column":94}},"114":{"start":{"line":702,"column":45},"end":{"line":702,"column":68}},"115":{"start":{"line":704,"column":47},"end":{"line":704,"column":70}},"116":{"start":{"line":715,"column":72},"end":{"line":715,"column":95}},"117":{"start":{"line":730,"column":45},"end":{"line":730,"column":70}},"118":{"start":{"line":733,"column":47},"end":{"line":733,"column":72}},"119":{"start":{"line":745,"column":72},"end":{"line":745,"column":97}},"120":{"start":{"line":863,"column":20},"end":{"line":886,"column":26}},"121":{"start":{"line":902,"column":26},"end":{"line":1064,"column":3}},"122":{"start":{"line":905,"column":6},"end":{"line":909,"column":14}},"123":{"start":{"line":912,"column":6},"end":{"line":916,"column":14}},"124":{"start":{"line":917,"column":25},"end":{"line":919,"column":9}},"125":{"start":{"line":921,"column":6},"end":{"line":923,"column":11}},"126":{"start":{"line":926,"column":31},"end":{"line":926,"column":67}},"127":{"start":{"line":929,"column":4},"end":{"line":944,"column":5}},"128":{"start":{"line":930,"column":6},"end":{"line":943,"column":8}},"129":{"start":{"line":946,"column":4},"end":{"line":1063,"column":6}},"130":{"start":{"line":1066,"column":2},"end":{"line":1136,"column":4}},"131":{"start":{"line":1092,"column":31},"end":{"line":1092,"column":55}},"132":{"start":{"line":1102,"column":31},"end":{"line":1102,"column":52}},"133":{"start":{"line":1112,"column":31},"end":{"line":1112,"column":53}}},"fnMap":{"0":{"name":"(anonymous_0)","decl":{"start":{"line":27,"column":23},"end":{"line":27,"column":24}},"loc":{"start":{"line":27,"column":29},"end":{"line":1137,"column":1}},"line":27},"1":{"name":"(anonymous_1)","decl":{"start":{"line":44,"column":12},"end":{"line":44,"column":13}},"loc":{"start":{"line":44,"column":18},"end":{"line":96,"column":3}},"line":44},"2":{"name":"(anonymous_2)","decl":{"start":{"line":45,"column":22},"end":{"line":45,"column":23}},"loc":{"start":{"line":45,"column":34},"end":{"line":93,"column":5}},"line":45},"3":{"name":"(anonymous_3)","decl":{"start":{"line":99,"column":21},"end":{"line":99,"column":22}},"loc":{"start":{"line":99,"column":37},"end":{"line":102,"column":3}},"line":99},"4":{"name":"(anonymous_4)","decl":{"start":{"line":105,"column":27},"end":{"line":105,"column":28}},"loc":{"start":{"line":105,"column":45},"end":{"line":125,"column":3}},"line":105},"5":{"name":"(anonymous_5)","decl":{"start":{"line":115,"column":37},"end":{"line":115,"column":38}},"loc":{"start":{"line":115,"column":47},"end":{"line":120,"column":7}},"line":115},"6":{"name":"(anonymous_6)","decl":{"start":{"line":128,"column":27},"end":{"line":128,"column":28}},"loc":{"start":{"line":128,"column":60},"end":{"line":156,"column":3}},"line":128},"7":{"name":"(anonymous_7)","decl":{"start":{"line":138,"column":37},"end":{"line":138,"column":38}},"loc":{"start":{"line":138,"column":47},"end":{"line":143,"column":7}},"line":138},"8":{"name":"(anonymous_8)","decl":{"start":{"line":159,"column":26},"end":{"line":159,"column":27}},"loc":{"start":{"line":159,"column":36},"end":{"line":162,"column":3}},"line":159},"9":{"name":"(anonymous_9)","decl":{"start":{"line":165,"column":27},"end":{"line":165,"column":28}},"loc":{"start":{"line":165,"column":33},"end":{"line":301,"column":3}},"line":165},"10":{"name":"(anonymous_10)","decl":{"start":{"line":176,"column":23},"end":{"line":176,"column":24}},"loc":{"start":{"line":176,"column":29},"end":{"line":176,"column":52}},"line":176},"11":{"name":"(anonymous_11)","decl":{"start":{"line":268,"column":23},"end":{"line":268,"column":24}},"loc":{"start":{"line":269,"column":16},"end":{"line":269,"column":75}},"line":269},"12":{"name":"(anonymous_12)","decl":{"start":{"line":291,"column":25},"end":{"line":291,"column":26}},"loc":{"start":{"line":291,"column":31},"end":{"line":291,"column":65}},"line":291},"13":{"name":"(anonymous_13)","decl":{"start":{"line":304,"column":25},"end":{"line":304,"column":26}},"loc":{"start":{"line":304,"column":31},"end":{"line":451,"column":3}},"line":304},"14":{"name":"(anonymous_14)","decl":{"start":{"line":308,"column":35},"end":{"line":308,"column":36}},"loc":{"start":{"line":308,"column":45},"end":{"line":308,"column":71}},"line":308},"15":{"name":"(anonymous_15)","decl":{"start":{"line":310,"column":35},"end":{"line":310,"column":36}},"loc":{"start":{"line":310,"column":45},"end":{"line":310,"column":73}},"line":310},"16":{"name":"(anonymous_16)","decl":{"start":{"line":312,"column":35},"end":{"line":312,"column":36}},"loc":{"start":{"line":312,"column":45},"end":{"line":312,"column":70}},"line":312},"17":{"name":"(anonymous_17)","decl":{"start":{"line":325,"column":24},"end":{"line":325,"column":25}},"loc":{"start":{"line":325,"column":31},"end":{"line":325,"column":64}},"line":325},"18":{"name":"(anonymous_18)","decl":{"start":{"line":359,"column":46},"end":{"line":359,"column":47}},"loc":{"start":{"line":360,"column":16},"end":{"line":426,"column":21}},"line":360},"19":{"name":"(anonymous_19)","decl":{"start":{"line":415,"column":31},"end":{"line":415,"column":32}},"loc":{"start":{"line":415,"column":37},"end":{"line":415,"column":58}},"line":415},"20":{"name":"(anonymous_20)","decl":{"start":{"line":421,"column":31},"end":{"line":421,"column":32}},"loc":{"start":{"line":421,"column":37},"end":{"line":421,"column":63}},"line":421},"21":{"name":"(anonymous_21)","decl":{"start":{"line":454,"column":25},"end":{"line":454,"column":26}},"loc":{"start":{"line":454,"column":31},"end":{"line":899,"column":3}},"line":454},"22":{"name":"(anonymous_22)","decl":{"start":{"line":489,"column":34},"end":{"line":489,"column":35}},"loc":{"start":{"line":489,"column":41},"end":{"line":489,"column":63}},"line":489},"23":{"name":"(anonymous_23)","decl":{"start":{"line":674,"column":38},"end":{"line":674,"column":39}},"loc":{"start":{"line":674,"column":45},"end":{"line":674,"column":67}},"line":674},"24":{"name":"(anonymous_24)","decl":{"start":{"line":676,"column":40},"end":{"line":676,"column":41}},"loc":{"start":{"line":676,"column":47},"end":{"line":676,"column":69}},"line":676},"25":{"name":"(anonymous_25)","decl":{"start":{"line":687,"column":65},"end":{"line":687,"column":66}},"loc":{"start":{"line":687,"column":72},"end":{"line":687,"column":94}},"line":687},"26":{"name":"(anonymous_26)","decl":{"start":{"line":702,"column":38},"end":{"line":702,"column":39}},"loc":{"start":{"line":702,"column":45},"end":{"line":702,"column":68}},"line":702},"27":{"name":"(anonymous_27)","decl":{"start":{"line":704,"column":40},"end":{"line":704,"column":41}},"loc":{"start":{"line":704,"column":47},"end":{"line":704,"column":70}},"line":704},"28":{"name":"(anonymous_28)","decl":{"start":{"line":715,"column":65},"end":{"line":715,"column":66}},"loc":{"start":{"line":715,"column":72},"end":{"line":715,"column":95}},"line":715},"29":{"name":"(anonymous_29)","decl":{"start":{"line":730,"column":38},"end":{"line":730,"column":39}},"loc":{"start":{"line":730,"column":45},"end":{"line":730,"column":70}},"line":730},"30":{"name":"(anonymous_30)","decl":{"start":{"line":733,"column":40},"end":{"line":733,"column":41}},"loc":{"start":{"line":733,"column":47},"end":{"line":733,"column":72}},"line":733},"31":{"name":"(anonymous_31)","decl":{"start":{"line":745,"column":65},"end":{"line":745,"column":66}},"loc":{"start":{"line":745,"column":72},"end":{"line":745,"column":97}},"line":745},"32":{"name":"(anonymous_32)","decl":{"start":{"line":862,"column":35},"end":{"line":862,"column":36}},"loc":{"start":{"line":863,"column":20},"end":{"line":886,"column":26}},"line":863},"33":{"name":"(anonymous_33)","decl":{"start":{"line":902,"column":26},"end":{"line":902,"column":27}},"loc":{"start":{"line":902,"column":32},"end":{"line":1064,"column":3}},"line":902},"34":{"name":"(anonymous_34)","decl":{"start":{"line":1092,"column":25},"end":{"line":1092,"column":26}},"loc":{"start":{"line":1092,"column":31},"end":{"line":1092,"column":55}},"line":1092},"35":{"name":"(anonymous_35)","decl":{"start":{"line":1102,"column":25},"end":{"line":1102,"column":26}},"loc":{"start":{"line":1102,"column":31},"end":{"line":1102,"column":52}},"line":1102},"36":{"name":"(anonymous_36)","decl":{"start":{"line":1112,"column":25},"end":{"line":1112,"column":26}},"loc":{"start":{"line":1112,"column":31},"end":{"line":1112,"column":53}},"line":1112}},"branchMap":{"0":{"loc":{"start":{"line":25,"column":16},"end":{"line":25,"column":76}},"type":"binary-expr","locations":[{"start":{"line":25,"column":16},"end":{"line":25,"column":45}},{"start":{"line":25,"column":49},"end":{"line":25,"column":76}}],"line":25},"1":{"loc":{"start":{"line":50,"column":6},"end":{"line":54,"column":7}},"type":"if","locations":[{"start":{"line":50,"column":6},"end":{"line":54,"column":7}},{"start":{},"end":{}}],"line":50},"2":{"loc":{"start":{"line":63,"column":8},"end":{"line":67,"column":9}},"type":"if","locations":[{"start":{"line":63,"column":8},"end":{"line":67,"column":9}},{"start":{},"end":{}}],"line":63},"3":{"loc":{"start":{"line":79,"column":17},"end":{"line":79,"column":42}},"type":"binary-expr","locations":[{"start":{"line":79,"column":17},"end":{"line":79,"column":36}},{"start":{"line":79,"column":40},"end":{"line":79,"column":42}}],"line":79},"4":{"loc":{"start":{"line":80,"column":19},"end":{"line":80,"column":48}},"type":"binary-expr","locations":[{"start":{"line":80,"column":19},"end":{"line":80,"column":42}},{"start":{"line":80,"column":46},"end":{"line":80,"column":48}}],"line":80},"5":{"loc":{"start":{"line":81,"column":21},"end":{"line":81,"column":54}},"type":"binary-expr","locations":[{"start":{"line":81,"column":21},"end":{"line":81,"column":48}},{"start":{"line":81,"column":52},"end":{"line":81,"column":54}}],"line":81},"6":{"loc":{"start":{"line":82,"column":21},"end":{"line":82,"column":44}},"type":"binary-expr","locations":[{"start":{"line":82,"column":21},"end":{"line":82,"column":38}},{"start":{"line":82,"column":42},"end":{"line":82,"column":44}}],"line":82},"7":{"loc":{"start":{"line":85,"column":8},"end":{"line":89,"column":9}},"type":"if","locations":[{"start":{"line":85,"column":8},"end":{"line":89,"column":9}},{"start":{"line":87,"column":15},"end":{"line":89,"column":9}}],"line":85},"8":{"loc":{"start":{"line":88,"column":19},"end":{"line":88,"column":82}},"type":"binary-expr","locations":[{"start":{"line":88,"column":19},"end":{"line":88,"column":46}},{"start":{"line":88,"column":50},"end":{"line":88,"column":82}}],"line":88},"9":{"loc":{"start":{"line":116,"column":8},"end":{"line":118,"column":9}},"type":"if","locations":[{"start":{"line":116,"column":8},"end":{"line":118,"column":9}},{"start":{},"end":{}}],"line":116},"10":{"loc":{"start":{"line":123,"column":66},"end":{"line":123,"column":108}},"type":"binary-expr","locations":[{"start":{"line":123,"column":66},"end":{"line":123,"column":93}},{"start":{"line":123,"column":97},"end":{"line":123,"column":108}}],"line":123},"11":{"loc":{"start":{"line":139,"column":8},"end":{"line":141,"column":9}},"type":"if","locations":[{"start":{"line":139,"column":8},"end":{"line":141,"column":9}},{"start":{},"end":{}}],"line":139},"12":{"loc":{"start":{"line":148,"column":6},"end":{"line":150,"column":7}},"type":"if","locations":[{"start":{"line":148,"column":6},"end":{"line":150,"column":7}},{"start":{},"end":{}}],"line":148},"13":{"loc":{"start":{"line":148,"column":10},"end":{"line":148,"column":53}},"type":"binary-expr","locations":[{"start":{"line":148,"column":10},"end":{"line":148,"column":22}},{"start":{"line":148,"column":26},"end":{"line":148,"column":53}}],"line":148},"14":{"loc":{"start":{"line":152,"column":36},"end":{"line":152,"column":70}},"type":"cond-expr","locations":[{"start":{"line":152,"column":48},"end":{"line":152,"column":56}},{"start":{"line":152,"column":59},"end":{"line":152,"column":70}}],"line":152},"15":{"loc":{"start":{"line":154,"column":65},"end":{"line":154,"column":107}},"type":"binary-expr","locations":[{"start":{"line":154,"column":65},"end":{"line":154,"column":92}},{"start":{"line":154,"column":96},"end":{"line":154,"column":107}}],"line":154},"16":{"loc":{"start":{"line":166,"column":4},"end":{"line":166,"column":35}},"type":"if","locations":[{"start":{"line":166,"column":4},"end":{"line":166,"column":35}},{"start":{},"end":{}}],"line":166},"17":{"loc":{"start":{"line":195,"column":15},"end":{"line":195,"column":68}},"type":"binary-expr","locations":[{"start":{"line":195,"column":15},"end":{"line":195,"column":61}},{"start":{"line":195,"column":65},"end":{"line":195,"column":68}}],"line":195},"18":{"loc":{"start":{"line":204,"column":20},"end":{"line":208,"column":53}},"type":"cond-expr","locations":[{"start":{"line":205,"column":24},"end":{"line":205,"column":55}},{"start":{"line":206,"column":24},"end":{"line":208,"column":53}}],"line":204},"19":{"loc":{"start":{"line":206,"column":24},"end":{"line":208,"column":53}},"type":"cond-expr","locations":[{"start":{"line":207,"column":26},"end":{"line":207,"column":55}},{"start":{"line":208,"column":26},"end":{"line":208,"column":53}}],"line":206},"20":{"loc":{"start":{"line":211,"column":19},"end":{"line":215,"column":33}},"type":"cond-expr","locations":[{"start":{"line":212,"column":22},"end":{"line":212,"column":38}},{"start":{"line":213,"column":22},"end":{"line":215,"column":33}}],"line":211},"21":{"loc":{"start":{"line":213,"column":22},"end":{"line":215,"column":33}},"type":"cond-expr","locations":[{"start":{"line":214,"column":24},"end":{"line":214,"column":32}},{"start":{"line":215,"column":24},"end":{"line":215,"column":33}}],"line":213},"22":{"loc":{"start":{"line":220,"column":20},"end":{"line":222,"column":53}},"type":"cond-expr","locations":[{"start":{"line":221,"column":24},"end":{"line":221,"column":49}},{"start":{"line":222,"column":24},"end":{"line":222,"column":53}}],"line":220},"23":{"loc":{"start":{"line":225,"column":19},"end":{"line":227,"column":45}},"type":"cond-expr","locations":[{"start":{"line":226,"column":22},"end":{"line":226,"column":43}},{"start":{"line":227,"column":22},"end":{"line":227,"column":45}}],"line":225},"24":{"loc":{"start":{"line":245,"column":19},"end":{"line":245,"column":70}},"type":"binary-expr","locations":[{"start":{"line":245,"column":19},"end":{"line":245,"column":51}},{"start":{"line":245,"column":55},"end":{"line":245,"column":70}}],"line":245},"25":{"loc":{"start":{"line":272,"column":16},"end":{"line":274,"column":68}},"type":"cond-expr","locations":[{"start":{"line":273,"column":20},"end":{"line":273,"column":62}},{"start":{"line":274,"column":20},"end":{"line":274,"column":68}}],"line":272},"26":{"loc":{"start":{"line":277,"column":15},"end":{"line":287,"column":15}},"type":"cond-expr","locations":[{"start":{"line":278,"column":16},"end":{"line":281,"column":19}},{"start":{"line":283,"column":16},"end":{"line":286,"column":19}}],"line":277},"27":{"loc":{"start":{"line":307,"column":4},"end":{"line":313,"column":5}},"type":"if","locations":[{"start":{"line":307,"column":4},"end":{"line":313,"column":5}},{"start":{"line":309,"column":11},"end":{"line":313,"column":5}}],"line":307},"28":{"loc":{"start":{"line":309,"column":11},"end":{"line":313,"column":5}},"type":"if","locations":[{"start":{"line":309,"column":11},"end":{"line":313,"column":5}},{"start":{"line":311,"column":11},"end":{"line":313,"column":5}}],"line":309},"29":{"loc":{"start":{"line":311,"column":11},"end":{"line":313,"column":5}},"type":"if","locations":[{"start":{"line":311,"column":11},"end":{"line":313,"column":5}},{"start":{},"end":{}}],"line":311},"30":{"loc":{"start":{"line":364,"column":25},"end":{"line":364,"column":70}},"type":"binary-expr","locations":[{"start":{"line":364,"column":25},"end":{"line":364,"column":63}},{"start":{"line":364,"column":67},"end":{"line":364,"column":70}}],"line":364},"31":{"loc":{"start":{"line":380,"column":24},"end":{"line":384,"column":57}},"type":"cond-expr","locations":[{"start":{"line":381,"column":28},"end":{"line":381,"column":59}},{"start":{"line":382,"column":28},"end":{"line":384,"column":57}}],"line":380},"32":{"loc":{"start":{"line":382,"column":28},"end":{"line":384,"column":57}},"type":"cond-expr","locations":[{"start":{"line":383,"column":30},"end":{"line":383,"column":59}},{"start":{"line":384,"column":30},"end":{"line":384,"column":57}}],"line":382},"33":{"loc":{"start":{"line":387,"column":23},"end":{"line":391,"column":37}},"type":"cond-expr","locations":[{"start":{"line":388,"column":26},"end":{"line":388,"column":42}},{"start":{"line":389,"column":26},"end":{"line":391,"column":37}}],"line":387},"34":{"loc":{"start":{"line":389,"column":26},"end":{"line":391,"column":37}},"type":"cond-expr","locations":[{"start":{"line":390,"column":28},"end":{"line":390,"column":36}},{"start":{"line":391,"column":28},"end":{"line":391,"column":37}}],"line":389},"35":{"loc":{"start":{"line":398,"column":24},"end":{"line":400,"column":57}},"type":"cond-expr","locations":[{"start":{"line":399,"column":28},"end":{"line":399,"column":53}},{"start":{"line":400,"column":28},"end":{"line":400,"column":57}}],"line":398},"36":{"loc":{"start":{"line":403,"column":23},"end":{"line":403,"column":72}},"type":"cond-expr","locations":[{"start":{"line":403,"column":51},"end":{"line":403,"column":59}},{"start":{"line":403,"column":62},"end":{"line":403,"column":72}}],"line":403},"37":{"loc":{"start":{"line":467,"column":6},"end":{"line":475,"column":14}},"type":"cond-expr","locations":[{"start":{"line":468,"column":10},"end":{"line":474,"column":11}},{"start":{"line":475,"column":10},"end":{"line":475,"column":14}}],"line":467},"38":{"loc":{"start":{"line":467,"column":6},"end":{"line":467,"column":74}},"type":"binary-expr","locations":[{"start":{"line":467,"column":6},"end":{"line":467,"column":15}},{"start":{"line":467,"column":19},"end":{"line":467,"column":40}},{"start":{"line":467,"column":44},"end":{"line":467,"column":74}}],"line":467},"39":{"loc":{"start":{"line":469,"column":39},"end":{"line":469,"column":70}},"type":"binary-expr","locations":[{"start":{"line":469,"column":39},"end":{"line":469,"column":65}},{"start":{"line":469,"column":69},"end":{"line":469,"column":70}}],"line":469},"40":{"loc":{"start":{"line":472,"column":21},"end":{"line":472,"column":57}},"type":"binary-expr","locations":[{"start":{"line":472,"column":21},"end":{"line":472,"column":52}},{"start":{"line":472,"column":56},"end":{"line":472,"column":57}}],"line":472},"41":{"loc":{"start":{"line":479,"column":6},"end":{"line":483,"column":14}},"type":"cond-expr","locations":[{"start":{"line":482,"column":10},"end":{"line":482,"column":37}},{"start":{"line":483,"column":10},"end":{"line":483,"column":14}}],"line":479},"42":{"loc":{"start":{"line":479,"column":6},"end":{"line":481,"column":44}},"type":"binary-expr","locations":[{"start":{"line":479,"column":6},"end":{"line":479,"column":15}},{"start":{"line":480,"column":6},"end":{"line":480,"column":33}},{"start":{"line":481,"column":6},"end":{"line":481,"column":44}}],"line":479},"43":{"loc":{"start":{"line":486,"column":21},"end":{"line":486,"column":38}},"type":"binary-expr","locations":[{"start":{"line":486,"column":21},"end":{"line":486,"column":33}},{"start":{"line":486,"column":37},"end":{"line":486,"column":38}}],"line":486},"44":{"loc":{"start":{"line":487,"column":22},"end":{"line":487,"column":41}},"type":"binary-expr","locations":[{"start":{"line":487,"column":22},"end":{"line":487,"column":36}},{"start":{"line":487,"column":40},"end":{"line":487,"column":41}}],"line":487},"45":{"loc":{"start":{"line":488,"column":24},"end":{"line":488,"column":45}},"type":"binary-expr","locations":[{"start":{"line":488,"column":24},"end":{"line":488,"column":40}},{"start":{"line":488,"column":44},"end":{"line":488,"column":45}}],"line":488},"46":{"loc":{"start":{"line":489,"column":21},"end":{"line":489,"column":76}},"type":"binary-expr","locations":[{"start":{"line":489,"column":21},"end":{"line":489,"column":71}},{"start":{"line":489,"column":75},"end":{"line":489,"column":76}}],"line":489},"47":{"loc":{"start":{"line":493,"column":4},"end":{"line":495,"column":5}},"type":"if","locations":[{"start":{"line":493,"column":4},"end":{"line":495,"column":5}},{"start":{},"end":{}}],"line":493},"48":{"loc":{"start":{"line":493,"column":8},"end":{"line":493,"column":36}},"type":"binary-expr","locations":[{"start":{"line":493,"column":8},"end":{"line":493,"column":17}},{"start":{"line":493,"column":21},"end":{"line":493,"column":36}}],"line":493},"49":{"loc":{"start":{"line":499,"column":6},"end":{"line":503,"column":14}},"type":"cond-expr","locations":[{"start":{"line":502,"column":10},"end":{"line":502,"column":31}},{"start":{"line":503,"column":10},"end":{"line":503,"column":14}}],"line":499},"50":{"loc":{"start":{"line":499,"column":6},"end":{"line":501,"column":77}},"type":"binary-expr","locations":[{"start":{"line":499,"column":6},"end":{"line":499,"column":15}},{"start":{"line":500,"column":6},"end":{"line":500,"column":27}},{"start":{"line":501,"column":7},"end":{"line":501,"column":37}},{"start":{"line":501,"column":41},"end":{"line":501,"column":76}}],"line":499},"51":{"loc":{"start":{"line":504,"column":25},"end":{"line":506,"column":9}},"type":"cond-expr","locations":[{"start":{"line":505,"column":8},"end":{"line":505,"column":48}},{"start":{"line":506,"column":8},"end":{"line":506,"column":9}}],"line":504},"52":{"loc":{"start":{"line":508,"column":6},"end":{"line":510,"column":11}},"type":"cond-expr","locations":[{"start":{"line":509,"column":10},"end":{"line":509,"column":61}},{"start":{"line":510,"column":10},"end":{"line":510,"column":11}}],"line":508},"53":{"loc":{"start":{"line":513,"column":32},"end":{"line":513,"column":63}},"type":"binary-expr","locations":[{"start":{"line":513,"column":32},"end":{"line":513,"column":43}},{"start":{"line":513,"column":47},"end":{"line":513,"column":63}}],"line":513},"54":{"loc":{"start":{"line":515,"column":6},"end":{"line":515,"column":63}},"type":"binary-expr","locations":[{"start":{"line":515,"column":6},"end":{"line":515,"column":27}},{"start":{"line":515,"column":31},"end":{"line":515,"column":63}}],"line":515},"55":{"loc":{"start":{"line":556,"column":11},"end":{"line":586,"column":11}},"type":"cond-expr","locations":[{"start":{"line":557,"column":12},"end":{"line":571,"column":18}},{"start":{"line":573,"column":12},"end":{"line":585,"column":18}}],"line":556},"56":{"loc":{"start":{"line":556,"column":11},"end":{"line":556,"column":49}},"type":"binary-expr","locations":[{"start":{"line":556,"column":11},"end":{"line":556,"column":20}},{"start":{"line":556,"column":24},"end":{"line":556,"column":49}}],"line":556},"57":{"loc":{"start":{"line":589,"column":11},"end":{"line":621,"column":11}},"type":"cond-expr","locations":[{"start":{"line":590,"column":12},"end":{"line":604,"column":18}},{"start":{"line":606,"column":12},"end":{"line":620,"column":18}}],"line":589},"58":{"loc":{"start":{"line":627,"column":90},"end":{"line":627,"column":164}},"type":"cond-expr","locations":[{"start":{"line":627,"column":131},"end":{"line":627,"column":146}},{"start":{"line":627,"column":149},"end":{"line":627,"column":164}}],"line":627},"59":{"loc":{"start":{"line":627,"column":90},"end":{"line":627,"column":128}},"type":"binary-expr","locations":[{"start":{"line":627,"column":90},"end":{"line":627,"column":109}},{"start":{"line":627,"column":113},"end":{"line":627,"column":128}}],"line":627},"60":{"loc":{"start":{"line":640,"column":11},"end":{"line":651,"column":11}},"type":"binary-expr","locations":[{"start":{"line":640,"column":11},"end":{"line":640,"column":30}},{"start":{"line":640,"column":34},"end":{"line":640,"column":49}},{"start":{"line":641,"column":12},"end":{"line":650,"column":18}}],"line":640},"61":{"loc":{"start":{"line":657,"column":79},"end":{"line":657,"column":120}},"type":"cond-expr","locations":[{"start":{"line":657,"column":100},"end":{"line":657,"column":115}},{"start":{"line":657,"column":118},"end":{"line":657,"column":120}}],"line":657},"62":{"loc":{"start":{"line":687,"column":36},"end":{"line":687,"column":128}},"type":"cond-expr","locations":[{"start":{"line":687,"column":51},"end":{"line":687,"column":124}},{"start":{"line":687,"column":127},"end":{"line":687,"column":128}}],"line":687},"63":{"loc":{"start":{"line":715,"column":36},"end":{"line":715,"column":129}},"type":"cond-expr","locations":[{"start":{"line":715,"column":51},"end":{"line":715,"column":125}},{"start":{"line":715,"column":128},"end":{"line":715,"column":129}}],"line":715},"64":{"loc":{"start":{"line"
[...]
,"D:\\Projet\\Nouveau dossier\\THETIPTOP_GAME\\frontend\\src\\pages\\Register\\Register.jsx": {"path":"D:\\Projet\\Nouveau dossier\\THETIPTOP_GAME\\frontend\\src\\pages\\Register\\Register.jsx","statementMap":{"0":{"start":{"line":6,"column":17},"end":{"line":287,"column":1}},"1":{"start":{"line":7,"column":19},"end":{"line":7,"column":32}},"2":{"start":{"line":8,"column":34},"end":{"line":13,"column":4}},"3":{"start":{"line":14,"column":30},"end":{"line":14,"column":42}},"4":{"start":{"line":15,"column":42},"end":{"line":15,"column":57}},"5":{"start":{"line":16,"column":40},"end":{"line":16,"column":54}},"6":{"start":{"line":18,"column":23},"end":{"line":35,"column":3}},"7":{"start":{"line":19,"column":28},"end":{"line":19,"column":36}},"8":{"start":{"line":20,"column":4},"end":{"line":20,"column":48}},"9":{"start":{"line":23,"column":4},"end":{"line":25,"column":5}},"10":{"start":{"line":24,"column":6},"end":{"line":24,"column":45}},"11":{"start":{"line":26,"column":4},"end":{"line":28,"column":5}},"12":{"start":{"line":27,"column":6},"end":{"line":27,"column":62}},"13":{"start":{"line":27,"column":25},"end":{"line":27,"column":59}},"14":{"start":{"line":29,"column":4},"end":{"line":29,"column":25}},"15":{"start":{"line":32,"column":4},"end":{"line":34,"column":5}},"16":{"start":{"line":33,"column":6},"end":{"line":33,"column":38}},"17":{"start":{"line":38,"column":35},"end":{"line":65,"column":3}},"18":{"start":{"line":39,"column":27},"end":{"line":39,"column":40}},"19":{"start":{"line":41,"column":23},"end":{"line":47,"column":7}},"20":{"start":{"line":50,"column":6},"end":{"line":50,"column":80}},"21":{"start":{"line":51,"column":6},"end":{"line":51,"column":87}},"22":{"start":{"line":52,"column":6},"end":{"line":52,"column":87}},"23":{"start":{"line":53,"column":6},"end":{"line":53,"column":78}},"24":{"start":{"line":57,"column":6},"end":{"line":64,"column":10}},"25":{"start":{"line":57,"column":25},"end":{"line":64,"column":7}},"26":{"start":{"line":67,"column":23},"end":{"line":102,"column":3}},"27":{"start":{"line":68,"column":20},"end":{"line":68,"column":22}},"28":{"start":{"line":69,"column":4},"end":{"line":69,"column":96}},"29":{"start":{"line":69,"column":35},"end":{"line":69,"column":96}},"30":{"start":{"line":70,"column":4},"end":{"line":74,"column":5}},"31":{"start":{"line":71,"column":6},"end":{"line":71,"column":59}},"32":{"start":{"line":72,"column":11},"end":{"line":74,"column":5}},"33":{"start":{"line":73,"column":6},"end":{"line":73,"column":51}},"34":{"start":{"line":75,"column":4},"end":{"line":93,"column":5}},"35":{"start":{"line":76,"column":6},"end":{"line":76,"column":62}},"36":{"start":{"line":79,"column":39},"end":{"line":84,"column":9}},"37":{"start":{"line":85,"column":8},"end":{"line":92,"column":9}},"38":{"start":{"line":85,"column":60},"end":{"line":85,"column":61}},"39":{"start":{"line":86,"column":13},"end":{"line":86,"column":82}},"40":{"start":{"line":88,"column":13},"end":{"line":88,"column":101}},"41":{"start":{"line":88,"column":48},"end":{"line":88,"column":101}},"42":{"start":{"line":89,"column":13},"end":{"line":89,"column":108}},"43":{"start":{"line":89,"column":51},"end":{"line":89,"column":108}},"44":{"start":{"line":90,"column":13},"end":{"line":90,"column":108}},"45":{"start":{"line":90,"column":51},"end":{"line":90,"column":108}},"46":{"start":{"line":91,"column":13},"end":{"line":91,"column":99}},"47":{"start":{"line":91,"column":48},"end":{"line":91,"column":99}},"48":{"start":{"line":94,"column":4},"end":{"line":98,"column":5}},"49":{"start":{"line":95,"column":6},"end":{"line":95,"column":76}},"50":{"start":{"line":96,"column":11},"end":{"line":98,"column":5}},"51":{"start":{"line":97,"column":7},"end":{"line":97,"column":73}},"52":{"start":{"line":100,"column":4},"end":{"line":100,"column":25}},"53":{"start":{"line":101,"column":4},"end":{"line":101,"column":91}},"54":{"start":{"line":101,"column":48},"end":{"line":101,"column":76}},"55":{"start":{"line":104,"column":23},"end":{"line":133,"column":3}},"56":{"start":{"line":105,"column":4},"end":{"line":105,"column":23}},"57":{"start":{"line":106,"column":4},"end":{"line":106,"column":25}},"58":{"start":{"line":107,"column":4},"end":{"line":132,"column":5}},"59":{"start":{"line":108,"column":6},"end":{"line":108,"column":28}},"60":{"start":{"line":109,"column":6},"end":{"line":131,"column":7}},"61":{"start":{"line":110,"column":24},"end":{"line":114,"column":9}},"62":{"start":{"line":115,"column":25},"end":{"line":115,"column":100}},"63":{"start":{"line":120,"column":8},"end":{"line":125,"column":9}},"64":{"start":{"line":121,"column":13},"end":{"line":121,"column":83}},"65":{"start":{"line":122,"column":12},"end":{"line":122,"column":31}},"66":{"start":{"line":124,"column":13},"end":{"line":124,"column":91}},"67":{"start":{"line":127,"column":8},"end":{"line":127,"column":52}},"68":{"start":{"line":128,"column":8},"end":{"line":128,"column":106}},"69":{"start":{"line":130,"column":8},"end":{"line":130,"column":31}},"70":{"start":{"line":136,"column":29},"end":{"line":143,"column":4}},"71":{"start":{"line":137,"column":7},"end":{"line":142,"column":9}},"72":{"start":{"line":146,"column":24},"end":{"line":153,"column":4}},"73":{"start":{"line":147,"column":7},"end":{"line":152,"column":12}},"74":{"start":{"line":155,"column":2},"end":{"line":286,"column":4}},"75":{"start":{"line":241,"column":65},"end":{"line":241,"column":90}}},"fnMap":{"0":{"name":"(anonymous_0)","decl":{"start":{"line":6,"column":17},"end":{"line":6,"column":18}},"loc":{"start":{"line":6,"column":23},"end":{"line":287,"column":1}},"line":6},"1":{"name":"(anonymous_1)","decl":{"start":{"line":18,"column":23},"end":{"line":18,"column":24}},"loc":{"start":{"line":18,"column":30},"end":{"line":35,"column":3}},"line":18},"2":{"name":"(anonymous_2)","decl":{"start":{"line":27,"column":16},"end":{"line":27,"column":17}},"loc":{"start":{"line":27,"column":25},"end":{"line":27,"column":59}},"line":27},"3":{"name":"(anonymous_3)","decl":{"start":{"line":38,"column":35},"end":{"line":38,"column":36}},"loc":{"start":{"line":38,"column":54},"end":{"line":65,"column":3}},"line":38},"4":{"name":"(anonymous_4)","decl":{"start":{"line":57,"column":16},"end":{"line":57,"column":17}},"loc":{"start":{"line":57,"column":25},"end":{"line":64,"column":7}},"line":57},"5":{"name":"(anonymous_5)","decl":{"start":{"line":67,"column":23},"end":{"line":67,"column":24}},"loc":{"start":{"line":67,"column":29},"end":{"line":102,"column":3}},"line":67},"6":{"name":"(anonymous_6)","decl":{"start":{"line":85,"column":55},"end":{"line":85,"column":56}},"loc":{"start":{"line":85,"column":60},"end":{"line":85,"column":61}},"line":85},"7":{"name":"(anonymous_7)","decl":{"start":{"line":101,"column":41},"end":{"line":101,"column":42}},"loc":{"start":{"line":101,"column":48},"end":{"line":101,"column":76}},"line":101},"8":{"name":"(anonymous_8)","decl":{"start":{"line":104,"column":23},"end":{"line":104,"column":24}},"loc":{"start":{"line":104,"column":36},"end":{"line":133,"column":3}},"line":104},"9":{"name":"(anonymous_9)","decl":{"start":{"line":136,"column":29},"end":{"line":136,"column":30}},"loc":{"start":{"line":136,"column":44},"end":{"line":143,"column":4}},"line":136},"10":{"name":"(anonymous_10)","decl":{"start":{"line":146,"column":24},"end":{"line":146,"column":25}},"loc":{"start":{"line":147,"column":7},"end":{"line":152,"column":12}},"line":147},"11":{"name":"(anonymous_11)","decl":{"start":{"line":241,"column":60},"end":{"line":241,"column":61}},"loc":{"start":{"line":241,"column":65},"end":{"line":241,"column":90}},"line":241}},"branchMap":{"0":{"loc":{"start":{"line":23,"column":4},"end":{"line":25,"column":5}},"type":"if","locations":[{"start":{"line":23,"column":4},"end":{"line":25,"column":5}},{"start":{},"end":{}}],"line":23},"1":{"loc":{"start":{"line":26,"column":4},"end":{"line":28,"column":5}},"type":"if","locations":[{"start":{"line":26,"column":4},"end":{"line":28,"column":5}},{"start":{},"end":{}}],"line":26},"2":{"loc":{"start":{"line":26,"column":8},"end":{"line":26,"column":57}},"type":"binary-expr","locations":[{"start":{"line":26,"column":8},"end":{"line":26,"column":27}},{"start":{"line":26,"column":31},"end":{"line":26,"column":57}}],"line":26},"3":{"loc":{"start":{"line":32,"column":4},"end":{"line":34,"column":5}},"type":"if","locations":[{"start":{"line":32,"column":4},"end":{"line":34,"column":5}},{"start":{},"end":{}}],"line":32},"4":{"loc":{"start":{"line":50,"column":30},"end":{"line":50,"column":79}},"type":"cond-expr","locations":[{"start":{"line":50,"column":48},"end":{"line":50,"column":52}},{"start":{"line":50,"column":55},"end":{"line":50,"column":79}}],"line":50},"5":{"loc":{"start":{"line":51,"column":33},"end":{"line":51,"column":86}},"type":"cond-expr","locations":[{"start":{"line":51,"column":54},"end":{"line":51,"column":58}},{"start":{"line":51,"column":61},"end":{"line":51,"column":86}}],"line":51},"6":{"loc":{"start":{"line":52,"column":33},"end":{"line":52,"column":86}},"type":"cond-expr","locations":[{"start":{"line":52,"column":54},"end":{"line":52,"column":58}},{"start":{"line":52,"column":61},"end":{"line":52,"column":86}}],"line":52},"7":{"loc":{"start":{"line":53,"column":30},"end":{"line":53,"column":77}},"type":"cond-expr","locations":[{"start":{"line":53,"column":48},"end":{"line":53,"column":52}},{"start":{"line":53,"column":55},"end":{"line":53,"column":77}}],"line":53},"8":{"loc":{"start":{"line":69,"column":4},"end":{"line":69,"column":96}},"type":"if","locations":[{"start":{"line":69,"column":4},"end":{"line":69,"column":96}},{"start":{},"end":{}}],"line":69},"9":{"loc":{"start":{"line":70,"column":4},"end":{"line":74,"column":5}},"type":"if","locations":[{"start":{"line":70,"column":4},"end":{"line":74,"column":5}},{"start":{"line":72,"column":11},"end":{"line":74,"column":5}}],"line":70},"10":{"loc":{"start":{"line":72,"column":11},"end":{"line":74,"column":5}},"type":"if","locations":[{"start":{"line":72,"column":11},"end":{"line":74,"column":5}},{"start":{},"end":{}}],"line":72},"11":{"loc":{"start":{"line":75,"column":4},"end":{"line":93,"column":5}},"type":"if","locations":[{"start":{"line":75,"column":4},"end":{"line":93,"column":5}},{"start":{"line":77,"column":11},"end":{"line":93,"column":5}}],"line":75},"12":{"loc":{"start":{"line":85,"column":8},"end":{"line":92,"column":9}},"type":"if","locations":[{"start":{"line":85,"column":8},"end":{"line":92,"column":9}},{"start":{},"end":{}}],"line":85},"13":{"loc":{"start":{"line":88,"column":13},"end":{"line":88,"column":101}},"type":"if","locations":[{"start":{"line":88,"column":13},"end":{"line":88,"column":101}},{"start":{},"end":{}}],"line":88},"14":{"loc":{"start":{"line":89,"column":13},"end":{"line":89,"column":108}},"type":"if","locations":[{"start":{"line":89,"column":13},"end":{"line":89,"column":108}},{"start":{},"end":{}}],"line":89},"15":{"loc":{"start":{"line":90,"column":13},"end":{"line":90,"column":108}},"type":"if","locations":[{"start":{"line":90,"column":13},"end":{"line":90,"column":108}},{"start":{},"end":{}}],"line":90},"16":{"loc":{"start":{"line":91,"column":13},"end":{"line":91,"column":99}},"type":"if","locations":[{"start":{"line":91,"column":13},"end":{"line":91,"column":99}},{"start":{},"end":{}}],"line":91},"17":{"loc":{"start":{"line":94,"column":4},"end":{"line":98,"column":5}},"type":"if","locations":[{"start":{"line":94,"column":4},"end":{"line":98,"column":5}},{"start":{"line":96,"column":11},"end":{"line":98,"column":5}}],"line":94},"18":{"loc":{"start":{"line":96,"column":11},"end":{"line":98,"column":5}},"type":"if","locations":[{"start":{"line":96,"column":11},"end":{"line":98,"column":5}},{"start":{},"end":{}}],"line":96},"19":{"loc":{"start":{"line":107,"column":4},"end":{"line":132,"column":5}},"type":"if","locations":[{"start":{"line":107,"column":4},"end":{"line":132,"column":5}},{"start":{},"end":{}}],"line":107},"20":{"loc":{"start":{"line":120,"column":8},"end":{"line":125,"column":9}},"type":"if","locations":[{"start":{"line":120,"column":8},"end":{"line":125,"column":9}},{"start":{"line":123,"column":15},"end":{"line":125,"column":9}}],"line":120},"21":{"loc":{"start":{"line":124,"column":29},"end":{"line":124,"column":89}},"type":"binary-expr","locations":[{"start":{"line":124,"column":29},"end":{"line":124,"column":50}},{"start":{"line":124,"column":54},"end":{"line":124,"column":89}}],"line":124},"22":{"loc":{"start":{"line":128,"column":23},"end":{"line":128,"column":104}},"type":"binary-expr","locations":[{"start":{"line":128,"column":23},"end":{"line":128,"column":52}},{"start":{"line":128,"column":56},"end":{"line":128,"column":69}},{"start":{"line":128,"column":73},"end":{"line":128,"column":104}}],"line":128},"23":{"loc":{"start":{"line":141,"column":13},"end":{"line":141,"column":69}},"type":"cond-expr","locations":[{"start":{"line":141,"column":33},"end":{"line":141,"column":49}},{"start":{"line":141,"column":52},"end":{"line":141,"column":69}}],"line":141},"24":{"loc":{"start":{"line":147,"column":51},"end":{"line":147,"column":97}},"type":"cond-expr","locations":[{"start":{"line":147,"column":63},"end":{"line":147,"column":79}},{"start":{"line":147,"column":82},"end":{"line":147,"column":97}}],"line":147},"25":{"loc":{"start":{"line":148,"column":12},"end":{"line":150,"column":94}},"type":"cond-expr","locations":[{"start":{"line":149,"column":14},"end":{"line":149,"column":74}},{"start":{"line":150,"column":14},"end":{"line":150,"column":94}}],"line":148},"26":{"loc":{"start":{"line":181,"column":12},"end":{"line":185,"column":13}},"type":"binary-expr","locations":[{"start":{"line":181,"column":12},"end":{"line":181,"column":23}},{"start":{"line":182,"column":17},"end":{"line":184,"column":22}}],"line":181},"27":{"loc":{"start":{"line":202,"column":15},"end":{"line":202,"column":101}},"type":"binary-expr","locations":[{"start":{"line":202,"column":15},"end":{"line":202,"column":30}},{"start":{"line":202,"column":34},"end":{"line":202,"column":101}}],"line":202},"28":{"loc":{"start":{"line":221,"column":16},"end":{"line":221,"column":96}},"type":"binary-expr","locations":[{"start":{"line":221,"column":16},"end":{"line":221,"column":28}},{"start":{"line":221,"column":32},"end":{"line":221,"column":96}}],"line":221},"29":{"loc":{"start":{"line":241,"column":15},"end":{"line":242,"column":83}},"type":"binary-expr","locations":[{"start":{"line":241,"column":15},"end":{"line":241,"column":30}},{"start":{"line":241,"column":34},"end":{"line":241,"column":91}},{"start":{"line":242,"column":16},"end":{"line":242,"column":83}}],"line":241},"30":{"loc":{"start":{"line":247,"column":41},"end":{"line":247,"column":96}},"type":"binary-expr","locations":[{"start":{"line":247,"column":41},"end":{"line":247,"column":64}},{"start":{"line":247,"column":68},"end":{"line":247,"column":96}}],"line":247},"31":{"loc":{"start":{"line":248,"column":41},"end":{"line":248,"column":99}},"type":"binary-expr","locations":[{"start":{"line":248,"column":41},"end":{"line":248,"column":67}},{"start":{"line":248,"column":71},"end":{"line":248,"column":99}}],"line":248},"32":{"loc":{"start":{"line":249,"column":41},"end":{"line":249,"column":99}},"type":"binary-expr","locations":[{"start":{"line":249,"column":41},"end":{"line":249,"column":67}},{"start":{"line":249,"column":71},"end":{"line":249,"column":99}}],"line":249},"33":{"loc":{"start":{"line":250,"column":41},"end":{"line":250,"column":96}},"type":"binary-expr","locations":[{"start":{"line":250,"column":41},"end":{"line":250,"column":64}},{"start":{"line":250,"column":68},"end":{"line":250,"column":96}}],"line":250},"34":{"loc":{"start":{"line":270,"column":16},"end":{"line":270,"column":116}},"type":"binary-expr","locations":[{"start":{"line":270,"column":16},"end":{"line":270,"column":38}},{"start":{"line":270,"column":42},"end":{"line":270,"column":116}}],"line":270},"35":{"loc":{"start":{"line":278,"column":174},"end":{"line":278,"column":327}},"type":"cond-expr","locations":[{"start":{"line":278,"column":189},"end":{"line":278,"column":221}},{"start":{"line":278,"column":224},"end":{"line":278,"column":327}}],"line":278},"36":{"loc":{"start":{"line":280,"column":15},"end":{"line":280,"column":76}},"type":"cond-expr","locations":[{"start":{"line":280,"column":30},"end":{"line":280,"column":55}},{"start":{"line":280,"column":58},"end":{"line":280,"column":76}}],"line":280}},"s":{"0":0,"1":0,"2":0,"3":0,"4":0,"5":0,"6":0,"7":0,"8":0,"9":0,"10":0,"11":0,"12":0,"13":0,"14":0,"15":0,"16":0,"17":0,"18":0,"19":0,"20":0,"21":0,"22":0,"23":0,"24":0,"25":0,"26":0,"27":0,"28":0,"29":0,"30":0,"31":0,"32":0,"33":0,"34":0,"35":0,"36":0,"37":0,"38":0,"39":0,"40":0,"41":0,"42":0,"43":0,"44":0,"45":0,"46":0,"47":0,"48":0,"49":0,"50":0,"51":0,"52":0,"53":0,"54":0,"55":0,"56":0,"57":0,"58":0,"59":0,"60":0,"61":0,"62":0,"63":0,"64":0,"65":0,"66":0,"67":0,"68":0,"69":0,"70":0,"71":0,"72":0,"73":0,"74":0,"75":0},"f":{"0":0,"1":0,"2":0,"3":0,"4":0,"5":0,"6":0,"7":0,"8":0,"9":0,"10":0,"11":0},"b":{"0":[0,0],"1":[0,0],"2":[0,0],"3":[0,0],"4":[0,0],"5":[0,0],"6":[0,0],"7":[0,0],"8":[0,0],"9":[0,0],"10":[0,0],"11":[0,0],"12":[0,0],"13":[0,0],"14":[0,0],"15":[0,0],"16":[0,0],"17":[0,0],"18":[0,0],"19":[0,0],"20":[0,0],"21":[0,0],"22":[0,0,0],"23":[0,0],"24":[0,0],"25":[0,0],"26":[0,0],"27":[0,0],"28":[0,0],"29":[0,0,0],"30":[0,0],"31":[0,0],"32":[0,0],"33":[0,0],"34":[0,0],"35":[0,0],"36":[0,0]}}
,"D:\\Projet\\Nouveau dossier\\THETIPTOP_GAME\\frontend\\src\\pages\\Reglement\\Regle.jsx": {"path":"D:\\Projet\\Nouveau dossier\\THETIPTOP_GAME\\frontend\\src\\pages\\Reglement\\Regle.jsx","statementMap":{"0":{"start":{"line":4,"column":14},"end":{"line":76,"column":1}},"1":{"start":{"line":5,"column":23},"end":{"line":50,"column":3}},"2":{"start":{"line":52,"column":2},"end":{"line":75,"column":4}},"3":{"start":{"line":61,"column":12},"end":{"line":70,"column":22}},"4":{"start":{"line":67,"column":18},"end":{"line":67,"column":49}}},"fnMap":{"0":{"name":"(anonymous_0)","decl":{"start":{"line":4,"column":14},"end":{"line":4,"column":15}},"loc":{"start":{"line":4,"column":20},"end":{"line":76,"column":1}},"line":4},"1":{"name":"(anonymous_1)","decl":{"start":{"line":60,"column":28},"end":{"line":60,"column":29}},"loc":{"start":{"line":61,"column":12},"end":{"line":70,"column":22}},"line":61},"2":{"name":"(anonymous_2)","decl":{"start":{"line":66,"column":35},"end":{"line":66,"column":36}},"loc":{"start":{"line":67,"column":18},"end":{"line":67,"column":49}},"line":67}},"branchMap":{},"s":{"0":0,"1":0,"2":0,"3":0,"4":0},"f":{"0":0,"1":0,"2":0},"b":{}}
}
