TN:
SF:src\AppRoutes.jsx
FN:24,(anonymous_0)
FNF:1
FNH:0
FNDA:0,(anonymous_0)
DA:24,0
DA:25,0
LF:2
LH:0
BRF:0
BRH:0
end_of_record
TN:
SF:src\index.jsx
FNF:0
FNH:0
DA:7,0
DA:9,0
LF:2
LH:0
BRF:0
BRH:0
end_of_record
TN:
SF:src\reportWebVitals.js
FN:1,(anonymous_0)
FN:3,(anonymous_1)
FNF:2
FNH:0
FNDA:0,(anonymous_0)
FNDA:0,(anonymous_1)
DA:1,0
DA:2,0
DA:3,0
DA:4,0
DA:5,0
DA:6,0
DA:7,0
DA:8,0
LF:8
LH:0
BRDA:2,0,0,0
BRDA:2,0,1,0
BRDA:2,1,0,0
BRDA:2,1,1,0
BRF:4
BRH:0
end_of_record
TN:
SF:src\routes.js
FNF:0
FNH:0
DA:15,0
LF:1
LH:0
BRF:0
BRH:0
end_of_record
TN:
SF:src\components\DashboardLayout.jsx
FN:6,(anonymous_0)
FN:59,(anonymous_1)
FN:67,(anonymous_2)
FN:80,(anonymous_3)
FNF:4
FNH:0
FNDA:0,(anonymous_0)
FNDA:0,(anonymous_1)
FNDA:0,(anonymous_2)
FNDA:0,(anonymous_3)
DA:6,0
DA:7,0
DA:10,0
DA:11,0
DA:12,0
DA:13,0
DA:14,0
DA:15,0
DA:17,0
DA:19,0
DA:20,0
DA:21,0
DA:22,0
DA:23,0
DA:24,0
DA:30,0
DA:32,0
DA:33,0
DA:34,0
DA:35,0
DA:36,0
DA:37,0
DA:41,0
DA:43,0
DA:44,0
DA:45,0
DA:46,0
DA:47,0
DA:48,0
DA:53,0
DA:56,0
DA:59,0
DA:60,0
DA:62,0
DA:67,0
DA:69,0
DA:72,0
DA:81,0
LF:38
LH:0
BRDA:17,0,0,0
BRDA:17,0,1,0
BRDA:17,0,2,0
BRDA:17,0,3,0
BRDA:84,1,0,0
BRDA:84,1,1,0
BRF:6
BRH:0
end_of_record
TN:
SF:src\components\Footer.jsx
FN:11,(anonymous_0)
FN:26,(anonymous_1)
FN:31,(anonymous_2)
FN:34,(anonymous_3)
FN:37,(anonymous_4)
FN:43,(anonymous_5)
FN:65,(anonymous_6)
FN:77,(anonymous_7)
FN:85,(anonymous_8)
FN:95,(anonymous_9)
FNF:10
FNH:0
FNDA:0,(anonymous_0)
FNDA:0,(anonymous_1)
FNDA:0,(anonymous_2)
FNDA:0,(anonymous_3)
FNDA:0,(anonymous_4)
FNDA:0,(anonymous_5)
FNDA:0,(anonymous_6)
FNDA:0,(anonymous_7)
FNDA:0,(anonymous_8)
FNDA:0,(anonymous_9)
DA:11,0
DA:12,0
DA:26,0
DA:27,0
DA:28,0
DA:31,0
DA:32,0
DA:33,0
DA:34,0
DA:35,0
DA:36,0
DA:37,0
DA:38,0
DA:39,0
DA:43,0
DA:44,0
DA:48,0
DA:49,0
DA:53,0
DA:65,0
DA:77,0
DA:85,0
DA:95,0
LF:23
LH:0
BRDA:18,0,0,0
BRDA:18,0,1,0
BRDA:20,1,0,0
BRDA:20,1,1,0
BRDA:44,2,0,0
BRDA:44,2,1,0
BRDA:48,3,0,0
BRDA:48,3,1,0
BRF:8
BRH:0
end_of_record
TN:
SF:src\components\Header.jsx
FN:4,(anonymous_0)
FN:10,(anonymous_1)
FN:18,(anonymous_2)
FN:32,(anonymous_3)
FN:37,(anonymous_4)
FN:45,(anonymous_5)
FN:51,(anonymous_6)
FN:53,(anonymous_7)
FN:59,(anonymous_8)
FN:98,(anonymous_9)
FN:114,(anonymous_10)
FN:123,(anonymous_11)
FNF:12
FNH:0
FNDA:0,(anonymous_0)
FNDA:0,(anonymous_1)
FNDA:0,(anonymous_2)
FNDA:0,(anonymous_3)
FNDA:0,(anonymous_4)
FNDA:0,(anonymous_5)
FNDA:0,(anonymous_6)
FNDA:0,(anonymous_7)
FNDA:0,(anonymous_8)
FNDA:0,(anonymous_9)
FNDA:0,(anonymous_10)
FNDA:0,(anonymous_11)
DA:4,0
DA:5,0
DA:10,0
DA:11,0
DA:12,0
DA:13,0
DA:14,0
DA:15,0
DA:18,0
DA:19,0
DA:20,0
DA:21,0
DA:22,0
DA:25,0
DA:26,0
DA:27,0
DA:28,0
DA:29,0
DA:31,0
DA:32,0
DA:33,0
DA:37,0
DA:38,0
DA:39,0
DA:42,0
DA:43,0
DA:45,0
DA:46,0
DA:47,0
DA:51,0
DA:53,0
DA:54,0
DA:55,0
DA:56,0
DA:58,0
DA:59,0
DA:60,0
DA:64,0
DA:65,0
DA:67,0
DA:98,0
DA:114,0
DA:123,0
LF:43
LH:0
BRDA:25,0,0,0
BRDA:25,0,1,0
BRDA:25,1,0,0
BRDA:25,1,1,0
BRDA:25,1,2,0
BRDA:25,1,3,0
BRDA:28,2,0,0
BRDA:28,2,1,0
BRDA:29,3,0,0
BRDA:29,3,1,0
BRDA:55,4,0,0
BRDA:55,4,1,0
BRDA:56,5,0,0
BRDA:56,5,1,0
BRDA:64,6,0,0
BRDA:64,6,1,0
BRDA:76,7,0,0
BRDA:76,7,1,0
BRDA:78,8,0,0
BRDA:78,8,1,0
BRDA:82,9,0,0
BRDA:82,9,1,0
BRDA:84,10,0,0
BRDA:84,10,1,0
BRDA:100,11,0,0
BRDA:100,11,1,0
BRDA:106,12,0,0
BRDA:106,12,1,0
BRDA:110,13,0,0
BRDA:110,13,1,0
BRDA:112,14,0,0
BRDA:112,14,1,0
BRDA:118,15,0,0
BRDA:118,15,1,0
BRDA:121,16,0,0
BRDA:121,16,1,0
BRF:36
BRH:0
end_of_record
TN:
SF:src\components\PrizeDistributionChart.jsx
FN:20,(anonymous_0)
FN:22,(anonymous_1)
FN:30,(anonymous_2)
FN:60,(anonymous_3)
FN:64,(anonymous_4)
FNF:5
FNH:0
FNDA:0,(anonymous_0)
FNDA:0,(anonymous_1)
FNDA:0,(anonymous_2)
FNDA:0,(anonymous_3)
FNDA:0,(anonymous_4)
DA:11,0
DA:20,0
DA:22,0
DA:30,0
DA:31,0
DA:32,0
DA:33,0
DA:45,0
DA:48,0
DA:61,0
DA:65,0
LF:11
LH:0
BRDA:31,0,0,0
BRDA:31,0,1,0
BRDA:31,1,0,0
BRDA:31,1,1,0
BRDA:31,1,2,0
BRF:5
BRH:0
end_of_record
TN:
SF:src\components\ProtectedRoute.jsx
FN:4,(anonymous_0)
FNF:1
FNH:0
FNDA:0,(anonymous_0)
DA:4,0
DA:5,0
DA:7,0
DA:11,0
DA:12,0
DA:17,0
LF:6
LH:0
BRDA:7,0,0,0
BRDA:7,0,1,0
BRDA:17,1,0,0
BRDA:17,1,1,0
BRF:4
BRH:0
end_of_record
TN:
SF:src\components\StaticPageLayout.jsx
FN:4,(anonymous_0)
FNF:1
FNH:0
FNDA:0,(anonymous_0)
DA:4,0
DA:5,0
LF:2
LH:0
BRF:0
BRH:0
end_of_record
TN:
SF:src\components\TicketUsageChart.jsx
FN:13,(anonymous_0)
FN:33,(anonymous_1)
FNF:2
FNH:0
FNDA:0,(anonymous_0)
FNDA:0,(anonymous_1)
DA:13,0
DA:19,0
DA:33,0
DA:34,0
DA:35,0
DA:49,0
DA:52,0
LF:7
LH:0
BRDA:22,0,0,0
BRDA:22,0,1,0
BRDA:23,1,0,0
BRDA:23,1,1,0
BRDA:27,2,0,0
BRDA:27,2,1,0
BRDA:28,3,0,0
BRDA:28,3,1,0
BRDA:34,4,0,0
BRDA:34,4,1,0
BRDA:34,5,0,0
BRDA:34,5,1,0
BRDA:34,5,2,0
BRF:13
BRH:0
end_of_record
TN:
SF:src\components\UserActivityChart.jsx
FN:13,(anonymous_0)
FN:15,(anonymous_1)
FNF:2
FNH:0
FNDA:0,(anonymous_0)
FNDA:0,(anonymous_1)
DA:13,0
DA:15,0
DA:16,0
DA:17,0
DA:19,0
DA:20,0
DA:21,0
DA:25,0
DA:27,0
DA:34,0
DA:37,0
DA:39,0
LF:12
LH:0
BRF:0
BRH:0
end_of_record
TN:
SF:src\pages\Home.jsx
FN:4,(anonymous_0)
FN:51,(anonymous_1)
FNF:2
FNH:2
FNDA:3,(anonymous_0)
FNDA:15,(anonymous_1)
DA:4,1
DA:5,3
DA:13,3
DA:52,15
LF:4
LH:4
BRF:0
BRH:0
end_of_record
TN:
SF:src\pages\About\About.jsx
FN:4,(anonymous_0)
FNF:1
FNH:0
FNDA:0,(anonymous_0)
DA:4,0
DA:5,0
LF:2
LH:0
BRF:0
BRH:0
end_of_record
TN:
SF:src\pages\Confidentialite\Cgu.jsx
FN:5,(anonymous_0)
FNF:1
FNH:0
FNDA:0,(anonymous_0)
DA:5,0
DA:6,0
LF:2
LH:0
BRF:0
BRH:0
end_of_record
TN:
SF:src\pages\Confidentialite\Cgv.jsx
FN:5,(anonymous_0)
FNF:1
FNH:0
FNDA:0,(anonymous_0)
DA:5,0
DA:6,0
LF:2
LH:0
BRF:0
BRH:0
end_of_record
TN:
SF:src\pages\Confidentialite\Mention.jsx
FN:5,(anonymous_0)
FNF:1
FNH:0
FNDA:0,(anonymous_0)
DA:5,0
DA:6,0
LF:2
LH:0
BRF:0
BRH:0
end_of_record
TN:
SF:src\pages\Confidentialite\Politique.jsx
FN:5,(anonymous_0)
FNF:1
FNH:0
FNDA:0,(anonymous_0)
DA:5,0
DA:6,0
LF:2
LH:0
BRF:0
BRH:0
end_of_record
TN:
SF:src\pages\Contact\Contact.jsx
FN:6,(anonymous_0)
FN:19,(anonymous_1)
FN:29,(anonymous_2)
FN:53,(anonymous_3)
FN:97,(anonymous_4)
FN:109,(anonymous_5)
FNF:6
FNH:0
FNDA:0,(anonymous_0)
FNDA:0,(anonymous_1)
FNDA:0,(anonymous_2)
FNDA:0,(anonymous_3)
FNDA:0,(anonymous_4)
FNDA:0,(anonymous_5)
DA:6,0
DA:7,0
DA:14,0
DA:15,0
DA:16,0
DA:17,0
DA:19,0
DA:20,0
DA:22,0
DA:23,0
DA:25,0
DA:26,0
DA:29,0
DA:30,0
DA:31,0
DA:32,0
DA:34,0
DA:35,0
DA:37,0
DA:38,0
DA:40,0
DA:41,0
DA:42,0
DA:43,0
DA:45,0
DA:46,0
DA:49,0
DA:50,0
DA:53,0
DA:54,0
DA:55,0
DA:56,0
DA:58,0
DA:59,0
DA:61,0
DA:68,0
DA:70,0
DA:73,0
DA:76,0
DA:77,0
DA:78,0
DA:79,0
DA:83,0
DA:87,0
DA:89,0
DA:91,0
DA:97,0
DA:98,0
DA:99,0
DA:101,0
DA:102,0
DA:103,0
DA:104,0
DA:106,0
DA:109,0
DA:110,0
DA:111,0
DA:112,0
DA:116,0
LF:59
LH:0
BRDA:22,0,0,0
BRDA:22,0,1,0
BRDA:31,1,0,0
BRDA:31,1,1,0
BRDA:34,2,0,0
BRDA:34,2,1,0
BRDA:37,3,0,0
BRDA:37,3,1,0
BRDA:40,4,0,0
BRDA:40,4,1,0
BRDA:42,5,0,0
BRDA:42,5,1,0
BRDA:45,6,0,0
BRDA:45,6,1,0
BRDA:58,7,0,0
BRDA:58,7,1,0
BRDA:76,8,0,0
BRDA:76,8,1,0
BRDA:83,9,0,0
BRDA:83,9,1,0
BRDA:89,10,0,0
BRDA:89,10,1,0
BRDA:89,10,2,0
BRDA:99,11,0,0
BRDA:99,11,1,0
BRDA:101,12,0,0
BRDA:101,12,1,0
BRDA:101,12,2,0
BRDA:111,13,0,0
BRDA:111,13,1,0
BRDA:122,14,0,0
BRDA:122,14,1,0
BRDA:127,15,0,0
BRDA:127,15,1,0
BRDA:147,16,0,0
BRDA:147,16,1,0
BRDA:163,17,0,0
BRDA:163,17,1,0
BRDA:179,18,0,0
BRDA:179,18,1,0
BRDA:195,19,0,0
BRDA:195,19,1,0
BRDA:210,20,0,0
BRDA:210,20,1,0
BRDA:218,21,0,0
BRDA:218,21,1,0
BRDA:220,22,0,0
BRDA:220,22,1,0
BRF:48
BRH:0
end_of_record
TN:
SF:src\pages\Dashbords\AdminDashboard.jsx
FN:27,(anonymous_0)
FN:44,(anonymous_1)
FN:45,(anonymous_2)
FN:99,(anonymous_3)
FN:105,(anonymous_4)
FN:115,(anonymous_5)
FN:128,(anonymous_6)
FN:138,(anonymous_7)
FN:159,(anonymous_8)
FN:165,(anonymous_9)
FN:176,(anonymous_10)
FN:268,(anonymous_11)
FN:291,(anonymous_12)
FN:304,(anonymous_13)
FN:308,(anonymous_14)
FN:310,(anonymous_15)
FN:312,(anonymous_16)
FN:325,(anonymous_17)
FN:359,(anonymous_18)
FN:415,(anonymous_19)
FN:421,(anonymous_20)
FN:454,(anonymous_21)
FN:489,(anonymous_22)
FN:674,(anonymous_23)
FN:676,(anonymous_24)
FN:687,(anonymous_25)
FN:702,(anonymous_26)
FN:704,(anonymous_27)
FN:715,(anonymous_28)
FN:730,(anonymous_29)
FN:733,(anonymous_30)
FN:745,(anonymous_31)
FN:862,(anonymous_32)
FN:902,(anonymous_33)
FN:1092,(anonymous_34)
FN:1102,(anonymous_35)
FN:1112,(anonymous_36)
FNF:37
FNH:0
FNDA:0,(anonymous_0)
FNDA:0,(anonymous_1)
FNDA:0,(anonymous_2)
FNDA:0,(anonymous_3)
FNDA:0,(anonymous_4)
FNDA:0,(anonymous_5)
FNDA:0,(anonymous_6)
FNDA:0,(anonymous_7)
FNDA:0,(anonymous_8)
FNDA:0,(anonymous_9)
FNDA:0,(anonymous_10)
FNDA:0,(anonymous_11)
FNDA:0,(anonymous_12)
FNDA:0,(anonymous_13)
FNDA:0,(anonymous_14)
FNDA:0,(anonymous_15)
FNDA:0,(anonymous_16)
FNDA:0,(anonymous_17)
FNDA:0,(anonymous_18)
FNDA:0,(anonymous_19)
FNDA:0,(anonymous_20)
FNDA:0,(anonymous_21)
FNDA:0,(anonymous_22)
FNDA:0,(anonymous_23)
FNDA:0,(anonymous_24)
FNDA:0,(anonymous_25)
FNDA:0,(anonymous_26)
FNDA:0,(anonymous_27)
FNDA:0,(anonymous_28)
FNDA:0,(anonymous_29)
FNDA:0,(anonymous_30)
FNDA:0,(anonymous_31)
FNDA:0,(anonymous_32)
FNDA:0,(anonymous_33)
FNDA:0,(anonymous_34)
FNDA:0,(anonymous_35)
FNDA:0,(anonymous_36)
DA:25,0
DA:27,0
DA:29,0
DA:30,0
DA:31,0
DA:32,0
DA:33,0
DA:34,0
DA:35,0
DA:36,0
DA:40,0
DA:41,0
DA:44,0
DA:45,0
DA:46,0
DA:47,0
DA:49,0
DA:50,0
DA:51,0
DA:52,0
DA:53,0
DA:56,0
DA:58,0
DA:62,0
DA:63,0
DA:64,0
DA:65,0
DA:66,0
DA:69,0
DA:72,0
DA:79,0
DA:80,0
DA:81,0
DA:82,0
DA:84,0
DA:85,0
DA:86,0
DA:88,0
DA:91,0
DA:95,0
DA:99,0
DA:100,0
DA:101,0
DA:105,0
DA:106,0
DA:107,0
DA:108,0
DA:115,0
DA:116,0
DA:117,0
DA:119,0
DA:121,0
DA:123,0
DA:128,0
DA:129,0
DA:130,0
DA:131,0
DA:133,0
DA:138,0
DA:139,0
DA:140,0
DA:142,0
DA:145,0
DA:148,0
DA:149,0
DA:152,0
DA:154,0
DA:159,0
DA:160,0
DA:161,0
DA:165,0
DA:166,0
DA:168,0
DA:176,0
DA:269,0
DA:291,0
DA:304,0
DA:305,0
DA:307,0
DA:308,0
DA:309,0
DA:310,0
DA:311,0
DA:312,0
DA:315,0
DA:325,0
DA:360,0
DA:415,0
DA:421,0
DA:454,0
DA:456,0
DA:467,0
DA:479,0
DA:486,0
DA:487,0
DA:488,0
DA:489,0
DA:492,0
DA:493,0
DA:494,0
DA:499,0
DA:504,0
DA:508,0
DA:513,0
DA:515,0
DA:517,0
DA:674,0
DA:676,0
DA:687,0
DA:702,0
DA:704,0
DA:715,0
DA:730,0
DA:733,0
DA:745,0
DA:863,0
DA:902,0
DA:905,0
DA:912,0
DA:917,0
DA:921,0
DA:926,0
DA:929,0
DA:930,0
DA:946,0
DA:1066,0
DA:1092,0
DA:1102,0
DA:1112,0
LF:129
LH:0
BRDA:25,0,0,0
BRDA:25,0,1,0
BRDA:50,1,0,0
BRDA:50,1,1,0
BRDA:63,2,0,0
BRDA:63,2,1,0
BRDA:79,3,0,0
BRDA:79,3,1,0
BRDA:80,4,0,0
BRDA:80,4,1,0
BRDA:81,5,0,0
BRDA:81,5,1,0
BRDA:82,6,0,0
BRDA:82,6,1,0
BRDA:85,7,0,0
BRDA:85,7,1,0
BRDA:88,8,0,0
BRDA:88,8,1,0
BRDA:116,9,0,0
BRDA:116,9,1,0
BRDA:123,10,0,0
BRDA:123,10,1,0
BRDA:139,11,0,0
BRDA:139,11,1,0
BRDA:148,12,0,0
BRDA:148,12,1,0
BRDA:148,13,0,0
BRDA:148,13,1,0
BRDA:152,14,0,0
BRDA:152,14,1,0
BRDA:154,15,0,0
BRDA:154,15,1,0
BRDA:166,16,0,0
BRDA:166,16,1,0
BRDA:195,17,0,0
BRDA:195,17,1,0
BRDA:204,18,0,0
BRDA:204,18,1,0
BRDA:206,19,0,0
BRDA:206,19,1,0
BRDA:211,20,0,0
BRDA:211,20,1,0
BRDA:213,21,0,0
BRDA:213,21,1,0
BRDA:220,22,0,0
BRDA:220,22,1,0
BRDA:225,23,0,0
BRDA:225,23,1,0
BRDA:245,24,0,0
BRDA:245,24,1,0
BRDA:272,25,0,0
BRDA:272,25,1,0
BRDA:277,26,0,0
BRDA:277,26,1,0
BRDA:307,27,0,0
BRDA:307,27,1,0
BRDA:309,28,0,0
BRDA:309,28,1,0
BRDA:311,29,0,0
BRDA:311,29,1,0
BRDA:364,30,0,0
BRDA:364,30,1,0
BRDA:380,31,0,0
BRDA:380,31,1,0
BRDA:382,32,0,0
BRDA:382,32,1,0
BRDA:387,33,0,0
BRDA:387,33,1,0
BRDA:389,34,0,0
BRDA:389,34,1,0
BRDA:398,35,0,0
BRDA:398,35,1,0
BRDA:403,36,0,0
BRDA:403,36,1,0
BRDA:467,37,0,0
BRDA:467,37,1,0
BRDA:467,38,0,0
BRDA:467,38,1,0
BRDA:467,38,2,0
BRDA:469,39,0,0
BRDA:469,39,1,0
BRDA:472,40,0,0
BRDA:472,40,1,0
BRDA:479,41,0,0
BRDA:479,41,1,0
BRDA:479,42,0,0
BRDA:479,42,1,0
BRDA:479,42,2,0
BRDA:486,43,0,0
BRDA:486,43,1,0
BRDA:487,44,0,0
BRDA:487,44,1,0
BRDA:488,45,0,0
BRDA:488,45,1,0
BRDA:489,46,0,0
BRDA:489,46,1,0
BRDA:493,47,0,0
BRDA:493,47,1,0
BRDA:493,48,0,0
BRDA:493,48,1,0
BRDA:499,49,0,0
BRDA:499,49,1,0
BRDA:499,50,0,0
BRDA:499,50,1,0
BRDA:499,50,2,0
BRDA:499,50,3,0
BRDA:504,51,0,0
BRDA:504,51,1,0
BRDA:508,52,0,0
BRDA:508,52,1,0
BRDA:513,53,0,0
BRDA:513,53,1,0
BRDA:515,54,0,0
BRDA:515,54,1,0
BRDA:556,55,0,0
BRDA:556,55,1,0
BRDA:556,56,0,0
BRDA:556,56,1,0
BRDA:589,57,0,0
BRDA:589,57,1,0
BRDA:627,58,0,0
BRDA:627,58,1,0
BRDA:627,59,0,0
BRDA:627,59,1,0
BRDA:640,60,0,0
BRDA:640,60,1,0
BRDA:640,60,2,0
BRDA:657,61,0,0
BRDA:657,61,1,0
BRDA:687,62,0,0
BRDA:687,62,1,0
BRDA:715,63,0,0
BRDA:715,63,1,0
BRDA:745,64,0,0
BRDA:745,64,1,0
BRDA:756,65,0,0
BRDA:756,65,1,0
BRDA:773,66,0,0
BRDA:773,66,1,0
BRDA:852,67,0,0
BRDA:852,67,1,0
BRDA:860,68,0,0
BRDA:860,68,1,0
BRDA:873,69,0,0
BRDA:873,69,1,0
BRDA:876,70,0,0
BRDA:876,70,1,0
BRDA:905,71,0,0
BRDA:905,71,1,0
BRDA:905,72,0,0
BRDA:905,72,1,0
BRDA:905,72,2,0
BRDA:912,73,0,0
BRDA:912,73,1,0
BRDA:912,74,0,0
BRDA:912,74,1,0
BRDA:912,74,2,0
BRDA:912,74,3,0
BRDA:917,75,0,0
BRDA:917,75,1,0
BRDA:921,76,0,0
BRDA:921,76,1,0
BRDA:926,77,0,0
BRDA:926,77,1,0
BRDA:929,78,0,0
BRDA:929,78,1,0
BRDA:954,79,0,0
BRDA:954,79,1,0
BRDA:963,80,0,0
BRDA:963,80,1,0
BRDA:963,80,2,0
BRDA:981,81,0,0
BRDA:981,81,1,0
BRDA:1004,82,0,0
BRDA:1004,82,1,0
BRDA:1055,83,0,0
BRDA:1055,83,1,0
BRDA:1055,83,2,0
BRDA:1055,83,3,0
BRDA:1068,84,0,0
BRDA:1068,84,1,0
BRDA:1072,85,0,0
BRDA:1072,85,1,0
BRDA:1094,86,0,0
BRDA:1094,86,1,0
BRDA:1104,87,0,0
BRDA:1104,87,1,0
BRDA:1114,88,0,0
BRDA:1114,88,1,0
BRDA:1126,89,0,0
BRDA:1126,89,1,0
BRDA:1127,90,0,0
BRDA:1127,90,1,0
BRDA:1128,91,0,0
BRDA:1128,91,1,0
BRDA:1132,92,0,0
BRDA:1132,92,1,0
BRF:197
BRH:0
end_of_record
TN:
SF:src\pages\Dashbords\ClientDashboard.jsx
FN:10,(anonymous_0)
FN:13,(anonymous_1)
FN:14,(anonymous_2)
FN:15,(anonymous_3)
FN:16,(anonymous_4)
FN:17,(anonymous_5)
FN:20,(anonymous_6)
FN:34,(anonymous_7)
FN:35,(anonymous_8)
FN:80,(anonymous_9)
FN:118,(anonymous_10)
FN:124,(anonymous_11)
FN:133,(anonymous_12)
FN:139,(anonymous_13)
FN:332,(anonymous_14)
FNF:15
FNH:0
FNDA:0,(anonymous_0)
FNDA:0,(anonymous_1)
FNDA:0,(anonymous_2)
FNDA:0,(anonymous_3)
FNDA:0,(anonymous_4)
FNDA:0,(anonymous_5)
FNDA:0,(anonymous_6)
FNDA:0,(anonymous_7)
FNDA:0,(anonymous_8)
FNDA:0,(anonymous_9)
FNDA:0,(anonymous_10)
FNDA:0,(anonymous_11)
FNDA:0,(anonymous_12)
FNDA:0,(anonymous_13)
FNDA:0,(anonymous_14)
DA:10,0
DA:13,0
DA:14,0
DA:15,0
DA:16,0
DA:17,0
DA:18,0
DA:20,0
DA:21,0
DA:22,0
DA:23,0
DA:24,0
DA:25,0
DA:26,0
DA:27,0
DA:30,0
DA:31,0
DA:32,0
DA:34,0
DA:35,0
DA:36,0
DA:37,0
DA:38,0
DA:40,0
DA:41,0
DA:42,0
DA:43,0
DA:46,0
DA:47,0
DA:56,0
DA:57,0
DA:58,0
DA:60,0
DA:63,0
DA:64,0
DA:65,0
DA:66,0
DA:69,0
DA:72,0
DA:76,0
DA:80,0
DA:81,0
DA:82,0
DA:83,0
DA:84,0
DA:86,0
DA:87,0
DA:88,0
DA:89,0
DA:92,0
DA:94,0
DA:98,0
DA:99,0
DA:102,0
DA:105,0
DA:106,0
DA:107,0
DA:108,0
DA:110,0
DA:113,0
DA:118,0
DA:119,0
DA:120,0
DA:124,0
DA:125,0
DA:126,0
DA:127,0
DA:128,0
DA:129,0
DA:133,0
DA:134,0
DA:135,0
DA:136,0
DA:139,0
DA:140,0
DA:141,0
DA:142,0
DA:143,0
DA:144,0
DA:146,0
DA:147,0
DA:148,0
DA:149,0
DA:153,0
DA:154,0
DA:155,0
DA:156,0
DA:157,0
DA:158,0
DA:159,0
DA:161,0
DA:164,0
DA:165,0
DA:169,0
DA:170,0
DA:171,0
DA:172,0
DA:173,0
DA:175,0
DA:178,0
DA:179,0
DA:181,0
DA:185,0
DA:333,0
LF:104
LH:0
BRDA:13,0,0,0
BRDA:13,0,1,0
BRDA:14,1,0,0
BRDA:14,1,1,0
BRDA:15,2,0,0
BRDA:15,2,1,0
BRDA:16,3,0,0
BRDA:16,3,1,0
BRDA:17,4,0,0
BRDA:17,4,1,0
BRDA:18,5,0,0
BRDA:18,5,1,0
BRDA:40,6,0,0
BRDA:40,6,1,0
BRDA:56,7,0,0
BRDA:56,7,1,0
BRDA:60,8,0,0
BRDA:60,8,1,0
BRDA:64,9,0,0
BRDA:64,9,1,0
BRDA:64,10,0,0
BRDA:64,10,1,0
BRDA:69,11,0,0
BRDA:69,11,1,0
BRDA:86,12,0,0
BRDA:86,12,1,0
BRDA:98,13,0,0
BRDA:98,13,1,0
BRDA:102,14,0,0
BRDA:102,14,1,0
BRDA:106,15,0,0
BRDA:106,15,1,0
BRDA:106,16,0,0
BRDA:106,16,1,0
BRDA:110,17,0,0
BRDA:110,17,1,0
BRDA:119,18,0,0
BRDA:119,18,1,0
BRDA:128,19,0,0
BRDA:128,19,1,0
BRDA:128,20,0,0
BRDA:128,20,1,0
BRDA:146,21,0,0
BRDA:146,21,1,0
BRDA:169,22,0,0
BRDA:169,22,1,0
BRDA:175,23,0,0
BRDA:175,23,1,0
BRDA:179,24,0,0
BRDA:179,24,1,0
BRDA:179,24,2,0
BRDA:192,25,0,0
BRDA:192,25,1,0
BRDA:192,25,2,0
BRDA:194,26,0,0
BRDA:194,26,1,0
BRDA:200,27,0,0
BRDA:200,27,1,0
BRDA:200,27,2,0
BRDA:200,27,3,0
BRDA:208,28,0,0
BRDA:208,28,1,0
BRDA:210,29,0,0
BRDA:210,29,1,0
BRDA:214,30,0,0
BRDA:214,30,1,0
BRDA:219,31,0,0
BRDA:219,31,1,0
BRDA:225,32,0,0
BRDA:225,32,1,0
BRDA:241,33,0,0
BRDA:241,33,1,0
BRDA:254,34,0,0
BRDA:254,34,1,0
BRDA:265,35,0,0
BRDA:265,35,1,0
BRDA:276,36,0,0
BRDA:276,36,1,0
BRDA:299,37,0,0
BRDA:299,37,1,0
BRDA:305,38,0,0
BRDA:305,38,1,0
BRDA:310,39,0,0
BRDA:310,39,1,0
BRDA:321,40,0,0
BRDA:321,40,1,0
BRDA:323,41,0,0
BRDA:323,41,1,0
BRDA:329,42,0,0
BRDA:329,42,1,0
BRDA:329,42,2,0
BRDA:330,43,0,0
BRDA:330,43,1,0
BRF:93
BRH:0
end_of_record
TN:
SF:src\pages\Dashbords\EmployeeDashboard.jsx
FN:9,(anonymous_0)
FN:19,(anonymous_1)
FN:20,(anonymous_2)
FN:51,(anonymous_3)
FN:57,(anonymous_4)
FN:58,(anonymous_5)
FN:65,(anonymous_6)
FN:78,(anonymous_7)
FN:79,(anonymous_8)
FN:113,(anonymous_9)
FN:122,(anonymous_10)
FN:133,(anonymous_11)
FN:159,(anonymous_12)
FN:167,(anonymous_13)
FN:186,(anonymous_14)
FN:189,(anonymous_15)
FNF:16
FNH:0
FNDA:0,(anonymous_0)
FNDA:0,(anonymous_1)
FNDA:0,(anonymous_2)
FNDA:0,(anonymous_3)
FNDA:0,(anonymous_4)
FNDA:0,(anonymous_5)
FNDA:0,(anonymous_6)
FNDA:0,(anonymous_7)
FNDA:0,(anonymous_8)
FNDA:0,(anonymous_9)
FNDA:0,(anonymous_10)
FNDA:0,(anonymous_11)
FNDA:0,(anonymous_12)
FNDA:0,(anonymous_13)
FNDA:0,(anonymous_14)
FNDA:0,(anonymous_15)
DA:6,0
DA:7,0
DA:9,0
DA:10,0
DA:11,0
DA:12,0
DA:13,0
DA:14,0
DA:15,0
DA:16,0
DA:17,0
DA:19,0
DA:20,0
DA:21,0
DA:22,0
DA:24,0
DA:25,0
DA:26,0
DA:27,0
DA:28,0
DA:31,0
DA:32,0
DA:33,0
DA:38,0
DA:39,0
DA:41,0
DA:42,0
DA:44,0
DA:48,0
DA:51,0
DA:52,0
DA:53,0
DA:54,0
DA:57,0
DA:58,0
DA:59,0
DA:65,0
DA:66,0
DA:68,0
DA:69,0
DA:72,0
DA:73,0
DA:78,0
DA:79,0
DA:81,0
DA:113,0
DA:122,0
DA:133,0
DA:160,0
DA:168,0
DA:187,0
DA:189,0
LF:52
LH:0
BRDA:6,0,0,0
BRDA:6,0,1,0
BRDA:25,1,0,0
BRDA:25,1,1,0
BRDA:38,2,0,0
BRDA:38,2,1,0
BRDA:39,3,0,0
BRDA:39,3,1,0
BRDA:41,4,0,0
BRDA:41,4,1,0
BRDA:42,5,0,0
BRDA:42,5,1,0
BRDA:52,6,0,0
BRDA:52,6,1,0
BRDA:58,7,0,0
BRDA:58,7,1,0
BRDA:66,8,0,0
BRDA:66,8,1,0
BRDA:68,9,0,0
BRDA:68,9,1,0
BRDA:69,10,0,0
BRDA:69,10,1,0
BRDA:79,11,0,0
BRDA:79,11,1,0
BRDA:139,12,0,0
BRDA:139,12,1,0
BRDA:143,13,0,0
BRDA:143,13,1,0
BRDA:161,14,0,0
BRDA:161,14,1,0
BRDA:165,15,0,0
BRDA:165,15,1,0
BRDA:184,16,0,0
BRDA:184,16,1,0
BRDA:191,17,0,0
BRDA:191,17,1,0
BRF:36
BRH:0
end_of_record
TN:
SF:src\pages\Game\Game.jsx
FN:15,(anonymous_0)
FN:17,(anonymous_1)
FN:29,(anonymous_2)
FN:33,(anonymous_3)
FN:41,(anonymous_4)
FN:46,(anonymous_5)
FN:104,(anonymous_6)
FN:131,(anonymous_7)
FN:176,(anonymous_8)
FNF:9
FNH:0
FNDA:0,(anonymous_0)
FNDA:0,(anonymous_1)
FNDA:0,(anonymous_2)
FNDA:0,(anonymous_3)
FNDA:0,(anonymous_4)
FNDA:0,(anonymous_5)
FNDA:0,(anonymous_6)
FNDA:0,(anonymous_7)
FNDA:0,(anonymous_8)
DA:6,0
DA:15,0
DA:16,0
DA:18,0
DA:29,0
DA:30,0
DA:33,0
DA:34,0
DA:35,0
DA:36,0
DA:37,0
DA:38,0
DA:41,0
DA:42,0
DA:43,0
DA:46,0
DA:47,0
DA:48,0
DA:50,0
DA:51,0
DA:52,0
DA:54,0
DA:55,0
DA:56,0
DA:59,0
DA:61,0
DA:62,0
DA:63,0
DA:64,0
DA:65,0
DA:66,0
DA:69,0
DA:79,0
DA:80,0
DA:81,0
DA:82,0
DA:83,0
DA:84,0
DA:85,0
DA:88,0
DA:89,0
DA:92,0
DA:95,0
DA:96,0
DA:97,0
DA:98,0
DA:100,0
DA:104,0
DA:108,0
DA:131,0
DA:177,0
LF:51
LH:0
BRDA:48,0,0,0
BRDA:48,0,1,0
BRDA:54,1,0,0
BRDA:54,1,1,0
BRDA:63,2,0,0
BRDA:63,2,1,0
BRDA:79,3,0,0
BRDA:79,3,1,0
BRDA:81,4,0,0
BRDA:81,4,1,0
BRDA:81,5,0,0
BRDA:81,5,1,0
BRDA:92,6,0,0
BRDA:92,6,1,0
BRDA:96,7,0,0
BRDA:96,7,1,0
BRDA:100,8,0,0
BRDA:100,8,1,0
BRDA:111,9,0,0
BRDA:111,9,1,0
BRDA:140,10,0,0
BRDA:140,10,1,0
BRDA:142,11,0,0
BRDA:142,11,1,0
BRDA:151,12,0,0
BRDA:151,12,1,0
BRDA:158,13,0,0
BRDA:158,13,1,0
BRDA:158,13,2,0
BRF:29
BRH:0
end_of_record
TN:
SF:src\pages\Grandgagnant\Grandgagnant.jsx
FN:7,(anonymous_0)
FN:16,(anonymous_1)
FN:17,(anonymous_2)
FN:49,(anonymous_3)
FN:50,(anonymous_4)
FN:61,(anonymous_5)
FN:87,(anonymous_6)
FN:88,(anonymous_7)
FN:89,(anonymous_8)
FNF:9
FNH:0
FNDA:0,(anonymous_0)
FNDA:0,(anonymous_1)
FNDA:0,(anonymous_2)
FNDA:0,(anonymous_3)
FNDA:0,(anonymous_4)
FNDA:0,(anonymous_5)
FNDA:0,(anonymous_6)
FNDA:0,(anonymous_7)
FNDA:0,(anonymous_8)
DA:5,0
DA:7,0
DA:8,0
DA:9,0
DA:10,0
DA:11,0
DA:13,0
DA:14,0
DA:16,0
DA:17,0
DA:18,0
DA:19,0
DA:21,0
DA:22,0
DA:23,0
DA:24,0
DA:25,0
DA:28,0
DA:29,0
DA:30,0
DA:35,0
DA:36,0
DA:38,0
DA:39,0
DA:41,0
DA:45,0
DA:49,0
DA:50,0
DA:51,0
DA:52,0
DA:53,0
DA:57,0
DA:58,0
DA:61,0
DA:63,0
DA:64,0
DA:65,0
DA:67,0
DA:71,0
DA:87,0
DA:89,0
DA:90,0
LF:42
LH:0
BRDA:5,0,0,0
BRDA:5,0,1,0
BRDA:22,1,0,0
BRDA:22,1,1,0
BRDA:35,2,0,0
BRDA:35,2,1,0
BRDA:36,3,0,0
BRDA:36,3,1,0
BRDA:38,4,0,0
BRDA:38,4,1,0
BRDA:39,5,0,0
BRDA:39,5,1,0
BRDA:51,6,0,0
BRDA:51,6,1,0
BRDA:63,7,0,0
BRDA:63,7,1,0
BRDA:76,8,0,0
BRDA:76,8,1,0
BRDA:80,9,0,0
BRDA:80,9,1,0
BRDA:116,10,0,0
BRDA:116,10,1,0
BRF:22
BRH:0
end_of_record
TN:
SF:src\pages\Home\Home.jsx
FN:4,(anonymous_0)
FN:56,(anonymous_1)
FNF:2
FNH:0
FNDA:0,(anonymous_0)
FNDA:0,(anonymous_1)
DA:4,0
DA:5,0
DA:13,0
DA:58,0
LF:4
LH:0
BRF:0
BRH:0
end_of_record
TN:
SF:src\pages\Login\Login.jsx
FN:6,(anonymous_0)
FN:13,(anonymous_1)
FN:45,(anonymous_2)
FN:51,(anonymous_3)
FN:100,(anonymous_4)
FN:120,(anonymous_5)
FNF:6
FNH:0
FNDA:0,(anonymous_0)
FNDA:0,(anonymous_1)
FNDA:0,(anonymous_2)
FNDA:0,(anonymous_3)
FNDA:0,(anonymous_4)
FNDA:0,(anonymous_5)
DA:6,0
DA:7,0
DA:8,0
DA:9,0
DA:10,0
DA:13,0
DA:14,0
DA:15,0
DA:17,0
DA:19,0
DA:25,0
DA:26,0
DA:27,0
DA:30,0
DA:31,0
DA:32,0
DA:33,0
DA:34,0
DA:36,0
DA:40,0
DA:45,0
DA:46,0
DA:51,0
DA:52,0
DA:56,0
DA:100,0
DA:120,0
LF:27
LH:0
BRDA:31,0,0,0
BRDA:31,0,1,0
BRDA:33,1,0,0
BRDA:33,1,1,0
BRDA:40,2,0,0
BRDA:40,2,1,0
BRDA:75,3,0,0
BRDA:75,3,1,0
BRF:8
BRH:0
end_of_record
TN:
SF:src\pages\NotFound\NotFound.jsx
FN:4,(anonymous_0)
FNF:1
FNH:0
FNDA:0,(anonymous_0)
DA:4,0
DA:5,0
LF:2
LH:0
BRF:0
BRH:0
end_of_record
TN:
SF:src\pages\Password\ForgotPassword.jsx
FN:5,(anonymous_0)
FN:11,(anonymous_1)
FN:38,(anonymous_2)
FN:89,(anonymous_3)
FNF:4
FNH:0
FNDA:0,(anonymous_0)
FNDA:0,(anonymous_1)
FNDA:0,(anonymous_2)
FNDA:0,(anonymous_3)
DA:5,0
DA:6,0
DA:7,0
DA:8,0
DA:9,0
DA:11,0
DA:12,0
DA:13,0
DA:14,0
DA:15,0
DA:18,0
DA:19,0
DA:20,0
DA:21,0
DA:24,0
DA:37,0
DA:38,0
DA:39,0
DA:42,0
DA:45,0
DA:46,0
DA:48,0
DA:52,0
DA:89,0
LF:24
LH:0
BRDA:18,0,0,0
BRDA:18,0,1,0
BRDA:46,1,0,0
BRDA:46,1,1,0
BRDA:69,2,0,0
BRDA:69,2,1,0
BRDA:74,3,0,0
BRDA:74,3,1,0
BRDA:101,4,0,0
BRDA:101,4,1,0
BRDA:103,5,0,0
BRDA:103,5,1,0
BRF:12
BRH:0
end_of_record
TN:
SF:src\pages\Register\Register.jsx
FN:6,(anonymous_0)
FN:18,(anonymous_1)
FN:27,(anonymous_2)
FN:38,(anonymous_3)
FN:57,(anonymous_4)
FN:67,(anonymous_5)
FN:85,(anonymous_6)
FN:101,(anonymous_7)
FN:104,(anonymous_8)
FN:136,(anonymous_9)
FN:146,(anonymous_10)
FN:241,(anonymous_11)
FNF:12
FNH:0
FNDA:0,(anonymous_0)
FNDA:0,(anonymous_1)
FNDA:0,(anonymous_2)
FNDA:0,(anonymous_3)
FNDA:0,(anonymous_4)
FNDA:0,(anonymous_5)
FNDA:0,(anonymous_6)
FNDA:0,(anonymous_7)
FNDA:0,(anonymous_8)
FNDA:0,(anonymous_9)
FNDA:0,(anonymous_10)
FNDA:0,(anonymous_11)
DA:6,0
DA:7,0
DA:8,0
DA:14,0
DA:15,0
DA:16,0
DA:18,0
DA:19,0
DA:20,0
DA:23,0
DA:24,0
DA:26,0
DA:27,0
DA:29,0
DA:32,0
DA:33,0
DA:38,0
DA:39,0
DA:41,0
DA:50,0
DA:51,0
DA:52,0
DA:53,0
DA:57,0
DA:67,0
DA:68,0
DA:69,0
DA:70,0
DA:71,0
DA:72,0
DA:73,0
DA:75,0
DA:76,0
DA:79,0
DA:85,0
DA:86,0
DA:88,0
DA:89,0
DA:90,0
DA:91,0
DA:94,0
DA:95,0
DA:96,0
DA:97,0
DA:100,0
DA:101,0
DA:104,0
DA:105,0
DA:106,0
DA:107,0
DA:108,0
DA:109,0
DA:110,0
DA:115,0
DA:120,0
DA:121,0
DA:122,0
DA:124,0
DA:127,0
DA:128,0
DA:130,0
DA:136,0
DA:137,0
DA:146,0
DA:147,0
DA:155,0
DA:241,0
LF:67
LH:0
BRDA:23,0,0,0
BRDA:23,0,1,0
BRDA:26,1,0,0
BRDA:26,1,1,0
BRDA:26,2,0,0
BRDA:26,2,1,0
BRDA:32,3,0,0
BRDA:32,3,1,0
BRDA:50,4,0,0
BRDA:50,4,1,0
BRDA:51,5,0,0
BRDA:51,5,1,0
BRDA:52,6,0,0
BRDA:52,6,1,0
BRDA:53,7,0,0
BRDA:53,7,1,0
BRDA:69,8,0,0
BRDA:69,8,1,0
BRDA:70,9,0,0
BRDA:70,9,1,0
BRDA:72,10,0,0
BRDA:72,10,1,0
BRDA:75,11,0,0
BRDA:75,11,1,0
BRDA:85,12,0,0
BRDA:85,12,1,0
BRDA:88,13,0,0
BRDA:88,13,1,0
BRDA:89,14,0,0
BRDA:89,14,1,0
BRDA:90,15,0,0
BRDA:90,15,1,0
BRDA:91,16,0,0
BRDA:91,16,1,0
BRDA:94,17,0,0
BRDA:94,17,1,0
BRDA:96,18,0,0
BRDA:96,18,1,0
BRDA:107,19,0,0
BRDA:107,19,1,0
BRDA:120,20,0,0
BRDA:120,20,1,0
BRDA:124,21,0,0
BRDA:124,21,1,0
BRDA:128,22,0,0
BRDA:128,22,1,0
BRDA:128,22,2,0
BRDA:141,23,0,0
BRDA:141,23,1,0
BRDA:147,24,0,0
BRDA:147,24,1,0
BRDA:148,25,0,0
BRDA:148,25,1,0
BRDA:181,26,0,0
BRDA:181,26,1,0
BRDA:202,27,0,0
BRDA:202,27,1,0
BRDA:221,28,0,0
BRDA:221,28,1,0
BRDA:241,29,0,0
BRDA:241,29,1,0
BRDA:241,29,2,0
BRDA:247,30,0,0
BRDA:247,30,1,0
BRDA:248,31,0,0
BRDA:248,31,1,0
BRDA:249,32,0,0
BRDA:249,32,1,0
BRDA:250,33,0,0
BRDA:250,33,1,0
BRDA:270,34,0,0
BRDA:270,34,1,0
BRDA:278,35,0,0
BRDA:278,35,1,0
BRDA:280,36,0,0
BRDA:280,36,1,0
BRF:76
BRH:0
end_of_record
TN:
SF:src\pages\Reglement\Regle.jsx
FN:4,(anonymous_0)
FN:60,(anonymous_1)
FN:66,(anonymous_2)
FNF:3
FNH:0
FNDA:0,(anonymous_0)
FNDA:0,(anonymous_1)
FNDA:0,(anonymous_2)
DA:4,0
DA:5,0
DA:52,0
DA:61,0
DA:67,0
LF:5
LH:0
BRF:0
BRH:0
end_of_record
