{"/Users/azeeze/Desktop/THETIPTOP_GAME/backend/server.js": {"path":"/Users/azeeze/Desktop/THETIPTOP_GAME/backend/server.js","statementMap":{"0":{"start":{"line":1,"column":0},"end":{"line":1,"column":27}},"1":{"start":{"line":2,"column":13},"end":{"line":2,"column":28}},"2":{"start":{"line":3,"column":16},"end":{"line":3,"column":34}},"3":{"start":{"line":4,"column":20},"end":{"line":4,"column":39}},"4":{"start":{"line":6,"column":19},"end":{"line":6,"column":52}},"5":{"start":{"line":7,"column":19},"end":{"line":7,"column":52}},"6":{"start":{"line":8,"column":19},"end":{"line":8,"column":52}},"7":{"start":{"line":9,"column":22},"end":{"line":9,"column":58}},"8":{"start":{"line":11,"column":12},"end":{"line":11,"column":21}},"9":{"start":{"line":12,"column":13},"end":{"line":12,"column":37}},"10":{"start":{"line":14,"column":19},"end":{"line":36,"column":1}},"11":{"start":{"line":15,"column":2},"end":{"line":15,"column":20}},"12":{"start":{"line":18,"column":2},"end":{"line":18,"column":26}},"13":{"start":{"line":19,"column":2},"end":{"line":19,"column":18}},"14":{"start":{"line":22,"column":2},"end":{"line":24,"column":5}},"15":{"start":{"line":23,"column":4},"end":{"line":23,"column":55}},"16":{"start":{"line":26,"column":2},"end":{"line":26,"column":31}},"17":{"start":{"line":27,"column":2},"end":{"line":27,"column":31}},"18":{"start":{"line":28,"column":2},"end":{"line":28,"column":31}},"19":{"start":{"line":29,"column":2},"end":{"line":29,"column":37}},"20":{"start":{"line":31,"column":2},"end":{"line":35,"column":3}},"21":{"start":{"line":32,"column":4},"end":{"line":34,"column":7}},"22":{"start":{"line":33,"column":6},"end":{"line":33,"column":72}},"23":{"start":{"line":38,"column":0},"end":{"line":38,"column":13}},"24":{"start":{"line":40,"column":0},"end":{"line":40,"column":21}}},"fnMap":{"0":{"name":"(anonymous_0)","decl":{"start":{"line":14,"column":19},"end":{"line":14,"column":20}},"loc":{"start":{"line":14,"column":31},"end":{"line":36,"column":1}},"line":14},"1":{"name":"(anonymous_1)","decl":{"start":{"line":22,"column":24},"end":{"line":22,"column":25}},"loc":{"start":{"line":22,"column":38},"end":{"line":24,"column":3}},"line":22},"2":{"name":"(anonymous_2)","decl":{"start":{"line":32,"column":21},"end":{"line":32,"column":22}},"loc":{"start":{"line":32,"column":27},"end":{"line":34,"column":5}},"line":32}},"branchMap":{"0":{"loc":{"start":{"line":12,"column":13},"end":{"line":12,"column":37}},"type":"binary-expr","locations":[{"start":{"line":12,"column":13},"end":{"line":12,"column":29}},{"start":{"line":12,"column":33},"end":{"line":12,"column":37}}],"line":12},"1":{"loc":{"start":{"line":31,"column":2},"end":{"line":35,"column":3}},"type":"if","locations":[{"start":{"line":31,"column":2},"end":{"line":35,"column":3}},{"start":{},"end":{}}],"line":31}},"s":{"0":1,"1":1,"2":1,"3":1,"4":1,"5":1,"6":1,"7":1,"8":1,"9":1,"10":1,"11":1,"12":0,"13":0,"14":0,"15":0,"16":0,"17":0,"18":0,"19":0,"20":0,"21":0,"22":0,"23":1,"24":1},"f":{"0":1,"1":0,"2":0},"b":{"0":[1,0],"1":[0,0]},"_coverageSchema":"1a1c01bbd47fc00a2c39e90264f33305004495a9","hash":"7395bc906d2d44ad66596af111594b2c0e7e446c"}
,"/Users/azeeze/Desktop/THETIPTOP_GAME/backend/src/db.js": {"path":"/Users/azeeze/Desktop/THETIPTOP_GAME/backend/src/db.js","statementMap":{"0":{"start":{"line":1,"column":17},"end":{"line":1,"column":36}},"1":{"start":{"line":2,"column":0},"end":{"line":2,"column":27}},"2":{"start":{"line":4,"column":18},"end":{"line":24,"column":1}},"3":{"start":{"line":5,"column":2},"end":{"line":23,"column":3}},"4":{"start":{"line":6,"column":16},"end":{"line":6,"column":100}},"5":{"start":{"line":8,"column":4},"end":{"line":12,"column":7}},"6":{"start":{"line":14,"column":4},"end":{"line":14,"column":52}},"7":{"start":{"line":16,"column":4},"end":{"line":16,"column":68}},"8":{"start":{"line":18,"column":4},"end":{"line":22,"column":5}},"9":{"start":{"line":19,"column":6},"end":{"line":19,"column":16}},"10":{"start":{"line":21,"column":6},"end":{"line":21,"column":22}},"11":{"start":{"line":27,"column":21},"end":{"line":30,"column":1}},"12":{"start":{"line":28,"column":2},"end":{"line":28,"column":36}},"13":{"start":{"line":29,"column":2},"end":{"line":29,"column":56}},"14":{"start":{"line":32,"column":0},"end":{"line":35,"column":2}}},"fnMap":{"0":{"name":"(anonymous_0)","decl":{"start":{"line":4,"column":18},"end":{"line":4,"column":19}},"loc":{"start":{"line":4,"column":30},"end":{"line":24,"column":1}},"line":4},"1":{"name":"(anonymous_1)","decl":{"start":{"line":27,"column":21},"end":{"line":27,"column":22}},"loc":{"start":{"line":27,"column":33},"end":{"line":30,"column":1}},"line":27}},"branchMap":{"0":{"loc":{"start":{"line":6,"column":16},"end":{"line":6,"column":100}},"type":"cond-expr","locations":[{"start":{"line":6,"column":50},"end":{"line":6,"column":76}},{"start":{"line":6,"column":79},"end":{"line":6,"column":100}}],"line":6},"1":{"loc":{"start":{"line":18,"column":4},"end":{"line":22,"column":5}},"type":"if","locations":[{"start":{"line":18,"column":4},"end":{"line":22,"column":5}},{"start":{"line":20,"column":11},"end":{"line":22,"column":5}}],"line":18}},"s":{"0":1,"1":1,"2":1,"3":1,"4":1,"5":1,"6":0,"7":1,"8":1,"9":1,"10":0,"11":1,"12":0,"13":0,"14":1},"f":{"0":1,"1":0},"b":{"0":[1,0],"1":[1,0]},"_coverageSchema":"1a1c01bbd47fc00a2c39e90264f33305004495a9","hash":"d67f2733316057697c4b5064ed0a116233009d19"}
,"/Users/azeeze/Desktop/THETIPTOP_GAME/backend/src/config/emailService.js": {"path":"/Users/azeeze/Desktop/THETIPTOP_GAME/backend/src/config/emailService.js","statementMap":{"0":{"start":{"line":1,"column":20},"end":{"line":1,"column":44}},"1":{"start":{"line":7,"column":18},"end":{"line":16,"column":1}},"2":{"start":{"line":8,"column":2},"end":{"line":15,"column":3}},"3":{"start":{"line":9,"column":17},"end":{"line":9,"column":56}},"4":{"start":{"line":10,"column":4},"end":{"line":10,"column":69}},"5":{"start":{"line":11,"column":4},"end":{"line":11,"column":16}},"6":{"start":{"line":13,"column":4},"end":{"line":13,"column":84}},"7":{"start":{"line":14,"column":4},"end":{"line":14,"column":16}},"8":{"start":{"line":28,"column":30},"end":{"line":60,"column":1}},"9":{"start":{"line":29,"column":22},"end":{"line":57,"column":3}},"10":{"start":{"line":59,"column":2},"end":{"line":59,"column":32}},"11":{"start":{"line":72,"column":31},"end":{"line":105,"column":1}},"12":{"start":{"line":73,"column":22},"end":{"line":102,"column":3}},"13":{"start":{"line":104,"column":2},"end":{"line":104,"column":32}},"14":{"start":{"line":114,"column":25},"end":{"line":143,"column":1}},"15":{"start":{"line":115,"column":22},"end":{"line":140,"column":3}},"16":{"start":{"line":142,"column":2},"end":{"line":142,"column":32}},"17":{"start":{"line":146,"column":0},"end":{"line":150,"column":2}}},"fnMap":{"0":{"name":"(anonymous_0)","decl":{"start":{"line":7,"column":18},"end":{"line":7,"column":19}},"loc":{"start":{"line":7,"column":41},"end":{"line":16,"column":1}},"line":7},"1":{"name":"(anonymous_1)","decl":{"start":{"line":28,"column":30},"end":{"line":28,"column":31}},"loc":{"start":{"line":28,"column":89},"end":{"line":60,"column":1}},"line":28},"2":{"name":"(anonymous_2)","decl":{"start":{"line":72,"column":31},"end":{"line":72,"column":32}},"loc":{"start":{"line":72,"column":90},"end":{"line":105,"column":1}},"line":72},"3":{"name":"(anonymous_3)","decl":{"start":{"line":114,"column":25},"end":{"line":114,"column":26}},"loc":{"start":{"line":114,"column":56},"end":{"line":143,"column":1}},"line":114}},"branchMap":{},"s":{"0":1,"1":1,"2":0,"3":0,"4":0,"5":0,"6":0,"7":0,"8":1,"9":0,"10":0,"11":1,"12":0,"13":0,"14":1,"15":0,"16":0,"17":1},"f":{"0":0,"1":0,"2":0,"3":0},"b":{},"_coverageSchema":"1a1c01bbd47fc00a2c39e90264f33305004495a9","hash":"ca09069700bb9d4a20aa8e367ed62c3154d580f6"}
,"/Users/azeeze/Desktop/THETIPTOP_GAME/backend/src/config/transporter.js": {"path":"/Users/azeeze/Desktop/THETIPTOP_GAME/backend/src/config/transporter.js","statementMap":{"0":{"start":{"line":1,"column":19},"end":{"line":1,"column":40}},"1":{"start":{"line":3,"column":20},"end":{"line":9,"column":2}},"2":{"start":{"line":11,"column":0},"end":{"line":11,"column":29}}},"fnMap":{},"branchMap":{},"s":{"0":1,"1":1,"2":1},"f":{},"b":{},"_coverageSchema":"1a1c01bbd47fc00a2c39e90264f33305004495a9","hash":"215de73ae0428205479122eb7f28eb1e87c095c4"}
,"/Users/azeeze/Desktop/THETIPTOP_GAME/backend/src/controllers/authController.js": {"path":"/Users/azeeze/Desktop/THETIPTOP_GAME/backend/src/controllers/authController.js","statementMap":{"0":{"start":{"line":1,"column":18},"end":{"line":1,"column":49}},"1":{"start":{"line":2,"column":15},"end":{"line":2,"column":32}},"2":{"start":{"line":3,"column":12},"end":{"line":3,"column":35}},"3":{"start":{"line":4,"column":29},"end":{"line":4,"column":62}},"4":{"start":{"line":6,"column":31},"end":{"line":65,"column":3}},"5":{"start":{"line":7,"column":26},"end":{"line":7,"column":65}},"6":{"start":{"line":9,"column":4},"end":{"line":64,"column":5}},"7":{"start":{"line":10,"column":100},"end":{"line":10,"column":108}},"8":{"start":{"line":13,"column":6},"end":{"line":18,"column":7}},"9":{"start":{"line":14,"column":8},"end":{"line":17,"column":11}},"10":{"start":{"line":20,"column":6},"end":{"line":25,"column":7}},"11":{"start":{"line":21,"column":8},"end":{"line":24,"column":11}},"12":{"start":{"line":27,"column":27},"end":{"line":27,"column":61}},"13":{"start":{"line":28,"column":6},"end":{"line":33,"column":7}},"14":{"start":{"line":29,"column":8},"end":{"line":32,"column":11}},"15":{"start":{"line":35,"column":19},"end":{"line":35,"column":41}},"16":{"start":{"line":36,"column":29},"end":{"line":36,"column":62}},"17":{"start":{"line":38,"column":19},"end":{"line":48,"column":8}},"18":{"start":{"line":50,"column":6},"end":{"line":50,"column":50}},"19":{"start":{"line":51,"column":6},"end":{"line":51,"column":32}},"20":{"start":{"line":53,"column":6},"end":{"line":57,"column":9}},"21":{"start":{"line":59,"column":6},"end":{"line":63,"column":9}},"22":{"start":{"line":67,"column":30},"end":{"line":110,"column":3}},"23":{"start":{"line":68,"column":4},"end":{"line":109,"column":5}},"24":{"start":{"line":69,"column":34},"end":{"line":69,"column":42}},"25":{"start":{"line":71,"column":6},"end":{"line":76,"column":7}},"26":{"start":{"line":72,"column":8},"end":{"line":75,"column":11}},"27":{"start":{"line":78,"column":19},"end":{"line":78,"column":53}},"28":{"start":{"line":79,"column":6},"end":{"line":84,"column":7}},"29":{"start":{"line":80,"column":8},"end":{"line":83,"column":11}},"30":{"start":{"line":86,"column":22},"end":{"line":86,"column":67}},"31":{"start":{"line":87,"column":6},"end":{"line":92,"column":7}},"32":{"start":{"line":88,"column":8},"end":{"line":91,"column":11}},"33":{"start":{"line":94,"column":20},"end":{"line":94,"column":95}},"34":{"start":{"line":95,"column":6},"end":{"line":95,"column":32}},"35":{"start":{"line":97,"column":6},"end":{"line":102,"column":9}},"36":{"start":{"line":104,"column":6},"end":{"line":108,"column":9}},"37":{"start":{"line":115,"column":25},"end":{"line":130,"column":1}},"38":{"start":{"line":116,"column":4},"end":{"line":129,"column":5}},"39":{"start":{"line":117,"column":8},"end":{"line":117,"column":39}},"40":{"start":{"line":118,"column":8},"end":{"line":121,"column":11}},"41":{"start":{"line":124,"column":8},"end":{"line":128,"column":11}},"42":{"start":{"line":131,"column":0},"end":{"line":131,"column":83}}},"fnMap":{"0":{"name":"(anonymous_0)","decl":{"start":{"line":6,"column":31},"end":{"line":6,"column":32}},"loc":{"start":{"line":6,"column":51},"end":{"line":65,"column":3}},"line":6},"1":{"name":"(anonymous_1)","decl":{"start":{"line":67,"column":30},"end":{"line":67,"column":31}},"loc":{"start":{"line":67,"column":50},"end":{"line":110,"column":3}},"line":67},"2":{"name":"(anonymous_2)","decl":{"start":{"line":115,"column":25},"end":{"line":115,"column":26}},"loc":{"start":{"line":115,"column":45},"end":{"line":130,"column":1}},"line":115}},"branchMap":{"0":{"loc":{"start":{"line":13,"column":6},"end":{"line":18,"column":7}},"type":"if","locations":[{"start":{"line":13,"column":6},"end":{"line":18,"column":7}},{"start":{},"end":{}}],"line":13},"1":{"loc":{"start":{"line":13,"column":10},"end":{"line":13,"column":42}},"type":"binary-expr","locations":[{"start":{"line":13,"column":10},"end":{"line":13,"column":19}},{"start":{"line":13,"column":23},"end":{"line":13,"column":29}},{"start":{"line":13,"column":33},"end":{"line":13,"column":42}}],"line":13},"2":{"loc":{"start":{"line":20,"column":6},"end":{"line":25,"column":7}},"type":"if","locations":[{"start":{"line":20,"column":6},"end":{"line":25,"column":7}},{"start":{},"end":{}}],"line":20},"3":{"loc":{"start":{"line":28,"column":6},"end":{"line":33,"column":7}},"type":"if","locations":[{"start":{"line":28,"column":6},"end":{"line":33,"column":7}},{"start":{},"end":{}}],"line":28},"4":{"loc":{"start":{"line":71,"column":6},"end":{"line":76,"column":7}},"type":"if","locations":[{"start":{"line":71,"column":6},"end":{"line":76,"column":7}},{"start":{},"end":{}}],"line":71},"5":{"loc":{"start":{"line":71,"column":10},"end":{"line":71,"column":29}},"type":"binary-expr","locations":[{"start":{"line":71,"column":10},"end":{"line":71,"column":16}},{"start":{"line":71,"column":20},"end":{"line":71,"column":29}}],"line":71},"6":{"loc":{"start":{"line":79,"column":6},"end":{"line":84,"column":7}},"type":"if","locations":[{"start":{"line":79,"column":6},"end":{"line":84,"column":7}},{"start":{},"end":{}}],"line":79},"7":{"loc":{"start":{"line":87,"column":6},"end":{"line":92,"column":7}},"type":"if","locations":[{"start":{"line":87,"column":6},"end":{"line":92,"column":7}},{"start":{},"end":{}}],"line":87}},"s":{"0":1,"1":1,"2":1,"3":1,"4":1,"5":0,"6":0,"7":0,"8":0,"9":0,"10":0,"11":0,"12":0,"13":0,"14":0,"15":0,"16":0,"17":0,"18":0,"19":0,"20":0,"21":0,"22":1,"23":0,"24":0,"25":0,"26":0,"27":0,"28":0,"29":0,"30":0,"31":0,"32":0,"33":0,"34":0,"35":0,"36":0,"37":1,"38":0,"39":0,"40":0,"41":0,"42":1},"f":{"0":0,"1":0,"2":0},"b":{"0":[0,0],"1":[0,0,0],"2":[0,0],"3":[0,0],"4":[0,0],"5":[0,0],"6":[0,0],"7":[0,0]},"_coverageSchema":"1a1c01bbd47fc00a2c39e90264f33305004495a9","hash":"5d2cca8b166a827fea1532d7e5069656d95981b2"}
,"/Users/azeeze/Desktop/THETIPTOP_GAME/backend/src/controllers/contactController.js": {"path":"/Users/azeeze/Desktop/THETIPTOP_GAME/backend/src/controllers/contactController.js","statementMap":{"0":{"start":{"line":3,"column":19},"end":{"line":3,"column":40}},"1":{"start":{"line":7,"column":20},"end":{"line":13,"column":2}},"2":{"start":{"line":23,"column":25},"end":{"line":57,"column":1}},"3":{"start":{"line":25,"column":41},"end":{"line":25,"column":49}},"4":{"start":{"line":28,"column":2},"end":{"line":30,"column":3}},"5":{"start":{"line":29,"column":4},"end":{"line":29,"column":75}},"6":{"start":{"line":33,"column":22},"end":{"line":46,"column":3}},"7":{"start":{"line":48,"column":2},"end":{"line":56,"column":3}},"8":{"start":{"line":50,"column":17},"end":{"line":50,"column":56}},"9":{"start":{"line":51,"column":4},"end":{"line":51,"column":49}},"10":{"start":{"line":52,"column":4},"end":{"line":52,"column":82}},"11":{"start":{"line":54,"column":4},"end":{"line":54,"column":64}},"12":{"start":{"line":55,"column":4},"end":{"line":55,"column":81}},"13":{"start":{"line":59,"column":0},"end":{"line":59,"column":38}}},"fnMap":{"0":{"name":"(anonymous_0)","decl":{"start":{"line":23,"column":25},"end":{"line":23,"column":26}},"loc":{"start":{"line":23,"column":45},"end":{"line":57,"column":1}},"line":23}},"branchMap":{"0":{"loc":{"start":{"line":28,"column":2},"end":{"line":30,"column":3}},"type":"if","locations":[{"start":{"line":28,"column":2},"end":{"line":30,"column":3}},{"start":{},"end":{}}],"line":28},"1":{"loc":{"start":{"line":28,"column":6},"end":{"line":28,"column":39}},"type":"binary-expr","locations":[{"start":{"line":28,"column":6},"end":{"line":28,"column":10}},{"start":{"line":28,"column":14},"end":{"line":28,"column":27}},{"start":{"line":28,"column":31},"end":{"line":28,"column":39}}],"line":28}},"s":{"0":1,"1":1,"2":1,"3":0,"4":0,"5":0,"6":0,"7":0,"8":0,"9":0,"10":0,"11":0,"12":0,"13":1},"f":{"0":0},"b":{"0":[0,0],"1":[0,0,0]},"_coverageSchema":"1a1c01bbd47fc00a2c39e90264f33305004495a9","hash":"360be45815e14fcff7bba9fa8c879fcbeb7ea2f8"}
,"/Users/azeeze/Desktop/THETIPTOP_GAME/backend/src/controllers/gameController.js": {"path":"/Users/azeeze/Desktop/THETIPTOP_GAME/backend/src/controllers/gameController.js","statementMap":{"0":{"start":{"line":1,"column":13},"end":{"line":1,"column":44}},"1":{"start":{"line":2,"column":15},"end":{"line":2,"column":49}},"2":{"start":{"line":3,"column":13},"end":{"line":3,"column":44}},"3":{"start":{"line":4,"column":14},"end":{"line":4,"column":30}},"4":{"start":{"line":5,"column":127},"end":{"line":5,"column":160}},"5":{"start":{"line":12,"column":29},"end":{"line":93,"column":1}},"6":{"start":{"line":13,"column":2},"end":{"line":92,"column":3}},"7":{"start":{"line":16,"column":17},"end":{"line":16,"column":25}},"8":{"start":{"line":19,"column":4},"end":{"line":29,"column":5}},"9":{"start":{"line":20,"column":23},"end":{"line":20,"column":83}},"10":{"start":{"line":21,"column":6},"end":{"line":21,"column":53}},"11":{"start":{"line":24,"column":6},"end":{"line":24,"column":83}},"12":{"start":{"line":25,"column":6},"end":{"line":28,"column":9}},"13":{"start":{"line":32,"column":22},"end":{"line":32,"column":54}},"14":{"start":{"line":33,"column":23},"end":{"line":33,"column":55}},"15":{"start":{"line":35,"column":4},"end":{"line":40,"column":5}},"16":{"start":{"line":36,"column":6},"end":{"line":39,"column":9}},"17":{"start":{"line":42,"column":29},"end":{"line":42,"column":37}},"18":{"start":{"line":44,"column":4},"end":{"line":49,"column":5}},"19":{"start":{"line":45,"column":6},"end":{"line":48,"column":9}},"20":{"start":{"line":51,"column":19},"end":{"line":51,"column":57}},"21":{"start":{"line":53,"column":4},"end":{"line":58,"column":5}},"22":{"start":{"line":54,"column":6},"end":{"line":57,"column":9}},"23":{"start":{"line":61,"column":20},"end":{"line":67,"column":6}},"24":{"start":{"line":69,"column":4},"end":{"line":69,"column":25}},"25":{"start":{"line":72,"column":4},"end":{"line":72,"column":25}},"26":{"start":{"line":73,"column":4},"end":{"line":73,"column":24}},"27":{"start":{"line":79,"column":4},"end":{"line":79,"column":145}},"28":{"start":{"line":81,"column":4},"end":{"line":81,"column":144}},"29":{"start":{"line":83,"column":4},"end":{"line":86,"column":7}},"30":{"start":{"line":88,"column":4},"end":{"line":91,"column":7}},"31":{"start":{"line":96,"column":30},"end":{"line":152,"column":1}},"32":{"start":{"line":97,"column":2},"end":{"line":151,"column":3}},"33":{"start":{"line":101,"column":4},"end":{"line":111,"column":5}},"34":{"start":{"line":102,"column":23},"end":{"line":102,"column":83}},"35":{"start":{"line":103,"column":6},"end":{"line":103,"column":53}},"36":{"start":{"line":106,"column":6},"end":{"line":106,"column":83}},"37":{"start":{"line":107,"column":6},"end":{"line":110,"column":9}},"38":{"start":{"line":113,"column":23},"end":{"line":113,"column":35}},"39":{"start":{"line":116,"column":4},"end":{"line":121,"column":5}},"40":{"start":{"line":117,"column":6},"end":{"line":120,"column":9}},"41":{"start":{"line":123,"column":23},"end":{"line":123,"column":71}},"42":{"start":{"line":124,"column":4},"end":{"line":129,"column":5}},"43":{"start":{"line":125,"column":6},"end":{"line":128,"column":9}},"44":{"start":{"line":131,"column":22},"end":{"line":131,"column":63}},"45":{"start":{"line":132,"column":4},"end":{"line":137,"column":5}},"46":{"start":{"line":133,"column":6},"end":{"line":136,"column":9}},"47":{"start":{"line":139,"column":4},"end":{"line":139,"column":156}},"48":{"start":{"line":141,"column":4},"end":{"line":141,"column":155}},"49":{"start":{"line":142,"column":4},"end":{"line":145,"column":7}},"50":{"start":{"line":147,"column":4},"end":{"line":150,"column":7}},"51":{"start":{"line":153,"column":0},"end":{"line":153,"column":65}}},"fnMap":{"0":{"name":"(anonymous_0)","decl":{"start":{"line":12,"column":29},"end":{"line":12,"column":30}},"loc":{"start":{"line":12,"column":49},"end":{"line":93,"column":1}},"line":12},"1":{"name":"(anonymous_1)","decl":{"start":{"line":96,"column":30},"end":{"line":96,"column":31}},"loc":{"start":{"line":96,"column":50},"end":{"line":152,"column":1}},"line":96}},"branchMap":{"0":{"loc":{"start":{"line":35,"column":4},"end":{"line":40,"column":5}},"type":"if","locations":[{"start":{"line":35,"column":4},"end":{"line":40,"column":5}},{"start":{},"end":{}}],"line":35},"1":{"loc":{"start":{"line":35,"column":8},"end":{"line":35,"column":45}},"type":"binary-expr","locations":[{"start":{"line":35,"column":8},"end":{"line":35,"column":24}},{"start":{"line":35,"column":28},"end":{"line":35,"column":45}}],"line":35},"2":{"loc":{"start":{"line":44,"column":4},"end":{"line":49,"column":5}},"type":"if","locations":[{"start":{"line":44,"column":4},"end":{"line":49,"column":5}},{"start":{},"end":{}}],"line":44},"3":{"loc":{"start":{"line":53,"column":4},"end":{"line":58,"column":5}},"type":"if","locations":[{"start":{"line":53,"column":4},"end":{"line":58,"column":5}},{"start":{},"end":{}}],"line":53},"4":{"loc":{"start":{"line":53,"column":8},"end":{"line":53,"column":32}},"type":"binary-expr","locations":[{"start":{"line":53,"column":8},"end":{"line":53,"column":15}},{"start":{"line":53,"column":19},"end":{"line":53,"column":32}}],"line":53},"5":{"loc":{"start":{"line":116,"column":4},"end":{"line":121,"column":5}},"type":"if","locations":[{"start":{"line":116,"column":4},"end":{"line":121,"column":5}},{"start":{},"end":{}}],"line":116},"6":{"loc":{"start":{"line":124,"column":4},"end":{"line":129,"column":5}},"type":"if","locations":[{"start":{"line":124,"column":4},"end":{"line":129,"column":5}},{"start":{},"end":{}}],"line":124},"7":{"loc":{"start":{"line":132,"column":4},"end":{"line":137,"column":5}},"type":"if","locations":[{"start":{"line":132,"column":4},"end":{"line":137,"column":5}},{"start":{},"end":{}}],"line":132}},"s":{"0":1,"1":1,"2":1,"3":1,"4":1,"5":1,"6":0,"7":0,"8":0,"9":0,"10":0,"11":0,"12":0,"13":0,"14":0,"15":0,"16":0,"17":0,"18":0,"19":0,"20":0,"21":0,"22":0,"23":0,"24":0,"25":0,"26":0,"27":0,"28":0,"29":0,"30":0,"31":1,"32":0,"33":0,"34":0,"35":0,"36":0,"37":0,"38":0,"39":0,"40":0,"41":0,"42":0,"43":0,"44":0,"45":0,"46":0,"47":0,"48":0,"49":0,"50":0,"51":1},"f":{"0":0,"1":0},"b":{"0":[0,0],"1":[0,0],"2":[0,0],"3":[0,0],"4":[0,0],"5":[0,0],"6":[0,0],"7":[0,0]},"_coverageSchema":"1a1c01bbd47fc00a2c39e90264f33305004495a9","hash":"ee4133e2cc5e7b4f20c95c33408649fdee3fcd55"}
,"/Users/azeeze/Desktop/THETIPTOP_GAME/backend/src/controllers/userController.js": {"path":"/Users/azeeze/Desktop/THETIPTOP_GAME/backend/src/controllers/userController.js","statementMap":{"0":{"start":{"line":1,"column":18},"end":{"line":1,"column":49}},"1":{"start":{"line":2,"column":18},"end":{"line":2,"column":49}},"2":{"start":{"line":3,"column":27},"end":{"line":3,"column":61}},"3":{"start":{"line":4,"column":15},"end":{"line":4,"column":32}},"4":{"start":{"line":5,"column":19},"end":{"line":5,"column":40}},"5":{"start":{"line":6,"column":12},"end":{"line":6,"column":35}},"6":{"start":{"line":10,"column":33},"end":{"line":32,"column":1}},"7":{"start":{"line":11,"column":4},"end":{"line":31,"column":5}},"8":{"start":{"line":12,"column":21},"end":{"line":12,"column":29}},"9":{"start":{"line":14,"column":8},"end":{"line":19,"column":9}},"10":{"start":{"line":15,"column":12},"end":{"line":18,"column":15}},"11":{"start":{"line":20,"column":8},"end":{"line":24,"column":11}},"12":{"start":{"line":26,"column":8},"end":{"line":30,"column":11}},"13":{"start":{"line":34,"column":32},"end":{"line":97,"column":1}},"14":{"start":{"line":35,"column":4},"end":{"line":96,"column":5}},"15":{"start":{"line":37,"column":23},"end":{"line":37,"column":35}},"16":{"start":{"line":40,"column":31},"end":{"line":40,"column":83}},"17":{"start":{"line":42,"column":36},"end":{"line":42,"column":44}},"18":{"start":{"line":45,"column":8},"end":{"line":50,"column":9}},"19":{"start":{"line":46,"column":12},"end":{"line":49,"column":15}},"20":{"start":{"line":52,"column":24},"end":{"line":57,"column":18}},"21":{"start":{"line":53,"column":27},"end":{"line":53,"column":55}},"22":{"start":{"line":55,"column":16},"end":{"line":55,"column":41}},"23":{"start":{"line":56,"column":16},"end":{"line":56,"column":27}},"24":{"start":{"line":60,"column":8},"end":{"line":68,"column":9}},"25":{"start":{"line":61,"column":33},"end":{"line":61,"column":82}},"26":{"start":{"line":62,"column":12},"end":{"line":67,"column":13}},"27":{"start":{"line":63,"column":16},"end":{"line":66,"column":19}},"28":{"start":{"line":71,"column":28},"end":{"line":75,"column":9}},"29":{"start":{"line":77,"column":8},"end":{"line":82,"column":9}},"30":{"start":{"line":78,"column":12},"end":{"line":81,"column":15}},"31":{"start":{"line":84,"column":8},"end":{"line":88,"column":11}},"32":{"start":{"line":91,"column":8},"end":{"line":95,"column":11}},"33":{"start":{"line":100,"column":29},"end":{"line":123,"column":1}},"34":{"start":{"line":101,"column":4},"end":{"line":122,"column":5}},"35":{"start":{"line":102,"column":21},"end":{"line":102,"column":29}},"36":{"start":{"line":103,"column":22},"end":{"line":103,"column":64}},"37":{"start":{"line":104,"column":8},"end":{"line":109,"column":9}},"38":{"start":{"line":105,"column":12},"end":{"line":108,"column":15}},"39":{"start":{"line":110,"column":8},"end":{"line":115,"column":11}},"40":{"start":{"line":117,"column":8},"end":{"line":121,"column":11}},"41":{"start":{"line":127,"column":32},"end":{"line":174,"column":1}},"42":{"start":{"line":128,"column":4},"end":{"line":173,"column":5}},"43":{"start":{"line":129,"column":64},"end":{"line":129,"column":72}},"44":{"start":{"line":130,"column":8},"end":{"line":135,"column":9}},"45":{"start":{"line":131,"column":12},"end":{"line":134,"column":15}},"46":{"start":{"line":137,"column":21},"end":{"line":137,"column":63}},"47":{"start":{"line":138,"column":8},"end":{"line":143,"column":9}},"48":{"start":{"line":139,"column":12},"end":{"line":142,"column":15}},"49":{"start":{"line":145,"column":8},"end":{"line":150,"column":9}},"50":{"start":{"line":146,"column":12},"end":{"line":149,"column":15}},"51":{"start":{"line":152,"column":19},"end":{"line":152,"column":41}},"52":{"start":{"line":153,"column":31},"end":{"line":153,"column":67}},"53":{"start":{"line":154,"column":8},"end":{"line":154,"column":39}},"54":{"start":{"line":156,"column":8},"end":{"line":156,"column":26}},"55":{"start":{"line":158,"column":22},"end":{"line":160,"column":10}},"56":{"start":{"line":161,"column":8},"end":{"line":165,"column":11}},"57":{"start":{"line":168,"column":8},"end":{"line":172,"column":11}},"58":{"start":{"line":176,"column":33},"end":{"line":246,"column":1}},"59":{"start":{"line":177,"column":4},"end":{"line":245,"column":5}},"60":{"start":{"line":178,"column":62},"end":{"line":178,"column":70}},"61":{"start":{"line":180,"column":8},"end":{"line":185,"column":9}},"62":{"start":{"line":181,"column":12},"end":{"line":184,"column":15}},"63":{"start":{"line":188,"column":21},"end":{"line":188,"column":59}},"64":{"start":{"line":189,"column":8},"end":{"line":194,"column":9}},"65":{"start":{"line":190,"column":12},"end":{"line":193,"column":15}},"66":{"start":{"line":197,"column":24},"end":{"line":197,"column":72}},"67":{"start":{"line":198,"column":8},"end":{"line":203,"column":9}},"68":{"start":{"line":199,"column":12},"end":{"line":202,"column":15}},"69":{"start":{"line":206,"column":8},"end":{"line":211,"column":9}},"70":{"start":{"line":207,"column":12},"end":{"line":210,"column":15}},"71":{"start":{"line":214,"column":8},"end":{"line":219,"column":9}},"72":{"start":{"line":215,"column":12},"end":{"line":218,"column":15}},"73":{"start":{"line":222,"column":21},"end":{"line":222,"column":45}},"74":{"start":{"line":223,"column":8},"end":{"line":223,"column":61}},"75":{"start":{"line":226,"column":8},"end":{"line":226,"column":26}},"76":{"start":{"line":229,"column":22},"end":{"line":231,"column":10}},"77":{"start":{"line":233,"column":8},"end":{"line":237,"column":11}},"78":{"start":{"line":240,"column":8},"end":{"line":244,"column":11}},"79":{"start":{"line":249,"column":30},"end":{"line":273,"column":1}},"80":{"start":{"line":250,"column":4},"end":{"line":272,"column":5}},"81":{"start":{"line":251,"column":22},"end":{"line":251,"column":44}},"82":{"start":{"line":253,"column":8},"end":{"line":258,"column":9}},"83":{"start":{"line":254,"column":12},"end":{"line":257,"column":15}},"84":{"start":{"line":260,"column":8},"end":{"line":265,"column":11}},"85":{"start":{"line":267,"column":8},"end":{"line":271,"column":11}},"86":{"start":{"line":276,"column":32},"end":{"line":300,"column":1}},"87":{"start":{"line":277,"column":4},"end":{"line":299,"column":5}},"88":{"start":{"line":278,"column":24},"end":{"line":278,"column":68}},"89":{"start":{"line":280,"column":8},"end":{"line":285,"column":9}},"90":{"start":{"line":281,"column":12},"end":{"line":284,"column":15}},"91":{"start":{"line":287,"column":8},"end":{"line":292,"column":11}},"92":{"start":{"line":294,"column":8},"end":{"line":298,"column":11}},"93":{"start":{"line":303,"column":34},"end":{"line":326,"column":1}},"94":{"start":{"line":304,"column":4},"end":{"line":325,"column":5}},"95":{"start":{"line":305,"column":26},"end":{"line":305,"column":72}},"96":{"start":{"line":306,"column":8},"end":{"line":311,"column":9}},"97":{"start":{"line":307,"column":12},"end":{"line":310,"column":15}},"98":{"start":{"line":312,"column":8},"end":{"line":318,"column":11}},"99":{"start":{"line":320,"column":8},"end":{"line":324,"column":11}},"100":{"start":{"line":329,"column":29},"end":{"line":424,"column":1}},"101":{"start":{"line":330,"column":4},"end":{"line":423,"column":5}},"102":{"start":{"line":332,"column":29},"end":{"line":332,"column":37}},"103":{"start":{"line":333,"column":81},"end":{"line":333,"column":89}},"104":{"start":{"line":336,"column":29},"end":{"line":336,"column":68}},"105":{"start":{"line":337,"column":8},"end":{"line":342,"column":9}},"106":{"start":{"line":338,"column":12},"end":{"line":341,"column":15}},"107":{"start":{"line":345,"column":8},"end":{"line":350,"column":9}},"108":{"start":{"line":346,"column":12},"end":{"line":349,"column":15}},"109":{"start":{"line":353,"column":8},"end":{"line":360,"column":9}},"110":{"start":{"line":354,"column":12},"end":{"line":359,"column":13}},"111":{"start":{"line":355,"column":16},"end":{"line":358,"column":19}},"112":{"start":{"line":363,"column":24},"end":{"line":363,"column":26}},"113":{"start":{"line":364,"column":8},"end":{"line":364,"column":50}},"114":{"start":{"line":364,"column":22},"end":{"line":364,"column":50}},"115":{"start":{"line":365,"column":8},"end":{"line":365,"column":41}},"116":{"start":{"line":365,"column":19},"end":{"line":365,"column":41}},"117":{"start":{"line":366,"column":8},"end":{"line":366,"column":41}},"118":{"start":{"line":366,"column":19},"end":{"line":366,"column":41}},"119":{"start":{"line":367,"column":8},"end":{"line":367,"column":47}},"120":{"start":{"line":367,"column":21},"end":{"line":367,"column":47}},"121":{"start":{"line":368,"column":8},"end":{"line":368,"column":47}},"122":{"start":{"line":368,"column":21},"end":{"line":368,"column":47}},"123":{"start":{"line":371,"column":8},"end":{"line":379,"column":9}},"124":{"start":{"line":372,"column":33},"end":{"line":372,"column":67}},"125":{"start":{"line":373,"column":12},"end":{"line":378,"column":13}},"126":{"start":{"line":374,"column":16},"end":{"line":377,"column":19}},"127":{"start":{"line":382,"column":8},"end":{"line":385,"column":9}},"128":{"start":{"line":383,"column":25},"end":{"line":383,"column":49}},"129":{"start":{"line":384,"column":12},"end":{"line":384,"column":65}},"130":{"start":{"line":388,"column":8},"end":{"line":393,"column":9}},"131":{"start":{"line":389,"column":12},"end":{"line":392,"column":15}},"132":{"start":{"line":396,"column":8},"end":{"line":405,"column":9}},"133":{"start":{"line":397,"column":35},"end":{"line":397,"column":66}},"134":{"start":{"line":398,"column":12},"end":{"line":403,"column":13}},"135":{"start":{"line":399,"column":16},"end":{"line":402,"column":19}},"136":{"start":{"line":404,"column":12},"end":{"line":404,"column":40}},"137":{"start":{"line":409,"column":28},"end":{"line":409,"column":100}},"138":{"start":{"line":411,"column":8},"end":{"line":415,"column":11}},"139":{"start":{"line":418,"column":8},"end":{"line":422,"column":11}},"140":{"start":{"line":425,"column":29},"end":{"line":479,"column":1}},"141":{"start":{"line":426,"column":4},"end":{"line":478,"column":5}},"142":{"start":{"line":428,"column":29},"end":{"line":428,"column":37}},"143":{"start":{"line":431,"column":31},"end":{"line":431,"column":44}},"144":{"start":{"line":435,"column":8},"end":{"line":440,"column":9}},"145":{"start":{"line":436,"column":12},"end":{"line":439,"column":15}},"146":{"start":{"line":443,"column":29},"end":{"line":443,"column":69}},"147":{"start":{"line":444,"column":8},"end":{"line":449,"column":9}},"148":{"start":{"line":445,"column":12},"end":{"line":448,"column":15}},"149":{"start":{"line":452,"column":8},"end":{"line":457,"column":9}},"150":{"start":{"line":453,"column":12},"end":{"line":456,"column":15}},"151":{"start":{"line":458,"column":8},"end":{"line":469,"column":9}},"152":{"start":{"line":461,"column":12},"end":{"line":461,"column":41}},"153":{"start":{"line":465,"column":12},"end":{"line":468,"column":15}},"154":{"start":{"line":473,"column":8},"end":{"line":477,"column":11}},"155":{"start":{"line":481,"column":33},"end":{"line":551,"column":1}},"156":{"start":{"line":482,"column":4},"end":{"line":550,"column":5}},"157":{"start":{"line":483,"column":26},"end":{"line":483,"column":34}},"158":{"start":{"line":486,"column":8},"end":{"line":491,"column":9}},"159":{"start":{"line":487,"column":12},"end":{"line":490,"column":15}},"160":{"start":{"line":494,"column":21},"end":{"line":494,"column":55}},"161":{"start":{"line":495,"column":8},"end":{"line":500,"column":9}},"162":{"start":{"line":496,"column":12},"end":{"line":499,"column":15}},"163":{"start":{"line":503,"column":27},"end":{"line":503,"column":102}},"164":{"start":{"line":511,"column":28},"end":{"line":517,"column":10}},"165":{"start":{"line":521,"column":25},"end":{"line":521,"column":112}},"166":{"start":{"line":524,"column":28},"end":{"line":534,"column":9}},"167":{"start":{"line":537,"column":8},"end":{"line":537,"column":48}},"168":{"start":{"line":539,"column":8},"end":{"line":542,"column":11}},"169":{"start":{"line":544,"column":8},"end":{"line":544,"column":70}},"170":{"start":{"line":545,"column":8},"end":{"line":549,"column":11}},"171":{"start":{"line":553,"column":21},"end":{"line":562,"column":1}},"172":{"start":{"line":554,"column":17},"end":{"line":554,"column":46}},"173":{"start":{"line":554,"column":37},"end":{"line":554,"column":45}},"174":{"start":{"line":555,"column":19},"end":{"line":555,"column":49}},"175":{"start":{"line":555,"column":39},"end":{"line":555,"column":48}},"176":{"start":{"line":556,"column":4},"end":{"line":561,"column":6}},"177":{"start":{"line":558,"column":55},"end":{"line":558,"column":73}},"178":{"start":{"line":560,"column":59},"end":{"line":560,"column":77}},"179":{"start":{"line":564,"column":35},"end":{"line":625,"column":1}},"180":{"start":{"line":565,"column":4},"end":{"line":624,"column":5}},"181":{"start":{"line":566,"column":31},"end":{"line":566,"column":62}},"182":{"start":{"line":567,"column":22},"end":{"line":567,"column":50}},"183":{"start":{"line":569,"column":26},"end":{"line":569,"column":62}},"184":{"start":{"line":571,"column":8},"end":{"line":598,"column":9}},"185":{"start":{"line":572,"column":25},"end":{"line":572,"column":70}},"186":{"start":{"line":573,"column":12},"end":{"line":579,"column":13}},"187":{"start":{"line":574,"column":16},"end":{"line":578,"column":19}},"188":{"start":{"line":581,"column":30},"end":{"line":581,"column":72}},"189":{"start":{"line":582,"column":12},"end":{"line":588,"column":13}},"190":{"start":{"line":583,"column":16},"end":{"line":587,"column":19}},"191":{"start":{"line":590,"column":12},"end":{"line":597,"column":15}},"192":{"start":{"line":595,"column":65},"end":{"line":595,"column":86}},"193":{"start":{"line":600,"column":22},"end":{"line":600,"column":44}},"194":{"start":{"line":601,"column":8},"end":{"line":607,"column":9}},"195":{"start":{"line":602,"column":12},"end":{"line":606,"column":15}},"196":{"start":{"line":609,"column":8},"end":{"line":616,"column":11}},"197":{"start":{"line":614,"column":52},"end":{"line":614,"column":73}},"198":{"start":{"line":619,"column":8},"end":{"line":623,"column":11}},"199":{"start":{"line":631,"column":0},"end":{"line":644,"column":2}}},"fnMap":{"0":{"name":"(anonymous_0)","decl":{"start":{"line":10,"column":33},"end":{"line":10,"column":34}},"loc":{"start":{"line":10,"column":53},"end":{"line":32,"column":1}},"line":10},"1":{"name":"(anonymous_1)","decl":{"start":{"line":34,"column":32},"end":{"line":34,"column":33}},"loc":{"start":{"line":34,"column":52},"end":{"line":97,"column":1}},"line":34},"2":{"name":"(anonymous_2)","decl":{"start":{"line":53,"column":20},"end":{"line":53,"column":21}},"loc":{"start":{"line":53,"column":27},"end":{"line":53,"column":55}},"line":53},"3":{"name":"(anonymous_3)","decl":{"start":{"line":54,"column":20},"end":{"line":54,"column":21}},"loc":{"start":{"line":54,"column":34},"end":{"line":57,"column":13}},"line":54},"4":{"name":"(anonymous_4)","decl":{"start":{"line":100,"column":29},"end":{"line":100,"column":30}},"loc":{"start":{"line":100,"column":49},"end":{"line":123,"column":1}},"line":100},"5":{"name":"(anonymous_5)","decl":{"start":{"line":127,"column":32},"end":{"line":127,"column":33}},"loc":{"start":{"line":127,"column":52},"end":{"line":174,"column":1}},"line":127},"6":{"name":"(anonymous_6)","decl":{"start":{"line":176,"column":33},"end":{"line":176,"column":34}},"loc":{"start":{"line":176,"column":53},"end":{"line":246,"column":1}},"line":176},"7":{"name":"(anonymous_7)","decl":{"start":{"line":249,"column":30},"end":{"line":249,"column":31}},"loc":{"start":{"line":249,"column":50},"end":{"line":273,"column":1}},"line":249},"8":{"name":"(anonymous_8)","decl":{"start":{"line":276,"column":32},"end":{"line":276,"column":33}},"loc":{"start":{"line":276,"column":52},"end":{"line":300,"column":1}},"line":276},"9":{"name":"(anonymous_9)","decl":{"start":{"line":303,"column":34},"end":{"line":303,"column":35}},"loc":{"start":{"line":303,"column":54},"end":{"line":326,"column":1}},"line":303},"10":{"name":"(anonymous_10)","decl":{"start":{"line":329,"column":29},"end":{"line":329,"column":30}},"loc":{"start":{"line":329,"column":49},"end":{"line":424,"column":1}},"line":329},"11":{"name":"(anonymous_11)","decl":{"start":{"line":425,"column":29},"end":{"line":425,"column":30}},"loc":{"start":{"line":425,"column":49},"end":{"line":479,"column":1}},"line":425},"12":{"name":"(anonymous_12)","decl":{"start":{"line":481,"column":33},"end":{"line":481,"column":34}},"loc":{"start":{"line":481,"column":53},"end":{"line":551,"column":1}},"line":481},"13":{"name":"(anonymous_13)","decl":{"start":{"line":553,"column":21},"end":{"line":553,"column":22}},"loc":{"start":{"line":553,"column":34},"end":{"line":562,"column":1}},"line":553},"14":{"name":"(anonymous_14)","decl":{"start":{"line":554,"column":32},"end":{"line":554,"column":33}},"loc":{"start":{"line":554,"column":37},"end":{"line":554,"column":45}},"line":554},"15":{"name":"(anonymous_15)","decl":{"start":{"line":555,"column":34},"end":{"line":555,"column":35}},"loc":{"start":{"line":555,"column":39},"end":{"line":555,"column":48}},"line":555},"16":{"name":"(anonymous_16)","decl":{"start":{"line":558,"column":43},"end":{"line":558,"column":44}},"loc":{"start":{"line":558,"column":55},"end":{"line":558,"column":73}},"line":558},"17":{"name":"(anonymous_17)","decl":{"start":{"line":560,"column":47},"end":{"line":560,"column":48}},"loc":{"start":{"line":560,"column":59},"end":{"line":560,"column":77}},"line":560},"18":{"name":"(anonymous_18)","decl":{"start":{"line":564,"column":35},"end":{"line":564,"column":36}},"loc":{"start":{"line":564,"column":55},"end":{"line":625,"column":1}},"line":564},"19":{"name":"(anonymous_19)","decl":{"start":{"line":595,"column":50},"end":{"line":595,"column":51}},"loc":{"start":{"line":595,"column":65},"end":{"line":595,"column":86}},"line":595},"20":{"name":"(anonymous_20)","decl":{"start":{"line":614,"column":37},"end":{"line":614,"column":38}},"loc":{"start":{"line":614,"column":52},"end":{"line":614,"column":73}},"line":614}},"branchMap":{"0":{"loc":{"start":{"line":14,"column":8},"end":{"line":19,"column":9}},"type":"if","locations":[{"start":{"line":14,"column":8},"end":{"line":19,"column":9}},{"start":{},"end":{}}],"line":14},"1":{"loc":{"start":{"line":45,"column":8},"end":{"line":50,"column":9}},"type":"if","locations":[{"start":{"line":45,"column":8},"end":{"line":50,"column":9}},{"start":{},"end":{}}],"line":45},"2":{"loc":{"start":{"line":45,"column":12},"end":{"line":45,"column":31}},"type":"binary-expr","locations":[{"start":{"line":45,"column":12},"end":{"line":45,"column":21}},{"start":{"line":45,"column":25},"end":{"line":45,"column":31}}],"line":45},"3":{"loc":{"start":{"line":60,"column":8},"end":{"line":68,"column":9}},"type":"if","locations":[{"start":{"line":60,"column":8},"end":{"line":68,"column":9}},{"start":{},"end":{}}],"line":60},"4":{"loc":{"start":{"line":62,"column":12},"end":{"line":67,"column":13}},"type":"if","locations":[{"start":{"line":62,"column":12},"end":{"line":67,"column":13}},{"start":{},"end":{}}],"line":62},"5":{"loc":{"start":{"line":62,"column":16},"end":{"line":62,"column":81}},"type":"binary-expr","locations":[{"start":{"line":62,"column":16},"end":{"line":62,"column":28}},{"start":{"line":62,"column":32},"end":{"line":62,"column":81}}],"line":62},"6":{"loc":{"start":{"line":77,"column":8},"end":{"line":82,"column":9}},"type":"if","locations":[{"start":{"line":77,"column":8},"end":{"line":82,"column":9}},{"start":{},"end":{}}],"line":77},"7":{"loc":{"start":{"line":104,"column":8},"end":{"line":109,"column":9}},"type":"if","locations":[{"start":{"line":104,"column":8},"end":{"line":109,"column":9}},{"start":{},"end":{}}],"line":104},"8":{"loc":{"start":{"line":130,"column":8},"end":{"line":135,"column":9}},"type":"if","locations":[{"start":{"line":130,"column":8},"end":{"line":135,"column":9}},{"start":{},"end":{}}],"line":130},"9":{"loc":{"start":{"line":130,"column":12},"end":{"line":130,"column":65}},"type":"binary-expr","locations":[{"start":{"line":130,"column":12},"end":{"line":130,"column":18}},{"start":{"line":130,"column":22},"end":{"line":130,"column":29}},{"start":{"line":130,"column":33},"end":{"line":130,"column":45}},{"start":{"line":130,"column":49},"end":{"line":130,"column":65}}],"line":130},"10":{"loc":{"start":{"line":138,"column":8},"end":{"line":143,"column":9}},"type":"if","locations":[{"start":{"line":138,"column":8},"end":{"line":143,"column":9}},{"start":{},"end":{}}],"line":138},"11":{"loc":{"start":{"line":145,"column":8},"end":{"line":150,"column":9}},"type":"if","locations":[{"start":{"line":145,"column":8},"end":{"line":150,"column":9}},{"start":{},"end":{}}],"line":145},"12":{"loc":{"start":{"line":180,"column":8},"end":{"line":185,"column":9}},"type":"if","locations":[{"start":{"line":180,"column":8},"end":{"line":185,"column":9}},{"start":{},"end":{}}],"line":180},"13":{"loc":{"start":{"line":180,"column":12},"end":{"line":180,"column":60}},"type":"binary-expr","locations":[{"start":{"line":180,"column":12},"end":{"line":180,"column":24}},{"start":{"line":180,"column":28},"end":{"line":180,"column":40}},{"start":{"line":180,"column":44},"end":{"line":180,"column":60}}],"line":180},"14":{"loc":{"start":{"line":189,"column":8},"end":{"line":194,"column":9}},"type":"if","locations":[{"start":{"line":189,"column":8},"end":{"line":194,"column":9}},{"start":{},"end":{}}],"line":189},"15":{"loc":{"start":{"line":198,"column":8},"end":{"line":203,"column":9}},"type":"if","locations":[{"start":{"line":198,"column":8},"end":{"line":203,"column":9}},{"start":{},"end":{}}],"line":198},"16":{"loc":{"start":{"line":206,"column":8},"end":{"line":211,"column":9}},"type":"if","locations":[{"start":{"line":206,"column":8},"end":{"line":211,"column":9}},{"start":{},"end":{}}],"line":206},"17":{"loc":{"start":{"line":214,"column":8},"end":{"line":219,"column":9}},"type":"if","locations":[{"start":{"line":214,"column":8},"end":{"line":219,"column":9}},{"start":{},"end":{}}],"line":214},"18":{"loc":{"start":{"line":253,"column":8},"end":{"line":258,"column":9}},"type":"if","locations":[{"start":{"line":253,"column":8},"end":{"line":258,"column":9}},{"start":{},"end":{}}],"line":253},"19":{"loc":{"start":{"line":280,"column":8},"end":{"line":285,"column":9}},"type":"if","locations":[{"start":{"line":280,"column":8},"end":{"line":285,"column":9}},{"start":{},"end":{}}],"line":280},"20":{"loc":{"start":{"line":306,"column":8},"end":{"line":311,"column":9}},"type":"if","locations":[{"start":{"line":306,"column":8},"end":{"line":311,"column":9}},{"start":{},"end":{}}],"line":306},"21":{"loc":{"start":{"line":337,"column":8},"end":{"line":342,"column":9}},"type":"if","locations":[{"start":{"line":337,"column":8},"end":{"line":342,"column":9}},{"start":{},"end":{}}],"line":337},"22":{"loc":{"start":{"line":345,"column":8},"end":{"line":350,"column":9}},"type":"if","locations":[{"start":{"line":345,"column":8},"end":{"line":350,"column":9}},{"start":{},"end":{}}],"line":345},"23":{"loc":{"start":{"line":353,"column":8},"end":{"line":360,"column":9}},"type":"if","locations":[{"start":{"line":353,"column":8},"end":{"line":360,"column":9}},{"start":{},"end":{}}],"line":353},"24":{"loc":{"start":{"line":354,"column":12},"end":{"line":359,"column":13}},"type":"if","locations":[{"start":{"line":354,"column":12},"end":{"line":359,"column":13}},{"start":{},"end":{}}],"line":354},"25":{"loc":{"start":{"line":364,"column":8},"end":{"line":364,"column":50}},"type":"if","locations":[{"start":{"line":364,"column":8},"end":{"line":364,"column":50}},{"start":{},"end":{}}],"line":364},"26":{"loc":{"start":{"line":365,"column":8},"end":{"line":365,"column":41}},"type":"if","locations":[{"start":{"line":365,"column":8},"end":{"line":365,"column":41}},{"start":{},"end":{}}],"line":365},"27":{"loc":{"start":{"line":366,"column":8},"end":{"line":366,"column":41}},"type":"if","locations":[{"start":{"line":366,"column":8},"end":{"line":366,"column":41}},{"start":{},"end":{}}],"line":366},"28":{"loc":{"start":{"line":367,"column":8},"end":{"line":367,"column":47}},"type":"if","locations":[{"start":{"line":367,"column":8},"end":{"line":367,"column":47}},{"start":{},"end":{}}],"line":367},"29":{"loc":{"start":{"line":368,"column":8},"end":{"line":368,"column":47}},"type":"if","locations":[{"start":{"line":368,"column":8},"end":{"line":368,"column":47}},{"start":{},"end":{}}],"line":368},"30":{"loc":{"start":{"line":371,"column":8},"end":{"line":379,"column":9}},"type":"if","locations":[{"start":{"line":371,"column":8},"end":{"line":379,"column":9}},{"start":{},"end":{}}],"line":371},"31":{"loc":{"start":{"line":373,"column":12},"end":{"line":378,"column":13}},"type":"if","locations":[{"start":{"line":373,"column":12},"end":{"line":378,"column":13}},{"start":{},"end":{}}],"line":373},"32":{"loc":{"start":{"line":373,"column":16},"end":{"line":373,"column":91}},"type":"binary-expr","locations":[{"start":{"line":373,"column":16},"end":{"line":373,"column":28}},{"start":{"line":373,"column":32},"end":{"line":373,"column":91}}],"line":373},"33":{"loc":{"start":{"line":382,"column":8},"end":{"line":385,"column":9}},"type":"if","locations":[{"start":{"line":382,"column":8},"end":{"line":385,"column":9}},{"start":{},"end":{}}],"line":382},"34":{"loc":{"start":{"line":388,"column":8},"end":{"line":393,"column":9}},"type":"if","locations":[{"start":{"line":388,"column":8},"end":{"line":393,"column":9}},{"start":{},"end":{}}],"line":388},"35":{"loc":{"start":{"line":388,"column":12},"end":{"line":388,"column":60}},"type":"binary-expr","locations":[{"start":{"line":388,"column":12},"end":{"line":388,"column":48}},{"start":{"line":388,"column":52},"end":{"line":388,"column":60}}],"line":388},"36":{"loc":{"start":{"line":396,"column":8},"end":{"line":405,"column":9}},"type":"if","locations":[{"start":{"line":396,"column":8},"end":{"line":405,"column":9}},{"start":{},"end":{}}],"line":396},"37":{"loc":{"start":{"line":396,"column":12},"end":{"line":396,"column":57}},"type":"binary-expr","locations":[{"start":{"line":396,"column":12},"end":{"line":396,"column":45}},{"start":{"line":396,"column":49},"end":{"line":396,"column":57}}],"line":396},"38":{"loc":{"start":{"line":398,"column":12},"end":{"line":403,"column":13}},"type":"if","locations":[{"start":{"line":398,"column":12},"end":{"line":403,"column":13}},{"start":{},"end":{}}],"line":398},"39":{"loc":{"start":{"line":435,"column":8},"end":{"line":440,"column":9}},"type":"if","locations":[{"start":{"line":435,"column":8},"end":{"line":440,"column":9}},{"start":{},"end":{}}],"line":435},"40":{"loc":{"start":{"line":435,"column":12},"end":{"line":435,"column":85}},"type":"binary-expr","locations":[{"start":{"line":435,"column":12},"end":{"line":435,"column":45}},{"start":{"line":435,"column":49},"end":{"line":435,"column":85}}],"line":435},"41":{"loc":{"start":{"line":444,"column":8},"end":{"line":449,"column":9}},"type":"if","locations":[{"start":{"line":444,"column":8},"end":{"line":449,"column":9}},{"start":{},"end":{}}],"line":444},"42":{"loc":{"start":{"line":452,"column":8},"end":{"line":457,"column":9}},"type":"if","locations":[{"start":{"line":452,"column":8},"end":{"line":457,"column":9}},{"start":{},"end":{}}],"line":452},"43":{"loc":{"start":{"line":452,"column":12},"end":{"line":452,"column":86}},"type":"binary-expr","locations":[{"start":{"line":452,"column":12},"end":{"line":452,"column":48}},{"start":{"line":452,"column":52},"end":{"line":452,"column":86}}],"line":452},"44":{"loc":{"start":{"line":458,"column":8},"end":{"line":469,"column":9}},"type":"if","locations":[{"start":{"line":458,"column":8},"end":{"line":469,"column":9}},{"start":{},"end":{}}],"line":458},"45":{"loc":{"start":{"line":458,"column":12},"end":{"line":458,"column":85}},"type":"binary-expr","locations":[{"start":{"line":458,"column":12},"end":{"line":458,"column":45}},{"start":{"line":458,"column":49},"end":{"line":458,"column":85}}],"line":458},"46":{"loc":{"start":{"line":486,"column":8},"end":{"line":491,"column":9}},"type":"if","locations":[{"start":{"line":486,"column":8},"end":{"line":491,"column":9}},{"start":{},"end":{}}],"line":486},"47":{"loc":{"start":{"line":495,"column":8},"end":{"line":500,"column":9}},"type":"if","locations":[{"start":{"line":495,"column":8},"end":{"line":500,"column":9}},{"start":{},"end":{}}],"line":495},"48":{"loc":{"start":{"line":521,"column":28},"end":{"line":521,"column":82}},"type":"binary-expr","locations":[{"start":{"line":521,"column":28},"end":{"line":521,"column":50}},{"start":{"line":521,"column":54},"end":{"line":521,"column":82}}],"line":521},"49":{"loc":{"start":{"line":571,"column":8},"end":{"line":598,"column":9}},"type":"if","locations":[{"start":{"line":571,"column":8},"end":{"line":598,"column":9}},{"start":{},"end":{}}],"line":571},"50":{"loc":{"start":{"line":573,"column":12},"end":{"line":579,"column":13}},"type":"if","locations":[{"start":{"line":573,"column":12},"end":{"line":579,"column":13}},{"start":{},"end":{}}],"line":573},"51":{"loc":{"start":{"line":582,"column":12},"end":{"line":588,"column":13}},"type":"if","locations":[{"start":{"line":582,"column":12},"end":{"line":588,"column":13}},{"start":{},"end":{}}],"line":582},"52":{"loc":{"start":{"line":601,"column":8},"end":{"line":607,"column":9}},"type":"if","locations":[{"start":{"line":601,"column":8},"end":{"line":607,"column":9}},{"start":{},"end":{}}],"line":601}},"s":{"0":1,"1":1,"2":1,"3":1,"4":1,"5":1,"6":1,"7":0,"8":0,"9":0,"10":0,"11":0,"12":0,"13":1,"14":0,"15":0,"16":0,"17":0,"18":0,"19":0,"20":0,"21":0,"22":0,"23":0,"24":0,"25":0,"26":0,"27":0,"28":0,"29":0,"30":0,"31":0,"32":0,"33":1,"34":0,"35":0,"36":0,"37":0,"38":0,"39":0,"40":0,"41":1,"42":0,"43":0,"44":0,"45":0,"46":0,"47":0,"48":0,"49":0,"50":0,"51":0,"52":0,"53":0,"54":0,"55":0,"56":0,"57":0,"58":1,"59":0,"60":0,"61":0,"62":0,"63":0,"64":0,"65":0,"66":0,"67":0,"68":0,"69":0,"70":0,"71":0,"72":0,"73":0,"74":0,"75":0,"76":0,"77":0,"78":0,"79":1,"80":0,"81":0,"82":0,"83":0,"84":0,"85":0,"86":1,"87":0,"88":0,"89":0,"90":0,"91":0,"92":0,"93":1,"94":0,"95":0,"96":0,"97":0,"98":0,"99":0,"100":1,"101":0,"102":0,"103":0,"104":0,"105":0,"106":0,"107":0,"108":0,"109":0,"110":0,"111":0,"112":0,"113":0,"114":0,"115":0,"116":0,"117":0,"118":0,"119":0,"120":0,"121":0,"122":0,"123":0,"124":0,"125":0,"126":0,"127":0,"128":0,"129":0,"130":0,"131":0,"132":0,"133":0,"134":0,"135":0,"136":0,"137":0,"138":0,"139":0,"140":1,"141":0,"142":0,"143":0,"144":0,"145":0,"146":0,"147":0,"148":0,"149":0,"150":0,"151":0,"152":0,"153":0,"154":0,"155":1,"156":0,"157":0,"158":0,"159":0,"160":0,"161":0,"162":0,"163":0,"164":0,"165":0,"166":0,"167":0,"168":0,"169":0,"170":0,"171":1,"172":0,"173":0,"174":0,"175":0,"176":0,"177":0,"178":0,"179":1,"180":0,"181":0,"182":0,"183":0,"184":0,"185":0,"186":0,"187":0,"188":0,"189":0,"190":0,"191":0,"192":0,"193":0,"194":0,"195":0,"196":0,"197":0,"198":0,"199":1},"f":{"0":0,"1":0,"2":0,"3":0,"4":0,"5":0,"6":0,"7":0,"8":0,"9":0,"10":0,"11":0,"12":0,"13":0,"14":0,"15":0,"16":0,"17":0,"18":0,"19":0,"20":0},"b":{"0":[0,0],"1":[0,0],"2":[0,0],"3":[0,0],"4":[0,0],"5":[0,0],"6":[0,0],"7":[0,0],"8":[0,0],"9":[0,0,0,0],"10":[0,0],"11":[0,0],"12":[0,0],"13":[0,0,0],"14":[0,0],"15":[0,0],"16":[0,0],"17":[0,0],"18":[0,0],"19":[0,0],"20":[0,0],"21":[0,0],"22":[0,0],"23":[0,0],"24":[0,0],"25":[0,0],"26":[0,0],"27":[0,0],"28":[0,0],"29":[0,0],"30":[0,0],"31":[0,0],"32":[0,0],"33":[0,0],"34":[0,0],"35":[0,0],"36":[0,0],"37":[0,0],"38":[0,0],"39":[0,0],"40":[0,0],"41":[0,0],"42":[0,0],"43":[0,0],"44":[0,0],"45":[0,0],"46":[0,0],"47":[0,0],"48":[0,0],"49":[0,0],"50":[0,0],"51":[0,0],"52":[0,0]},"_coverageSchema":"1a1c01bbd47fc00a2c39e90264f33305004495a9","hash":"65b772b024785fbb852080f107df5dbb8b488f2a"}
,"/Users/azeeze/Desktop/THETIPTOP_GAME/backend/src/middlewares/authMiddleware.js": {"path":"/Users/azeeze/Desktop/THETIPTOP_GAME/backend/src/middlewares/authMiddleware.js","statementMap":{"0":{"start":{"line":1,"column":12},"end":{"line":1,"column":35}},"1":{"start":{"line":2,"column":13},"end":{"line":2,"column":44}},"2":{"start":{"line":4,"column":23},"end":{"line":43,"column":1}},"3":{"start":{"line":5,"column":4},"end":{"line":42,"column":5}},"4":{"start":{"line":6,"column":22},"end":{"line":6,"column":62}},"5":{"start":{"line":7,"column":8},"end":{"line":12,"column":9}},"6":{"start":{"line":8,"column":12},"end":{"line":11,"column":15}},"7":{"start":{"line":15,"column":8},"end":{"line":35,"column":11}},"8":{"start":{"line":16,"column":12},"end":{"line":22,"column":13}},"9":{"start":{"line":17,"column":16},"end":{"line":21,"column":19}},"10":{"start":{"line":25,"column":25},"end":{"line":25,"column":80}},"11":{"start":{"line":26,"column":12},"end":{"line":31,"column":13}},"12":{"start":{"line":27,"column":16},"end":{"line":30,"column":19}},"13":{"start":{"line":33,"column":12},"end":{"line":33,"column":28}},"14":{"start":{"line":34,"column":12},"end":{"line":34,"column":19}},"15":{"start":{"line":37,"column":8},"end":{"line":41,"column":11}},"16":{"start":{"line":45,"column":0},"end":{"line":45,"column":36}}},"fnMap":{"0":{"name":"(anonymous_0)","decl":{"start":{"line":4,"column":23},"end":{"line":4,"column":24}},"loc":{"start":{"line":4,"column":49},"end":{"line":43,"column":1}},"line":4},"1":{"name":"(anonymous_1)","decl":{"start":{"line":15,"column":50},"end":{"line":15,"column":51}},"loc":{"start":{"line":15,"column":74},"end":{"line":35,"column":9}},"line":15}},"branchMap":{"0":{"loc":{"start":{"line":7,"column":8},"end":{"line":12,"column":9}},"type":"if","locations":[{"start":{"line":7,"column":8},"end":{"line":12,"column":9}},{"start":{},"end":{}}],"line":7},"1":{"loc":{"start":{"line":16,"column":12},"end":{"line":22,"column":13}},"type":"if","locations":[{"start":{"line":16,"column":12},"end":{"line":22,"column":13}},{"start":{},"end":{}}],"line":16},"2":{"loc":{"start":{"line":26,"column":12},"end":{"line":31,"column":13}},"type":"if","locations":[{"start":{"line":26,"column":12},"end":{"line":31,"column":13}},{"start":{},"end":{}}],"line":26}},"s":{"0":1,"1":1,"2":1,"3":0,"4":0,"5":0,"6":0,"7":0,"8":0,"9":0,"10":0,"11":0,"12":0,"13":0,"14":0,"15":0,"16":1},"f":{"0":0,"1":0},"b":{"0":[0,0],"1":[0,0],"2":[0,0]},"_coverageSchema":"1a1c01bbd47fc00a2c39e90264f33305004495a9","hash":"d58e88c1865bb46e1bd31b1e99bd860a6a3b61b4"}
,"/Users/azeeze/Desktop/THETIPTOP_GAME/backend/src/middlewares/userTypeMiddleware.js": {"path":"/Users/azeeze/Desktop/THETIPTOP_GAME/backend/src/middlewares/userTypeMiddleware.js","statementMap":{"0":{"start":{"line":2,"column":27},"end":{"line":12,"column":1}},"1":{"start":{"line":3,"column":4},"end":{"line":11,"column":6}},"2":{"start":{"line":4,"column":8},"end":{"line":9,"column":9}},"3":{"start":{"line":5,"column":12},"end":{"line":8,"column":15}},"4":{"start":{"line":10,"column":8},"end":{"line":10,"column":15}},"5":{"start":{"line":14,"column":0},"end":{"line":14,"column":40}}},"fnMap":{"0":{"name":"(anonymous_0)","decl":{"start":{"line":2,"column":27},"end":{"line":2,"column":28}},"loc":{"start":{"line":2,"column":52},"end":{"line":12,"column":1}},"line":2},"1":{"name":"(anonymous_1)","decl":{"start":{"line":3,"column":11},"end":{"line":3,"column":12}},"loc":{"start":{"line":3,"column":31},"end":{"line":11,"column":5}},"line":3}},"branchMap":{"0":{"loc":{"start":{"line":4,"column":8},"end":{"line":9,"column":9}},"type":"if","locations":[{"start":{"line":4,"column":8},"end":{"line":9,"column":9}},{"start":{},"end":{}}],"line":4},"1":{"loc":{"start":{"line":4,"column":12},"end":{"line":4,"column":70}},"type":"binary-expr","locations":[{"start":{"line":4,"column":12},"end":{"line":4,"column":21}},{"start":{"line":4,"column":25},"end":{"line":4,"column":70}}],"line":4}},"s":{"0":1,"1":9,"2":0,"3":0,"4":0,"5":1},"f":{"0":9,"1":0},"b":{"0":[0,0],"1":[0,0]},"_coverageSchema":"1a1c01bbd47fc00a2c39e90264f33305004495a9","hash":"3586c6fb3cc6ad0e8262ec76cd10245659684632"}
,"/Users/azeeze/Desktop/THETIPTOP_GAME/backend/src/models/gainsModel.js": {"path":"/Users/azeeze/Desktop/THETIPTOP_GAME/backend/src/models/gainsModel.js","statementMap":{"0":{"start":{"line":1,"column":17},"end":{"line":1,"column":36}},"1":{"start":{"line":4,"column":19},"end":{"line":26,"column":1}},"2":{"start":{"line":29,"column":13},"end":{"line":29,"column":47}},"3":{"start":{"line":31,"column":0},"end":{"line":31,"column":22}}},"fnMap":{},"branchMap":{},"s":{"0":1,"1":1,"2":1,"3":1},"f":{},"b":{},"_coverageSchema":"1a1c01bbd47fc00a2c39e90264f33305004495a9","hash":"fa8a18130cfa25db9441959fec2518fca4ea66ca"}
,"/Users/azeeze/Desktop/THETIPTOP_GAME/backend/src/models/usersModel.js": {"path":"/Users/azeeze/Desktop/THETIPTOP_GAME/backend/src/models/usersModel.js","statementMap":{"0":{"start":{"line":1,"column":17},"end":{"line":1,"column":36}},"1":{"start":{"line":3,"column":19},"end":{"line":72,"column":24}},"2":{"start":{"line":18,"column":16},"end":{"line":18,"column":69}},"3":{"start":{"line":20,"column":30},"end":{"line":20,"column":76}},"4":{"start":{"line":42,"column":16},"end":{"line":42,"column":75}},"5":{"start":{"line":44,"column":27},"end":{"line":44,"column":126}},"6":{"start":{"line":74,"column":13},"end":{"line":74,"column":47}},"7":{"start":{"line":76,"column":0},"end":{"line":76,"column":22}}},"fnMap":{"0":{"name":"(anonymous_0)","decl":{"start":{"line":16,"column":23},"end":{"line":16,"column":24}},"loc":{"start":{"line":16,"column":40},"end":{"line":19,"column":13}},"line":16},"1":{"name":"(anonymous_1)","decl":{"start":{"line":20,"column":21},"end":{"line":20,"column":22}},"loc":{"start":{"line":20,"column":30},"end":{"line":20,"column":76}},"line":20},"2":{"name":"(anonymous_2)","decl":{"start":{"line":38,"column":23},"end":{"line":38,"column":24}},"loc":{"start":{"line":38,"column":39},"end":{"line":43,"column":13}},"line":38},"3":{"name":"(anonymous_3)","decl":{"start":{"line":44,"column":21},"end":{"line":44,"column":22}},"loc":{"start":{"line":44,"column":27},"end":{"line":44,"column":126}},"line":44}},"branchMap":{},"s":{"0":1,"1":1,"2":0,"3":0,"4":0,"5":0,"6":1,"7":1},"f":{"0":0,"1":0,"2":0,"3":0},"b":{},"_coverageSchema":"1a1c01bbd47fc00a2c39e90264f33305004495a9","hash":"a49eca0777ed2cf31db60e090ba17550f758eb22"}
,"/Users/azeeze/Desktop/THETIPTOP_GAME/backend/src/models/winningTicket.js": {"path":"/Users/azeeze/Desktop/THETIPTOP_GAME/backend/src/models/winningTicket.js","statementMap":{"0":{"start":{"line":1,"column":17},"end":{"line":1,"column":36}},"1":{"start":{"line":3,"column":28},"end":{"line":11,"column":1}},"2":{"start":{"line":14,"column":0},"end":{"line":14,"column":70}}},"fnMap":{},"branchMap":{},"s":{"0":1,"1":1,"2":1},"f":{},"b":{},"_coverageSchema":"1a1c01bbd47fc00a2c39e90264f33305004495a9","hash":"854c5504aca6d41de9ad20624c63bf7dad653eae"}
,"/Users/azeeze/Desktop/THETIPTOP_GAME/backend/src/routes/authRoute.js": {"path":"/Users/azeeze/Desktop/THETIPTOP_GAME/backend/src/routes/authRoute.js","statementMap":{"0":{"start":{"line":1,"column":16},"end":{"line":1,"column":34}},"1":{"start":{"line":2,"column":15},"end":{"line":2,"column":31}},"2":{"start":{"line":3,"column":27},"end":{"line":3,"column":67}},"3":{"start":{"line":4,"column":73},"end":{"line":4,"column":113}},"4":{"start":{"line":8,"column":0},"end":{"line":8,"column":49}},"5":{"start":{"line":11,"column":0},"end":{"line":11,"column":43}},"6":{"start":{"line":14,"column":0},"end":{"line":14,"column":57}},"7":{"start":{"line":16,"column":0},"end":{"line":16,"column":24}}},"fnMap":{},"branchMap":{},"s":{"0":1,"1":1,"2":1,"3":1,"4":1,"5":1,"6":1,"7":1},"f":{},"b":{},"_coverageSchema":"1a1c01bbd47fc00a2c39e90264f33305004495a9","hash":"6ba5e8e00694de9c702ad5076bdded132d959a5c"}
,"/Users/azeeze/Desktop/THETIPTOP_GAME/backend/src/routes/contactRoute.js": {"path":"/Users/azeeze/Desktop/THETIPTOP_GAME/backend/src/routes/contactRoute.js","statementMap":{"0":{"start":{"line":3,"column":16},"end":{"line":3,"column":34}},"1":{"start":{"line":4,"column":15},"end":{"line":4,"column":31}},"2":{"start":{"line":7,"column":29},"end":{"line":7,"column":72}},"3":{"start":{"line":10,"column":0},"end":{"line":10,"column":35}},"4":{"start":{"line":12,"column":0},"end":{"line":12,"column":24}}},"fnMap":{},"branchMap":{},"s":{"0":1,"1":1,"2":1,"3":1,"4":1},"f":{},"b":{},"_coverageSchema":"1a1c01bbd47fc00a2c39e90264f33305004495a9","hash":"d7612b64ce0ea1ede4b4711f328258779b9087d2"}
,"/Users/azeeze/Desktop/THETIPTOP_GAME/backend/src/routes/gameRoute.js": {"path":"/Users/azeeze/Desktop/THETIPTOP_GAME/backend/src/routes/gameRoute.js","statementMap":{"0":{"start":{"line":1,"column":16},"end":{"line":1,"column":34}},"1":{"start":{"line":2,"column":15},"end":{"line":2,"column":31}},"2":{"start":{"line":3,"column":27},"end":{"line":3,"column":67}},"3":{"start":{"line":4,"column":31},"end":{"line":4,"column":75}},"4":{"start":{"line":5,"column":56},"end":{"line":5,"column":96}},"5":{"start":{"line":9,"column":0},"end":{"line":9,"column":88}},"6":{"start":{"line":12,"column":0},"end":{"line":12,"column":92}},"7":{"start":{"line":16,"column":0},"end":{"line":16,"column":24}}},"fnMap":{},"branchMap":{},"s":{"0":1,"1":1,"2":1,"3":1,"4":1,"5":1,"6":1,"7":1},"f":{},"b":{},"_coverageSchema":"1a1c01bbd47fc00a2c39e90264f33305004495a9","hash":"db6ad1f57a3e62979fcc3311eac8340ad3a2536b"}
,"/Users/azeeze/Desktop/THETIPTOP_GAME/backend/src/routes/userRoute.js": {"path":"/Users/azeeze/Desktop/THETIPTOP_GAME/backend/src/routes/userRoute.js","statementMap":{"0":{"start":{"line":1,"column":16},"end":{"line":1,"column":34}},"1":{"start":{"line":2,"column":15},"end":{"line":2,"column":31}},"2":{"start":{"line":17,"column":8},"end":{"line":17,"column":48}},"3":{"start":{"line":18,"column":27},"end":{"line":18,"column":67}},"4":{"start":{"line":19,"column":31},"end":{"line":19,"column":75}},"5":{"start":{"line":22,"column":0},"end":{"line":22,"column":69}},"6":{"start":{"line":25,"column":0},"end":{"line":25,"column":70}},"7":{"start":{"line":28,"column":0},"end":{"line":28,"column":71}},"8":{"start":{"line":31,"column":0},"end":{"line":31,"column":91}},"9":{"start":{"line":34,"column":0},"end":{"line":34,"column":72}},"10":{"start":{"line":38,"column":0},"end":{"line":38,"column":92}},"11":{"start":{"line":39,"column":0},"end":{"line":39,"column":107}},"12":{"start":{"line":40,"column":0},"end":{"line":40,"column":100}},"13":{"start":{"line":43,"column":0},"end":{"line":43,"column":108}},"14":{"start":{"line":48,"column":0},"end":{"line":48,"column":110}},"15":{"start":{"line":52,"column":0},"end":{"line":52,"column":108}},"16":{"start":{"line":54,"column":0},"end":{"line":54,"column":57}},"17":{"start":{"line":58,"column":0},"end":{"line":58,"column":24}}},"fnMap":{},"branchMap":{},"s":{"0":1,"1":1,"2":1,"3":1,"4":1,"5":1,"6":1,"7":1,"8":1,"9":1,"10":1,"11":1,"12":1,"13":1,"14":1,"15":1,"16":1,"17":1},"f":{},"b":{},"_coverageSchema":"1a1c01bbd47fc00a2c39e90264f33305004495a9","hash":"d02852eba47f3d8902a0b058533d71cc8332dde9"}
}
