TN:
SF:src\sampledb.js
FN:4,(anonymous_0)
FNF:1
FNH:0
FNDA:0,(anonymous_0)
DA:1,0
DA:2,0
DA:4,0
DA:5,0
DA:7,0
DA:9,0
DA:13,0
DA:19,0
DA:21,0
DA:22,0
DA:23,0
DA:27,0
LF:12
LH:0
BRDA:5,0,0,0
BRDA:5,0,1,0
BRDA:9,1,0,0
BRDA:9,1,1,0
BRDA:10,2,0,0
BRDA:10,2,1,0
BRDA:11,3,0,0
BRDA:11,3,1,0
BRDA:22,4,0,0
BRDA:22,4,1,0
BRF:10
BRH:0
end_of_record
TN:
SF:src\config\db.js
FN:4,(anonymous_0)
FNF:1
FNH:1
FNDA:1,(anonymous_0)
DA:1,1
DA:2,1
DA:4,1
DA:5,1
DA:7,1
DA:8,1
DA:12,1
DA:14,1
DA:19,1
DA:21,0
DA:22,0
DA:23,0
DA:27,1
LF:13
LH:10
BRDA:5,0,0,0
BRDA:5,0,1,1
BRDA:8,1,0,1
BRDA:8,1,1,0
BRDA:22,2,0,0
BRDA:22,2,1,0
BRF:6
BRH:2
end_of_record
TN:
SF:src\config\emailService.js
FN:7,(anonymous_0)
FN:28,(anonymous_1)
FN:72,(anonymous_2)
FN:114,(anonymous_3)
FN:157,(anonymous_4)
FN:195,(anonymous_5)
FN:230,(anonymous_6)
FNF:7
FNH:0
FNDA:0,(anonymous_0)
FNDA:0,(anonymous_1)
FNDA:0,(anonymous_2)
FNDA:0,(anonymous_3)
FNDA:0,(anonymous_4)
FNDA:0,(anonymous_5)
FNDA:0,(anonymous_6)
DA:1,0
DA:7,0
DA:8,0
DA:9,0
DA:10,0
DA:11,0
DA:13,0
DA:14,0
DA:28,0
DA:29,0
DA:59,0
DA:72,0
DA:73,0
DA:104,0
DA:114,0
DA:115,0
DA:142,0
DA:157,0
DA:158,0
DA:184,0
DA:195,0
DA:196,0
DA:219,0
DA:230,0
DA:231,0
DA:255,0
DA:258,0
LF:27
LH:0
BRF:0
BRH:0
end_of_record
TN:
SF:src\config\transporter.js
FNF:0
FNH:0
DA:1,0
DA:3,0
DA:11,0
LF:3
LH:0
BRF:0
BRH:0
end_of_record
TN:
SF:src\controllers\authController.js
FN:6,(anonymous_0)
FN:67,(anonymous_1)
FN:121,(anonymous_2)
FN:138,(anonymous_3)
FN:184,(anonymous_4)
FN:229,(anonymous_5)
FNF:6
FNH:1
FNDA:4,(anonymous_0)
FNDA:0,(anonymous_1)
FNDA:0,(anonymous_2)
FNDA:0,(anonymous_3)
FNDA:0,(anonymous_4)
FNDA:0,(anonymous_5)
DA:1,1
DA:2,1
DA:3,1
DA:4,1
DA:6,1
DA:7,4
DA:9,4
DA:10,4
DA:12,4
DA:13,0
DA:19,4
DA:20,1
DA:25,3
DA:27,3
DA:28,3
DA:29,1
DA:35,2
DA:36,2
DA:38,2
DA:50,2
DA:51,2
DA:53,2
DA:59,0
DA:67,1
DA:68,0
DA:69,0
DA:71,0
DA:72,0
DA:78,0
DA:79,0
DA:80,0
DA:81,0
DA:87,0
DA:88,0
DA:89,0
DA:95,0
DA:96,0
DA:97,0
DA:103,0
DA:110,0
DA:121,1
DA:122,0
DA:123,0
DA:124,0
DA:130,0
DA:138,1
DA:139,0
DA:141,0
DA:143,0
DA:144,0
DA:145,0
DA:152,0
DA:155,0
DA:156,0
DA:157,0
DA:160,0
DA:163,0
DA:169,0
DA:175,0
DA:176,0
DA:184,1
DA:185,0
DA:186,0
DA:188,0
DA:189,0
DA:195,0
DA:196,0
DA:201,0
DA:202,0
DA:208,0
DA:209,0
DA:211,0
DA:212,0
DA:213,0
DA:214,0
DA:216,0
DA:221,0
DA:229,1
DA:230,0
DA:232,0
DA:233,0
DA:239,0
DA:240,0
DA:243,0
DA:244,0
DA:245,0
DA:252,0
DA:253,0
DA:255,0
DA:256,0
DA:258,0
DA:263,0
DA:275,1
LF:93
LH:27
BRDA:12,0,0,0
BRDA:12,0,1,4
BRDA:12,1,0,4
BRDA:12,1,1,4
BRDA:12,1,2,4
BRDA:19,2,0,1
BRDA:19,2,1,3
BRDA:28,3,0,1
BRDA:28,3,1,2
BRDA:71,4,0,0
BRDA:71,4,1,0
BRDA:71,5,0,0
BRDA:71,5,1,0
BRDA:80,6,0,0
BRDA:80,6,1,0
BRDA:88,7,0,0
BRDA:88,7,1,0
BRDA:144,8,0,0
BRDA:144,8,1,0
BRDA:188,9,0,0
BRDA:188,9,1,0
BRDA:201,10,0,0
BRDA:201,10,1,0
BRDA:232,11,0,0
BRDA:232,11,1,0
BRDA:244,12,0,0
BRDA:244,12,1,0
BRF:27
BRH:8
end_of_record
TN:
SF:src\controllers\contactController.js
FN:3,(anonymous_0)
FNF:1
FNH:0
FNDA:0,(anonymous_0)
DA:1,1
DA:3,1
DA:4,0
DA:6,0
DA:8,0
DA:9,0
DA:16,0
DA:19,0
DA:21,0
DA:26,0
DA:27,0
DA:35,1
LF:12
LH:3
BRDA:8,0,0,0
BRDA:8,0,1,0
BRDA:8,1,0,0
BRDA:8,1,1,0
BRDA:8,1,2,0
BRDA:8,1,3,0
BRF:6
BRH:0
end_of_record
TN:
SF:src\controllers\gameController.js
FN:12,(anonymous_0)
FN:79,(anonymous_1)
FNF:2
FNH:0
FNDA:0,(anonymous_0)
FNDA:0,(anonymous_1)
DA:1,1
DA:2,1
DA:3,1
DA:9,1
DA:12,1
DA:13,0
DA:14,0
DA:15,0
DA:16,0
DA:18,0
DA:19,0
DA:21,0
DA:22,0
DA:28,0
DA:29,0
DA:30,0
DA:33,0
DA:34,0
DA:35,0
DA:41,0
DA:48,0
DA:49,0
DA:50,0
DA:52,0
DA:60,0
DA:68,0
DA:74,0
DA:79,1
DA:80,0
DA:109,0
DA:110,0
DA:111,0
DA:117,0
DA:118,0
DA:119,0
DA:125,0
DA:133,0
DA:140,0
DA:145,0
DA:151,1
LF:40
LH:7
BRDA:21,0,0,0
BRDA:21,0,1,0
BRDA:21,1,0,0
BRDA:21,1,1,0
BRDA:29,2,0,0
BRDA:29,2,1,0
BRDA:34,3,0,0
BRDA:34,3,1,0
BRDA:34,4,0,0
BRDA:34,4,1,0
BRDA:110,5,0,0
BRDA:110,5,1,0
BRDA:118,6,0,0
BRDA:118,6,1,0
BRF:14
BRH:0
end_of_record
TN:
SF:src\controllers\userController.js
FN:11,(anonymous_0)
FN:35,(anonymous_1)
FN:94,(anonymous_2)
FN:119,(anonymous_3)
FN:167,(anonymous_4)
FN:238,(anonymous_5)
FN:264,(anonymous_6)
FN:290,(anonymous_7)
FN:314,(anonymous_8)
FN:416,(anonymous_9)
FN:475,(anonymous_10)
FN:552,(anonymous_11)
FN:553,(anonymous_12)
FN:554,(anonymous_13)
FN:557,(anonymous_14)
FN:559,(anonymous_15)
FN:563,(anonymous_16)
FN:595,(anonymous_17)
FN:615,(anonymous_18)
FN:628,(anonymous_19)
FN:652,(anonymous_20)
FN:670,(anonymous_21)
FNF:22
FNH:0
FNDA:0,(anonymous_0)
FNDA:0,(anonymous_1)
FNDA:0,(anonymous_2)
FNDA:0,(anonymous_3)
FNDA:0,(anonymous_4)
FNDA:0,(anonymous_5)
FNDA:0,(anonymous_6)
FNDA:0,(anonymous_7)
FNDA:0,(anonymous_8)
FNDA:0,(anonymous_9)
FNDA:0,(anonymous_10)
FNDA:0,(anonymous_11)
FNDA:0,(anonymous_12)
FNDA:0,(anonymous_13)
FNDA:0,(anonymous_14)
FNDA:0,(anonymous_15)
FNDA:0,(anonymous_16)
FNDA:0,(anonymous_17)
FNDA:0,(anonymous_18)
FNDA:0,(anonymous_19)
FNDA:0,(anonymous_20)
FNDA:0,(anonymous_21)
DA:1,1
DA:2,1
DA:3,1
DA:4,1
DA:5,1
DA:6,1
DA:7,1
DA:11,1
DA:12,0
DA:13,0
DA:15,0
DA:16,0
DA:21,0
DA:27,0
DA:35,1
DA:36,0
DA:37,0
DA:41,0
DA:44,0
DA:45,0
DA:46,0
DA:50,0
DA:51,0
DA:57,0
DA:65,0
DA:66,0
DA:71,0
DA:77,0
DA:79,0
DA:80,0
DA:86,0
DA:94,1
DA:95,0
DA:96,0
DA:97,0
DA:98,0
DA:99,0
DA:104,0
DA:111,0
DA:119,1
DA:120,0
DA:121,0
DA:122,0
DA:123,0
DA:129,0
DA:130,0
DA:131,0
DA:137,0
DA:138,0
DA:144,0
DA:145,0
DA:146,0
DA:148,0
DA:150,0
DA:153,0
DA:159,0
DA:167,1
DA:168,0
DA:169,0
DA:171,0
DA:172,0
DA:179,0
DA:180,0
DA:181,0
DA:188,0
DA:189,0
DA:190,0
DA:197,0
DA:198,0
DA:205,0
DA:206,0
DA:213,0
DA:214,0
DA:217,0
DA:220,0
DA:224,0
DA:230,0
DA:238,1
DA:239,0
DA:240,0
DA:242,0
DA:243,0
DA:249,0
DA:256,0
DA:264,1
DA:265,0
DA:266,0
DA:268,0
DA:269,0
DA:275,0
DA:282,0
DA:290,1
DA:291,0
DA:292,0
DA:293,0
DA:294,0
DA:299,0
DA:306,0
DA:314,1
DA:315,0
DA:317,0
DA:319,0
DA:322,0
DA:323,0
DA:324,0
DA:331,0
DA:332,0
DA:339,0
DA:340,0
DA:341,0
DA:349,0
DA:350,0
DA:351,0
DA:352,0
DA:353,0
DA:354,0
DA:357,0
DA:358,0
DA:359,0
DA:363,0
DA:371,0
DA:372,0
DA:373,0
DA:377,0
DA:378,0
DA:385,0
DA:386,0
DA:387,0
DA:388,0
DA:393,0
DA:397,0
DA:403,0
DA:409,0
DA:416,1
DA:417,0
DA:419,0
DA:422,0
DA:426,0
DA:430,0
DA:437,0
DA:438,0
DA:439,0
DA:446,0
DA:450,0
DA:455,0
DA:459,0
DA:461,0
DA:467,0
DA:475,1
DA:476,0
DA:477,0
DA:480,0
DA:481,0
DA:488,0
DA:489,0
DA:490,0
DA:497,0
DA:507,0
DA:517,0
DA:523,0
DA:536,0
DA:538,0
DA:543,0
DA:544,0
DA:552,1
DA:553,0
DA:554,0
DA:555,0
DA:557,0
DA:559,0
DA:563,1
DA:564,0
DA:565,0
DA:566,0
DA:568,0
DA:570,0
DA:571,0
DA:572,0
DA:573,0
DA:580,0
DA:581,0
DA:582,0
DA:589,0
DA:595,0
DA:600,0
DA:601,0
DA:602,0
DA:609,0
DA:615,0
DA:619,0
DA:628,1
DA:629,0
DA:631,0
DA:634,0
DA:636,0
DA:637,0
DA:642,0
DA:644,0
DA:645,0
DA:652,1
DA:653,0
DA:654,0
DA:655,0
DA:656,0
DA:660,0
DA:662,0
DA:663,0
DA:670,1
DA:671,0
DA:672,0
DA:676,0
DA:679,0
DA:680,0
DA:688,0
DA:694,0
DA:695,0
DA:703,1
LF:217
LH:24
BRDA:15,0,0,0
BRDA:15,0,1,0
BRDA:45,1,0,0
BRDA:45,1,1,0
BRDA:46,2,0,0
BRDA:46,2,1,0
BRDA:50,3,0,0
BRDA:50,3,1,0
BRDA:65,4,0,0
BRDA:65,4,1,0
BRDA:79,5,0,0
BRDA:79,5,1,0
BRDA:98,6,0,0
BRDA:98,6,1,0
BRDA:122,7,0,0
BRDA:122,7,1,0
BRDA:122,8,0,0
BRDA:122,8,1,0
BRDA:122,8,2,0
BRDA:122,8,3,0
BRDA:130,9,0,0
BRDA:130,9,1,0
BRDA:137,10,0,0
BRDA:137,10,1,0
BRDA:171,11,0,0
BRDA:171,11,1,0
BRDA:171,12,0,0
BRDA:171,12,1,0
BRDA:171,12,2,0
BRDA:180,13,0,0
BRDA:180,13,1,0
BRDA:189,14,0,0
BRDA:189,14,1,0
BRDA:197,15,0,0
BRDA:197,15,1,0
BRDA:205,16,0,0
BRDA:205,16,1,0
BRDA:242,17,0,0
BRDA:242,17,1,0
BRDA:268,18,0,0
BRDA:268,18,1,0
BRDA:293,19,0,0
BRDA:293,19,1,0
BRDA:323,20,0,0
BRDA:323,20,1,0
BRDA:331,21,0,0
BRDA:331,21,1,0
BRDA:339,22,0,0
BRDA:339,22,1,0
BRDA:340,23,0,0
BRDA:340,23,1,0
BRDA:350,24,0,0
BRDA:350,24,1,0
BRDA:351,25,0,0
BRDA:351,25,1,0
BRDA:352,26,0,0
BRDA:352,26,1,0
BRDA:353,27,0,0
BRDA:353,27,1,0
BRDA:354,28,0,0
BRDA:354,28,1,0
BRDA:357,29,0,0
BRDA:357,29,1,0
BRDA:359,30,0,0
BRDA:359,30,1,0
BRDA:360,31,0,0
BRDA:360,31,1,0
BRDA:371,32,0,0
BRDA:371,32,1,0
BRDA:377,33,0,0
BRDA:377,33,1,0
BRDA:377,34,0,0
BRDA:377,34,1,0
BRDA:385,35,0,0
BRDA:385,35,1,0
BRDA:385,36,0,0
BRDA:385,36,1,0
BRDA:387,37,0,0
BRDA:387,37,1,0
BRDA:426,38,0,0
BRDA:426,38,1,0
BRDA:427,39,0,0
BRDA:427,39,1,0
BRDA:438,40,0,0
BRDA:438,40,1,0
BRDA:446,41,0,0
BRDA:446,41,1,0
BRDA:447,42,0,0
BRDA:447,42,1,0
BRDA:455,43,0,0
BRDA:455,43,1,0
BRDA:456,44,0,0
BRDA:456,44,1,0
BRDA:480,45,0,0
BRDA:480,45,1,0
BRDA:489,46,0,0
BRDA:489,46,1,0
BRDA:519,47,0,0
BRDA:519,47,1,0
BRDA:570,48,0,0
BRDA:570,48,1,0
BRDA:572,49,0,0
BRDA:572,49,1,0
BRDA:581,50,0,0
BRDA:581,50,1,0
BRDA:601,51,0,0
BRDA:601,51,1,0
BRDA:636,52,0,0
BRDA:636,52,1,0
BRDA:655,53,0,0
BRDA:655,53,1,0
BRDA:679,54,0,0
BRDA:679,54,1,0
BRDA:679,55,0,0
BRDA:679,55,1,0
BRF:115
BRH:0
end_of_record
TN:
SF:src\middlewares\authMiddleware.js
FN:4,(anonymous_0)
FNF:1
FNH:0
FNDA:0,(anonymous_0)
DA:1,1
DA:2,1
DA:4,1
DA:5,0
DA:6,0
DA:7,0
DA:8,0
DA:11,0
DA:12,0
DA:13,0
DA:15,0
DA:16,0
DA:18,0
DA:19,0
DA:21,0
DA:22,0
DA:25,0
DA:26,0
DA:28,0
DA:38,1
LF:20
LH:4
BRDA:7,0,0,0
BRDA:7,0,1,0
BRDA:21,1,0,0
BRDA:21,1,1,0
BRF:4
BRH:0
end_of_record
TN:
SF:src\middlewares\userTypeMiddleware.js
FN:2,(anonymous_0)
FN:3,(anonymous_1)
FNF:2
FNH:1
FNDA:8,(anonymous_0)
FNDA:0,(anonymous_1)
DA:2,1
DA:3,8
DA:4,0
DA:5,0
DA:10,0
DA:14,1
LF:6
LH:3
BRDA:4,0,0,0
BRDA:4,0,1,0
BRDA:4,1,0,0
BRDA:4,1,1,0
BRF:4
BRH:0
end_of_record
TN:
SF:src\models\gainsModel.js
FNF:0
FNH:0
DA:1,1
DA:4,1
DA:29,1
DA:31,1
LF:4
LH:4
BRF:0
BRH:0
end_of_record
TN:
SF:src\models\usersModel.js
FN:16,(anonymous_0)
FN:20,(anonymous_1)
FN:38,(anonymous_2)
FN:44,(anonymous_3)
FNF:4
FNH:2
FNDA:2,(anonymous_0)
FNDA:0,(anonymous_1)
FNDA:2,(anonymous_2)
FNDA:0,(anonymous_3)
DA:1,1
DA:3,1
DA:18,2
DA:20,0
DA:42,2
DA:44,0
DA:83,1
DA:85,1
LF:8
LH:6
BRF:0
BRH:0
end_of_record
TN:
SF:src\models\winningTicket.js
FNF:0
FNH:0
DA:1,1
DA:3,1
DA:14,1
LF:3
LH:3
BRF:0
BRH:0
end_of_record
TN:
SF:src\routes\authRoute.js
FNF:0
FNH:0
DA:1,1
DA:2,1
DA:3,1
DA:4,1
DA:8,1
DA:11,1
DA:14,1
DA:16,1
DA:18,1
DA:20,1
DA:22,1
LF:11
LH:11
BRF:0
BRH:0
end_of_record
TN:
SF:src\routes\contactRoute.js
FNF:0
FNH:0
DA:1,1
DA:2,1
DA:3,1
DA:6,1
DA:8,1
LF:5
LH:5
BRF:0
BRH:0
end_of_record
TN:
SF:src\routes\gameRoute.js
FNF:0
FNH:0
DA:1,1
DA:2,1
DA:3,1
DA:4,1
DA:5,1
DA:9,1
DA:12,1
DA:16,1
LF:8
LH:8
BRF:0
BRH:0
end_of_record
TN:
SF:src\routes\userRoute.js
FNF:0
FNH:0
DA:1,1
DA:2,1
DA:20,1
DA:21,1
DA:22,1
DA:24,1
DA:27,1
DA:30,1
DA:41,1
DA:44,1
DA:50,1
DA:56,1
DA:64,1
DA:72,1
DA:80,1
DA:87,1
DA:90,1
DA:92,1
DA:93,1
DA:95,1
LF:20
LH:20
BRF:0
BRH:0
end_of_record
