TN:
SF:server.js
FN:14,(anonymous_0)
FN:22,(anonymous_1)
FN:32,(anonymous_2)
FNF:3
FNH:1
FNDA:1,(anonymous_0)
FNDA:0,(anonymous_1)
FNDA:0,(anonymous_2)
DA:1,1
DA:2,1
DA:3,1
DA:4,1
DA:6,1
DA:7,1
DA:8,1
DA:9,1
DA:11,1
DA:12,1
DA:14,1
DA:15,1
DA:18,0
DA:19,0
DA:22,0
DA:23,0
DA:26,0
DA:27,0
DA:28,0
DA:29,0
DA:31,0
DA:32,0
DA:33,0
DA:38,1
DA:40,1
LF:25
LH:14
BRDA:12,0,0,1
BRDA:12,0,1,0
BRDA:31,1,0,0
BRDA:31,1,1,0
BRF:4
BRH:1
end_of_record
TN:
SF:src/db.js
FN:4,(anonymous_0)
FN:27,(anonymous_1)
FNF:2
FNH:1
FNDA:1,(anonymous_0)
FNDA:0,(anonymous_1)
DA:1,1
DA:2,1
DA:4,1
DA:5,1
DA:6,1
DA:8,1
DA:14,0
DA:16,1
DA:18,1
DA:19,1
DA:21,0
DA:27,1
DA:28,0
DA:29,0
DA:32,1
LF:15
LH:11
BRDA:6,0,0,1
BRDA:6,0,1,0
BRDA:18,1,0,1
BRDA:18,1,1,0
BRF:4
BRH:2
end_of_record
TN:
SF:src/config/emailService.js
FN:7,(anonymous_0)
FN:28,(anonymous_1)
FN:72,(anonymous_2)
FN:114,(anonymous_3)
FNF:4
FNH:0
FNDA:0,(anonymous_0)
FNDA:0,(anonymous_1)
FNDA:0,(anonymous_2)
FNDA:0,(anonymous_3)
DA:1,1
DA:7,1
DA:8,0
DA:9,0
DA:10,0
DA:11,0
DA:13,0
DA:14,0
DA:28,1
DA:29,0
DA:59,0
DA:72,1
DA:73,0
DA:104,0
DA:114,1
DA:115,0
DA:142,0
DA:146,1
LF:18
LH:6
BRF:0
BRH:0
end_of_record
TN:
SF:src/config/transporter.js
FNF:0
FNH:0
DA:1,1
DA:3,1
DA:11,1
LF:3
LH:3
BRF:0
BRH:0
end_of_record
TN:
SF:src/controllers/authController.js
FN:6,(anonymous_0)
FN:67,(anonymous_1)
FN:115,(anonymous_2)
FNF:3
FNH:0
FNDA:0,(anonymous_0)
FNDA:0,(anonymous_1)
FNDA:0,(anonymous_2)
DA:1,1
DA:2,1
DA:3,1
DA:4,1
DA:6,1
DA:7,0
DA:9,0
DA:10,0
DA:13,0
DA:14,0
DA:20,0
DA:21,0
DA:27,0
DA:28,0
DA:29,0
DA:35,0
DA:36,0
DA:38,0
DA:50,0
DA:51,0
DA:53,0
DA:59,0
DA:67,1
DA:68,0
DA:69,0
DA:71,0
DA:72,0
DA:78,0
DA:79,0
DA:80,0
DA:86,0
DA:87,0
DA:88,0
DA:94,0
DA:95,0
DA:97,0
DA:104,0
DA:115,1
DA:116,0
DA:117,0
DA:118,0
DA:124,0
DA:131,1
LF:43
LH:8
BRDA:13,0,0,0
BRDA:13,0,1,0
BRDA:13,1,0,0
BRDA:13,1,1,0
BRDA:13,1,2,0
BRDA:20,2,0,0
BRDA:20,2,1,0
BRDA:28,3,0,0
BRDA:28,3,1,0
BRDA:71,4,0,0
BRDA:71,4,1,0
BRDA:71,5,0,0
BRDA:71,5,1,0
BRDA:79,6,0,0
BRDA:79,6,1,0
BRDA:87,7,0,0
BRDA:87,7,1,0
BRF:17
BRH:0
end_of_record
TN:
SF:src/controllers/contactController.js
FN:23,(anonymous_0)
FNF:1
FNH:0
FNDA:0,(anonymous_0)
DA:3,1
DA:7,1
DA:23,1
DA:25,0
DA:28,0
DA:29,0
DA:33,0
DA:48,0
DA:50,0
DA:51,0
DA:52,0
DA:54,0
DA:55,0
DA:59,1
LF:14
LH:4
BRDA:28,0,0,0
BRDA:28,0,1,0
BRDA:28,1,0,0
BRDA:28,1,1,0
BRDA:28,1,2,0
BRF:5
BRH:0
end_of_record
TN:
SF:src/controllers/gameController.js
FN:12,(anonymous_0)
FN:96,(anonymous_1)
FNF:2
FNH:0
FNDA:0,(anonymous_0)
FNDA:0,(anonymous_1)
DA:1,1
DA:2,1
DA:3,1
DA:4,1
DA:5,1
DA:12,1
DA:13,0
DA:16,0
DA:19,0
DA:20,0
DA:21,0
DA:24,0
DA:25,0
DA:32,0
DA:33,0
DA:35,0
DA:36,0
DA:42,0
DA:44,0
DA:45,0
DA:51,0
DA:53,0
DA:54,0
DA:61,0
DA:69,0
DA:72,0
DA:73,0
DA:79,0
DA:81,0
DA:83,0
DA:88,0
DA:96,1
DA:97,0
DA:101,0
DA:102,0
DA:103,0
DA:106,0
DA:107,0
DA:113,0
DA:116,0
DA:117,0
DA:123,0
DA:124,0
DA:125,0
DA:131,0
DA:132,0
DA:133,0
DA:139,0
DA:141,0
DA:142,0
DA:147,0
DA:153,1
LF:52
LH:8
BRDA:35,0,0,0
BRDA:35,0,1,0
BRDA:35,1,0,0
BRDA:35,1,1,0
BRDA:44,2,0,0
BRDA:44,2,1,0
BRDA:53,3,0,0
BRDA:53,3,1,0
BRDA:53,4,0,0
BRDA:53,4,1,0
BRDA:116,5,0,0
BRDA:116,5,1,0
BRDA:124,6,0,0
BRDA:124,6,1,0
BRDA:132,7,0,0
BRDA:132,7,1,0
BRF:16
BRH:0
end_of_record
TN:
SF:src/controllers/userController.js
FN:10,(anonymous_0)
FN:34,(anonymous_1)
FN:53,(anonymous_2)
FN:54,(anonymous_3)
FN:100,(anonymous_4)
FN:127,(anonymous_5)
FN:176,(anonymous_6)
FN:249,(anonymous_7)
FN:276,(anonymous_8)
FN:303,(anonymous_9)
FN:329,(anonymous_10)
FN:425,(anonymous_11)
FN:481,(anonymous_12)
FN:553,(anonymous_13)
FN:554,(anonymous_14)
FN:555,(anonymous_15)
FN:558,(anonymous_16)
FN:560,(anonymous_17)
FN:564,(anonymous_18)
FN:595,(anonymous_19)
FN:614,(anonymous_20)
FNF:21
FNH:0
FNDA:0,(anonymous_0)
FNDA:0,(anonymous_1)
FNDA:0,(anonymous_2)
FNDA:0,(anonymous_3)
FNDA:0,(anonymous_4)
FNDA:0,(anonymous_5)
FNDA:0,(anonymous_6)
FNDA:0,(anonymous_7)
FNDA:0,(anonymous_8)
FNDA:0,(anonymous_9)
FNDA:0,(anonymous_10)
FNDA:0,(anonymous_11)
FNDA:0,(anonymous_12)
FNDA:0,(anonymous_13)
FNDA:0,(anonymous_14)
FNDA:0,(anonymous_15)
FNDA:0,(anonymous_16)
FNDA:0,(anonymous_17)
FNDA:0,(anonymous_18)
FNDA:0,(anonymous_19)
FNDA:0,(anonymous_20)
DA:1,1
DA:2,1
DA:3,1
DA:4,1
DA:5,1
DA:6,1
DA:10,1
DA:11,0
DA:12,0
DA:14,0
DA:15,0
DA:20,0
DA:26,0
DA:34,1
DA:35,0
DA:37,0
DA:40,0
DA:42,0
DA:45,0
DA:46,0
DA:52,0
DA:53,0
DA:55,0
DA:56,0
DA:60,0
DA:61,0
DA:62,0
DA:63,0
DA:71,0
DA:77,0
DA:78,0
DA:84,0
DA:91,0
DA:100,1
DA:101,0
DA:102,0
DA:103,0
DA:104,0
DA:105,0
DA:110,0
DA:117,0
DA:127,1
DA:128,0
DA:129,0
DA:130,0
DA:131,0
DA:137,0
DA:138,0
DA:139,0
DA:145,0
DA:146,0
DA:152,0
DA:153,0
DA:154,0
DA:156,0
DA:158,0
DA:161,0
DA:168,0
DA:176,1
DA:177,0
DA:178,0
DA:180,0
DA:181,0
DA:188,0
DA:189,0
DA:190,0
DA:197,0
DA:198,0
DA:199,0
DA:206,0
DA:207,0
DA:214,0
DA:215,0
DA:222,0
DA:223,0
DA:226,0
DA:229,0
DA:233,0
DA:240,0
DA:249,1
DA:250,0
DA:251,0
DA:253,0
DA:254,0
DA:260,0
DA:267,0
DA:276,1
DA:277,0
DA:278,0
DA:280,0
DA:281,0
DA:287,0
DA:294,0
DA:303,1
DA:304,0
DA:305,0
DA:306,0
DA:307,0
DA:312,0
DA:320,0
DA:329,1
DA:330,0
DA:332,0
DA:333,0
DA:336,0
DA:337,0
DA:338,0
DA:345,0
DA:346,0
DA:353,0
DA:354,0
DA:355,0
DA:363,0
DA:364,0
DA:365,0
DA:366,0
DA:367,0
DA:368,0
DA:371,0
DA:372,0
DA:373,0
DA:374,0
DA:382,0
DA:383,0
DA:384,0
DA:388,0
DA:389,0
DA:396,0
DA:397,0
DA:398,0
DA:399,0
DA:404,0
DA:409,0
DA:411,0
DA:418,0
DA:425,1
DA:426,0
DA:428,0
DA:431,0
DA:435,0
DA:436,0
DA:443,0
DA:444,0
DA:445,0
DA:452,0
DA:453,0
DA:458,0
DA:461,0
DA:465,0
DA:473,0
DA:481,1
DA:482,0
DA:483,0
DA:486,0
DA:487,0
DA:494,0
DA:495,0
DA:496,0
DA:503,0
DA:511,0
DA:521,0
DA:524,0
DA:537,0
DA:539,0
DA:544,0
DA:545,0
DA:553,1
DA:554,0
DA:555,0
DA:556,0
DA:558,0
DA:560,0
DA:564,1
DA:565,0
DA:566,0
DA:567,0
DA:569,0
DA:571,0
DA:572,0
DA:573,0
DA:574,0
DA:581,0
DA:582,0
DA:583,0
DA:590,0
DA:595,0
DA:600,0
DA:601,0
DA:602,0
DA:609,0
DA:614,0
DA:619,0
DA:631,1
LF:193
LH:20
BRDA:14,0,0,0
BRDA:14,0,1,0
BRDA:45,1,0,0
BRDA:45,1,1,0
BRDA:45,2,0,0
BRDA:45,2,1,0
BRDA:60,3,0,0
BRDA:60,3,1,0
BRDA:62,4,0,0
BRDA:62,4,1,0
BRDA:62,5,0,0
BRDA:62,5,1,0
BRDA:77,6,0,0
BRDA:77,6,1,0
BRDA:104,7,0,0
BRDA:104,7,1,0
BRDA:130,8,0,0
BRDA:130,8,1,0
BRDA:130,9,0,0
BRDA:130,9,1,0
BRDA:130,9,2,0
BRDA:130,9,3,0
BRDA:138,10,0,0
BRDA:138,10,1,0
BRDA:145,11,0,0
BRDA:145,11,1,0
BRDA:180,12,0,0
BRDA:180,12,1,0
BRDA:180,13,0,0
BRDA:180,13,1,0
BRDA:180,13,2,0
BRDA:189,14,0,0
BRDA:189,14,1,0
BRDA:198,15,0,0
BRDA:198,15,1,0
BRDA:206,16,0,0
BRDA:206,16,1,0
BRDA:214,17,0,0
BRDA:214,17,1,0
BRDA:253,18,0,0
BRDA:253,18,1,0
BRDA:280,19,0,0
BRDA:280,19,1,0
BRDA:306,20,0,0
BRDA:306,20,1,0
BRDA:337,21,0,0
BRDA:337,21,1,0
BRDA:345,22,0,0
BRDA:345,22,1,0
BRDA:353,23,0,0
BRDA:353,23,1,0
BRDA:354,24,0,0
BRDA:354,24,1,0
BRDA:364,25,0,0
BRDA:364,25,1,0
BRDA:365,26,0,0
BRDA:365,26,1,0
BRDA:366,27,0,0
BRDA:366,27,1,0
BRDA:367,28,0,0
BRDA:367,28,1,0
BRDA:368,29,0,0
BRDA:368,29,1,0
BRDA:371,30,0,0
BRDA:371,30,1,0
BRDA:373,31,0,0
BRDA:373,31,1,0
BRDA:373,32,0,0
BRDA:373,32,1,0
BRDA:382,33,0,0
BRDA:382,33,1,0
BRDA:388,34,0,0
BRDA:388,34,1,0
BRDA:388,35,0,0
BRDA:388,35,1,0
BRDA:396,36,0,0
BRDA:396,36,1,0
BRDA:396,37,0,0
BRDA:396,37,1,0
BRDA:398,38,0,0
BRDA:398,38,1,0
BRDA:435,39,0,0
BRDA:435,39,1,0
BRDA:435,40,0,0
BRDA:435,40,1,0
BRDA:444,41,0,0
BRDA:444,41,1,0
BRDA:452,42,0,0
BRDA:452,42,1,0
BRDA:452,43,0,0
BRDA:452,43,1,0
BRDA:458,44,0,0
BRDA:458,44,1,0
BRDA:458,45,0,0
BRDA:458,45,1,0
BRDA:486,46,0,0
BRDA:486,46,1,0
BRDA:495,47,0,0
BRDA:495,47,1,0
BRDA:521,48,0,0
BRDA:521,48,1,0
BRDA:571,49,0,0
BRDA:571,49,1,0
BRDA:573,50,0,0
BRDA:573,50,1,0
BRDA:582,51,0,0
BRDA:582,51,1,0
BRDA:601,52,0,0
BRDA:601,52,1,0
BRF:109
BRH:0
end_of_record
TN:
SF:src/middlewares/authMiddleware.js
FN:4,(anonymous_0)
FN:15,(anonymous_1)
FNF:2
FNH:0
FNDA:0,(anonymous_0)
FNDA:0,(anonymous_1)
DA:1,1
DA:2,1
DA:4,1
DA:5,0
DA:6,0
DA:7,0
DA:8,0
DA:15,0
DA:16,0
DA:17,0
DA:25,0
DA:26,0
DA:27,0
DA:33,0
DA:34,0
DA:37,0
DA:45,1
LF:17
LH:4
BRDA:7,0,0,0
BRDA:7,0,1,0
BRDA:16,1,0,0
BRDA:16,1,1,0
BRDA:26,2,0,0
BRDA:26,2,1,0
BRF:6
BRH:0
end_of_record
TN:
SF:src/middlewares/userTypeMiddleware.js
FN:2,(anonymous_0)
FN:3,(anonymous_1)
FNF:2
FNH:1
FNDA:9,(anonymous_0)
FNDA:0,(anonymous_1)
DA:2,1
DA:3,9
DA:4,0
DA:5,0
DA:10,0
DA:14,1
LF:6
LH:3
BRDA:4,0,0,0
BRDA:4,0,1,0
BRDA:4,1,0,0
BRDA:4,1,1,0
BRF:4
BRH:0
end_of_record
TN:
SF:src/models/gainsModel.js
FNF:0
FNH:0
DA:1,1
DA:4,1
DA:29,1
DA:31,1
LF:4
LH:4
BRF:0
BRH:0
end_of_record
TN:
SF:src/models/usersModel.js
FN:16,(anonymous_0)
FN:20,(anonymous_1)
FN:38,(anonymous_2)
FN:44,(anonymous_3)
FNF:4
FNH:0
FNDA:0,(anonymous_0)
FNDA:0,(anonymous_1)
FNDA:0,(anonymous_2)
FNDA:0,(anonymous_3)
DA:1,1
DA:3,1
DA:18,0
DA:20,0
DA:42,0
DA:44,0
DA:74,1
DA:76,1
LF:8
LH:4
BRF:0
BRH:0
end_of_record
TN:
SF:src/models/winningTicket.js
FNF:0
FNH:0
DA:1,1
DA:3,1
DA:14,1
LF:3
LH:3
BRF:0
BRH:0
end_of_record
TN:
SF:src/routes/authRoute.js
FNF:0
FNH:0
DA:1,1
DA:2,1
DA:3,1
DA:4,1
DA:8,1
DA:11,1
DA:14,1
DA:16,1
LF:8
LH:8
BRF:0
BRH:0
end_of_record
TN:
SF:src/routes/contactRoute.js
FNF:0
FNH:0
DA:3,1
DA:4,1
DA:7,1
DA:10,1
DA:12,1
LF:5
LH:5
BRF:0
BRH:0
end_of_record
TN:
SF:src/routes/gameRoute.js
FNF:0
FNH:0
DA:1,1
DA:2,1
DA:3,1
DA:4,1
DA:5,1
DA:9,1
DA:12,1
DA:16,1
LF:8
LH:8
BRF:0
BRH:0
end_of_record
TN:
SF:src/routes/userRoute.js
FNF:0
FNH:0
DA:1,1
DA:2,1
DA:17,1
DA:18,1
DA:19,1
DA:22,1
DA:25,1
DA:28,1
DA:31,1
DA:34,1
DA:38,1
DA:39,1
DA:40,1
DA:43,1
DA:48,1
DA:52,1
DA:54,1
DA:58,1
LF:18
LH:18
BRF:0
BRH:0
end_of_record
